Thu Jul 28 12:23:37 2016				Page     1

Photoplot log file
Results from aperture table.


INPUT-UNITS     INCHES

WHEEL     1

LINE               4            D55
LINE               5            D61
LINE               6            D56
LINE               8            D57
LINE              10            D58
LINE              20            D60
LINE              25            D59
CIRCLE       0.00000            D21
CIRCLE            20            D20
CIRCLE            60            D39
CIRCLE            65            D40
CIRCLE            70            D41
CIRCLE            80            D38
CIRCLE            90            D16
CIRCLE           100            D17
CIRCLE           110            D15
CIRCLE           120            D19
CIRCLE           128            D18
CIRCLE           130            D14
RECTANGLE         20        60   0.00000  D23
RECTANGLE         25        65   0.00000  D25
RECTANGLE         35       150   0.00000  D31
RECTANGLE         40        60   0.00000  D27
RECTANGLE         42        85   0.00000  D37
RECTANGLE      47.24     98.43   0.00000  D45
RECTANGLE         50        60   0.00000  D51
RECTANGLE         55        65   0.00000  D53
RECTANGLE      55.12     106.3   0.00000  D47
RECTANGLE         60        20   0.00000  D22
RECTANGLE         60        40   0.00000  D26
RECTANGLE         60        50   0.00000  D52
RECTANGLE         60        80   0.00000  D29
RECTANGLE         65        25   0.00000  D24
RECTANGLE         65        55   0.00000  D54
RECTANGLE         70        80   0.00000  D49
RECTANGLE         80        60   0.00000  D28
RECTANGLE         80        70   0.00000  D50
RECTANGLE         85        42   0.00000  D36
RECTANGLE      98.43     47.24   0.00000  D46
RECTANGLE      106.3     55.12   0.00000  D48
RECTANGLE        120       170   0.00000  D10
RECTANGLE        130       180   0.00000  D44
RECTANGLE        135       185   0.00000  D12
RECTANGLE        150        35   0.00000  D30
RECTANGLE        170       120   0.00000  D11
RECTANGLE        180       130   0.00000  D43
RECTANGLE        185       135   0.00000  D13
Thu Jul 28 12:23:37 2016				Page     2

Photoplot log file
Results from aperture table.

RECTANGLE        200       200   0.00000  D42
RECTANGLE        250       300   0.00000  D33
RECTANGLE        270       320   0.00000  D35
RECTANGLE        300       250   0.00000  D32
RECTANGLE        320       270   0.00000  D34

