A!SUBCLASS!RECORD_TAG!REFDES!COMP_PACKAGE!COMP_PART_NUMBER!SYM_NAME!SYM_X!SYM_Y!SYM_ROTATE!SYM_MIRROR!GRAPHIC_DATA_NAME!GRAPHIC_DATA_1!GRAPHIC_DATA_2!GRAPHIC_DATA_3!GRAPHIC_DATA_4!GRAPHIC_DATA_5!GRAPHIC_DATA_6!GRAPHIC_DATA_7!GRAPHIC_DATA_8!GRAPHIC_DATA_9!GRAPHIC_DATA_10!PACKAGE_HEIGHT_MIN!PACKAGE_HEIGHT_MAX!SYM_HAS_PIN_EDIT!SYM_DFA_DEV_CLASS!COMP_PACKAGE_HEIGHT_MIN!COMP_PACKAGE_HEIGHT_MAX!
J!F:/CP_SMARTGARDEN/ORCAD/ALLEGRO/ALLEGRO/CC1310LAUNCHPAD2.brd!Fri Jul 29 09:52:39 2016!0.00!0.00!34000.00!22000.00!0.01!mils!CC1310LAUNCHPAD!10.400000 mil!2!OUT OF DATE!
S!ASSEMBLY_TOP!1037 1!U17!DC002POWER!!DC002POWER!14940.00!8595.00!0.000!NO!LINE!14690.00!8420.00!15190.00!8420.00!0.00!!!!!NOTCONNECT!!!NO!!!!
S!ASSEMBLY_TOP!1037 2!U17!DC002POWER!!DC002POWER!14940.00!8595.00!0.000!NO!LINE!15190.00!8420.00!15190.00!8770.00!0.00!!!!!NOTCONNECT!!!NO!!!!
S!ASSEMBLY_TOP!1037 3!U17!DC002POWER!!DC002POWER!14940.00!8595.00!0.000!NO!LINE!15190.00!8770.00!14690.00!8770.00!0.00!!!!!NOTCONNECT!!!NO!!!!
S!ASSEMBLY_TOP!1037 4!U17!DC002POWER!!DC002POWER!14940.00!8595.00!0.000!NO!LINE!14690.00!8770.00!14690.00!8420.00!0.00!!!!!NOTCONNECT!!!NO!!!!
S!PLACE_BOUND_TOP!1039 1!U17!DC002POWER!!DC002POWER!14940.00!8595.00!0.000!NO!RECTANGLE!14690.00!8370.00!15205.00!8770.00!1!!!!!!!!NO!!!!
S!ASSEMBLY_TOP!1043 1!C9!C2312!!C2312!16510.00!8015.00!270.000!NO!LINE!16385.00!8101.00!16385.00!7929.00!0.00!!!!!NOTCONNECT!!!NO!!!!
S!ASSEMBLY_TOP!1043 2!C9!C2312!!C2312!16510.00!8015.00!270.000!NO!LINE!16385.00!7929.00!16635.00!7929.00!0.00!!!!!NOTCONNECT!!!NO!!!!
S!ASSEMBLY_TOP!1043 3!C9!C2312!!C2312!16510.00!8015.00!270.000!NO!LINE!16635.00!7929.00!16635.00!8101.00!0.00!!!!!NOTCONNECT!!!NO!!!!
S!ASSEMBLY_TOP!1043 4!C9!C2312!!C2312!16510.00!8015.00!270.000!NO!LINE!16635.00!8101.00!16385.00!8101.00!0.00!!!!!NOTCONNECT!!!NO!!!!
S!PLACE_BOUND_TOP!1045 1 0!C9!C2312!!C2312!16510.00!8015.00!270.000!NO!LINE!16385.00!8201.00!16385.00!7829.00!0.00!!!!!SHAPE!!!NO!!!!
S!PLACE_BOUND_TOP!1045 2 0!C9!C2312!!C2312!16510.00!8015.00!270.000!NO!LINE!16385.00!7829.00!16635.00!7829.00!0.00!!!!!SHAPE!!!NO!!!!
S!PLACE_BOUND_TOP!1045 3 0!C9!C2312!!C2312!16510.00!8015.00!270.000!NO!LINE!16635.00!7829.00!16635.00!8201.00!0.00!!!!!SHAPE!!!NO!!!!
S!PLACE_BOUND_TOP!1045 4 0!C9!C2312!!C2312!16510.00!8015.00!270.000!NO!LINE!16635.00!8201.00!16385.00!8201.00!0.00!!!!!SHAPE!!!NO!!!!
S!ASSEMBLY_TOP!1049 1!C8!C2312!!C2312!15435.00!8375.00!270.000!NO!LINE!15310.00!8461.00!15310.00!8289.00!0.00!!!!!NOTCONNECT!!!NO!!!!
S!ASSEMBLY_TOP!1049 2!C8!C2312!!C2312!15435.00!8375.00!270.000!NO!LINE!15310.00!8289.00!15560.00!8289.00!0.00!!!!!NOTCONNECT!!!NO!!!!
S!ASSEMBLY_TOP!1049 3!C8!C2312!!C2312!15435.00!8375.00!270.000!NO!LINE!15560.00!8289.00!15560.00!8461.00!0.00!!!!!NOTCONNECT!!!NO!!!!
S!ASSEMBLY_TOP!1049 4!C8!C2312!!C2312!15435.00!8375.00!270.000!NO!LINE!15560.00!8461.00!15310.00!8461.00!0.00!!!!!NOTCONNECT!!!NO!!!!
S!PLACE_BOUND_TOP!1051 1 0!C8!C2312!!C2312!15435.00!8375.00!270.000!NO!LINE!15310.00!8561.00!15310.00!8189.00!0.00!!!!!SHAPE!!!NO!!!!
S!PLACE_BOUND_TOP!1051 2 0!C8!C2312!!C2312!15435.00!8375.00!270.000!NO!LINE!15310.00!8189.00!15560.00!8189.00!0.00!!!!!SHAPE!!!NO!!!!
S!PLACE_BOUND_TOP!1051 3 0!C8!C2312!!C2312!15435.00!8375.00!270.000!NO!LINE!15560.00!8189.00!15560.00!8561.00!0.00!!!!!SHAPE!!!NO!!!!
S!PLACE_BOUND_TOP!1051 4 0!C8!C2312!!C2312!15435.00!8375.00!270.000!NO!LINE!15560.00!8561.00!15310.00!8561.00!0.00!!!!!SHAPE!!!NO!!!!
S!ASSEMBLY_TOP!1055 1!U18!USBFEMALE!!USBFEMALE!15795.00!8935.00!90.000!NO!LINE!16105.00!8650.00!16105.00!9220.00!0.00!!!!!NOTCONNECT!!!NO!!!!
S!ASSEMBLY_TOP!1055 2!U18!USBFEMALE!!USBFEMALE!15795.00!8935.00!90.000!NO!LINE!16105.00!9220.00!15485.00!9220.00!0.00!!!!!NOTCONNECT!!!NO!!!!
S!ASSEMBLY_TOP!1055 3!U18!USBFEMALE!!USBFEMALE!15795.00!8935.00!90.000!NO!LINE!15485.00!9220.00!15485.00!8650.00!0.00!!!!!NOTCONNECT!!!NO!!!!
S!ASSEMBLY_TOP!1055 4!U18!USBFEMALE!!USBFEMALE!15795.00!8935.00!90.000!NO!LINE!15485.00!8650.00!16105.00!8650.00!0.00!!!!!NOTCONNECT!!!NO!!!!
S!PLACE_BOUND_TOP!1057 1 0!U18!USBFEMALE!!USBFEMALE!15795.00!8935.00!90.000!NO!LINE!16105.00!8650.00!16105.00!9220.00!0.00!!!!!SHAPE!!!NO!!!!
S!PLACE_BOUND_TOP!1057 2 0!U18!USBFEMALE!!USBFEMALE!15795.00!8935.00!90.000!NO!LINE!16105.00!9220.00!15485.00!9220.00!0.00!!!!!SHAPE!!!NO!!!!
S!PLACE_BOUND_TOP!1057 3 0!U18!USBFEMALE!!USBFEMALE!15795.00!8935.00!90.000!NO!LINE!15485.00!9220.00!15485.00!8650.00!0.00!!!!!SHAPE!!!NO!!!!
S!PLACE_BOUND_TOP!1057 4 0!U18!USBFEMALE!!USBFEMALE!15795.00!8935.00!90.000!NO!LINE!15485.00!8650.00!16105.00!8650.00!0.00!!!!!SHAPE!!!NO!!!!
S!ASSEMBLY_TOP!1061 1!LS6!HK33F!!HK33F!16665.00!6520.00!0.000!NO!LINE!16270.00!6210.00!17060.00!6210.00!0.00!!!!!NOTCONNECT!!!NO!!!!
S!ASSEMBLY_TOP!1061 2!LS6!HK33F!!HK33F!16665.00!6520.00!0.000!NO!LINE!17060.00!6210.00!17060.00!6830.00!0.00!!!!!NOTCONNECT!!!NO!!!!
S!ASSEMBLY_TOP!1061 3!LS6!HK33F!!HK33F!16665.00!6520.00!0.000!NO!LINE!17060.00!6830.00!16270.00!6830.00!0.00!!!!!NOTCONNECT!!!NO!!!!
S!ASSEMBLY_TOP!1061 4!LS6!HK33F!!HK33F!16665.00!6520.00!0.000!NO!LINE!16270.00!6830.00!16270.00!6210.00!0.00!!!!!NOTCONNECT!!!NO!!!!
S!PLACE_BOUND_TOP!1063 1!LS6!HK33F!!HK33F!16665.00!6520.00!0.000!NO!RECTANGLE!16270.00!6210.00!17060.00!6830.00!1!!!!!!!!NO!!!!
S!ASSEMBLY_TOP!1067 1!LS7!HK33F!!HK33F!17895.00!6205.00!180.000!NO!LINE!18290.00!6515.00!17500.00!6515.00!0.00!!!!!NOTCONNECT!!!NO!!!!
S!ASSEMBLY_TOP!1067 2!LS7!HK33F!!HK33F!17895.00!6205.00!180.000!NO!LINE!17500.00!6515.00!17500.00!5895.00!0.00!!!!!NOTCONNECT!!!NO!!!!
S!ASSEMBLY_TOP!1067 3!LS7!HK33F!!HK33F!17895.00!6205.00!180.000!NO!LINE!17500.00!5895.00!18290.00!5895.00!0.00!!!!!NOTCONNECT!!!NO!!!!
S!ASSEMBLY_TOP!1067 4!LS7!HK33F!!HK33F!17895.00!6205.00!180.000!NO!LINE!18290.00!5895.00!18290.00!6515.00!0.00!!!!!NOTCONNECT!!!NO!!!!
S!PLACE_BOUND_TOP!1069 1 0!LS7!HK33F!!HK33F!17895.00!6205.00!180.000!NO!LINE!18290.00!6515.00!17500.00!6515.00!0.00!!!!!SHAPE!!!NO!!!!
S!PLACE_BOUND_TOP!1069 2 0!LS7!HK33F!!HK33F!17895.00!6205.00!180.000!NO!LINE!17500.00!6515.00!17500.00!5895.00!0.00!!!!!SHAPE!!!NO!!!!
S!PLACE_BOUND_TOP!1069 3 0!LS7!HK33F!!HK33F!17895.00!6205.00!180.000!NO!LINE!17500.00!5895.00!18290.00!5895.00!0.00!!!!!SHAPE!!!NO!!!!
S!PLACE_BOUND_TOP!1069 4 0!LS7!HK33F!!HK33F!17895.00!6205.00!180.000!NO!LINE!18290.00!5895.00!18290.00!6515.00!0.00!!!!!SHAPE!!!NO!!!!
S!ASSEMBLY_TOP!1073 1!LS4!HK33F!!HK33F!17895.00!6870.00!180.000!NO!LINE!18290.00!7180.00!17500.00!7180.00!0.00!!!!!NOTCONNECT!!!NO!!!!
S!ASSEMBLY_TOP!1073 2!LS4!HK33F!!HK33F!17895.00!6870.00!180.000!NO!LINE!17500.00!7180.00!17500.00!6560.00!0.00!!!!!NOTCONNECT!!!NO!!!!
S!ASSEMBLY_TOP!1073 3!LS4!HK33F!!HK33F!17895.00!6870.00!180.000!NO!LINE!17500.00!6560.00!18290.00!6560.00!0.00!!!!!NOTCONNECT!!!NO!!!!
S!ASSEMBLY_TOP!1073 4!LS4!HK33F!!HK33F!17895.00!6870.00!180.000!NO!LINE!18290.00!6560.00!18290.00!7180.00!0.00!!!!!NOTCONNECT!!!NO!!!!
S!PLACE_BOUND_TOP!1075 1 0!LS4!HK33F!!HK33F!17895.00!6870.00!180.000!NO!LINE!18290.00!7180.00!17500.00!7180.00!0.00!!!!!SHAPE!!!NO!!!!
S!PLACE_BOUND_TOP!1075 2 0!LS4!HK33F!!HK33F!17895.00!6870.00!180.000!NO!LINE!17500.00!7180.00!17500.00!6560.00!0.00!!!!!SHAPE!!!NO!!!!
S!PLACE_BOUND_TOP!1075 3 0!LS4!HK33F!!HK33F!17895.00!6870.00!180.000!NO!LINE!17500.00!6560.00!18290.00!6560.00!0.00!!!!!SHAPE!!!NO!!!!
S!PLACE_BOUND_TOP!1075 4 0!LS4!HK33F!!HK33F!17895.00!6870.00!180.000!NO!LINE!18290.00!6560.00!18290.00!7180.00!0.00!!!!!SHAPE!!!NO!!!!
S!ASSEMBLY_TOP!1079 1!LS5!HK33F!!HK33F!17895.00!7530.00!180.000!NO!LINE!18290.00!7840.00!17500.00!7840.00!0.00!!!!!NOTCONNECT!!!NO!!!!
S!ASSEMBLY_TOP!1079 2!LS5!HK33F!!HK33F!17895.00!7530.00!180.000!NO!LINE!17500.00!7840.00!17500.00!7220.00!0.00!!!!!NOTCONNECT!!!NO!!!!
S!ASSEMBLY_TOP!1079 3!LS5!HK33F!!HK33F!17895.00!7530.00!180.000!NO!LINE!17500.00!7220.00!18290.00!7220.00!0.00!!!!!NOTCONNECT!!!NO!!!!
S!ASSEMBLY_TOP!1079 4!LS5!HK33F!!HK33F!17895.00!7530.00!180.000!NO!LINE!18290.00!7220.00!18290.00!7840.00!0.00!!!!!NOTCONNECT!!!NO!!!!
S!PLACE_BOUND_TOP!1081 1 0!LS5!HK33F!!HK33F!17895.00!7530.00!180.000!NO!LINE!18290.00!7840.00!17500.00!7840.00!0.00!!!!!SHAPE!!!NO!!!!
S!PLACE_BOUND_TOP!1081 2 0!LS5!HK33F!!HK33F!17895.00!7530.00!180.000!NO!LINE!17500.00!7840.00!17500.00!7220.00!0.00!!!!!SHAPE!!!NO!!!!
S!PLACE_BOUND_TOP!1081 3 0!LS5!HK33F!!HK33F!17895.00!7530.00!180.000!NO!LINE!17500.00!7220.00!18290.00!7220.00!0.00!!!!!SHAPE!!!NO!!!!
S!PLACE_BOUND_TOP!1081 4 0!LS5!HK33F!!HK33F!17895.00!7530.00!180.000!NO!LINE!18290.00!7220.00!18290.00!7840.00!0.00!!!!!SHAPE!!!NO!!!!
S!ASSEMBLY_TOP!1085 1!LS1!HK33F!!HK33F!17895.00!8180.00!180.000!NO!LINE!18290.00!8490.00!17500.00!8490.00!0.00!!!!!NOTCONNECT!!!NO!!!!
S!ASSEMBLY_TOP!1085 2!LS1!HK33F!!HK33F!17895.00!8180.00!180.000!NO!LINE!17500.00!8490.00!17500.00!7870.00!0.00!!!!!NOTCONNECT!!!NO!!!!
S!ASSEMBLY_TOP!1085 3!LS1!HK33F!!HK33F!17895.00!8180.00!180.000!NO!LINE!17500.00!7870.00!18290.00!7870.00!0.00!!!!!NOTCONNECT!!!NO!!!!
S!ASSEMBLY_TOP!1085 4!LS1!HK33F!!HK33F!17895.00!8180.00!180.000!NO!LINE!18290.00!7870.00!18290.00!8490.00!0.00!!!!!NOTCONNECT!!!NO!!!!
S!PLACE_BOUND_TOP!1087 1 0!LS1!HK33F!!HK33F!17895.00!8180.00!180.000!NO!LINE!18290.00!8490.00!17500.00!8490.00!0.00!!!!!SHAPE!!!NO!!!!
S!PLACE_BOUND_TOP!1087 2 0!LS1!HK33F!!HK33F!17895.00!8180.00!180.000!NO!LINE!17500.00!8490.00!17500.00!7870.00!0.00!!!!!SHAPE!!!NO!!!!
S!PLACE_BOUND_TOP!1087 3 0!LS1!HK33F!!HK33F!17895.00!8180.00!180.000!NO!LINE!17500.00!7870.00!18290.00!7870.00!0.00!!!!!SHAPE!!!NO!!!!
S!PLACE_BOUND_TOP!1087 4 0!LS1!HK33F!!HK33F!17895.00!8180.00!180.000!NO!LINE!18290.00!7870.00!18290.00!8490.00!0.00!!!!!SHAPE!!!NO!!!!
S!ASSEMBLY_TOP!1091 1!LS2!HK33F!!HK33F!17895.00!8835.00!180.000!NO!LINE!18290.00!9145.00!17500.00!9145.00!0.00!!!!!NOTCONNECT!!!NO!!!!
S!ASSEMBLY_TOP!1091 2!LS2!HK33F!!HK33F!17895.00!8835.00!180.000!NO!LINE!17500.00!9145.00!17500.00!8525.00!0.00!!!!!NOTCONNECT!!!NO!!!!
S!ASSEMBLY_TOP!1091 3!LS2!HK33F!!HK33F!17895.00!8835.00!180.000!NO!LINE!17500.00!8525.00!18290.00!8525.00!0.00!!!!!NOTCONNECT!!!NO!!!!
S!ASSEMBLY_TOP!1091 4!LS2!HK33F!!HK33F!17895.00!8835.00!180.000!NO!LINE!18290.00!8525.00!18290.00!9145.00!0.00!!!!!NOTCONNECT!!!NO!!!!
S!PLACE_BOUND_TOP!1093 1 0!LS2!HK33F!!HK33F!17895.00!8835.00!180.000!NO!LINE!18290.00!9145.00!17500.00!9145.00!0.00!!!!!SHAPE!!!NO!!!!
S!PLACE_BOUND_TOP!1093 2 0!LS2!HK33F!!HK33F!17895.00!8835.00!180.000!NO!LINE!17500.00!9145.00!17500.00!8525.00!0.00!!!!!SHAPE!!!NO!!!!
S!PLACE_BOUND_TOP!1093 3 0!LS2!HK33F!!HK33F!17895.00!8835.00!180.000!NO!LINE!17500.00!8525.00!18290.00!8525.00!0.00!!!!!SHAPE!!!NO!!!!
S!PLACE_BOUND_TOP!1093 4 0!LS2!HK33F!!HK33F!17895.00!8835.00!180.000!NO!LINE!18290.00!8525.00!18290.00!9145.00!0.00!!!!!SHAPE!!!NO!!!!
S!ASSEMBLY_TOP!1097 1!LS3!HK33F!!HK33F!17895.00!9495.00!180.000!NO!LINE!18290.00!9805.00!17500.00!9805.00!0.00!!!!!NOTCONNECT!!!NO!!!!
S!ASSEMBLY_TOP!1097 2!LS3!HK33F!!HK33F!17895.00!9495.00!180.000!NO!LINE!17500.00!9805.00!17500.00!9185.00!0.00!!!!!NOTCONNECT!!!NO!!!!
S!ASSEMBLY_TOP!1097 3!LS3!HK33F!!HK33F!17895.00!9495.00!180.000!NO!LINE!17500.00!9185.00!18290.00!9185.00!0.00!!!!!NOTCONNECT!!!NO!!!!
S!ASSEMBLY_TOP!1097 4!LS3!HK33F!!HK33F!17895.00!9495.00!180.000!NO!LINE!18290.00!9185.00!18290.00!9805.00!0.00!!!!!NOTCONNECT!!!NO!!!!
S!PLACE_BOUND_TOP!1099 1 0!LS3!HK33F!!HK33F!17895.00!9495.00!180.000!NO!LINE!18290.00!9805.00!17500.00!9805.00!0.00!!!!!SHAPE!!!NO!!!!
S!PLACE_BOUND_TOP!1099 2 0!LS3!HK33F!!HK33F!17895.00!9495.00!180.000!NO!LINE!17500.00!9805.00!17500.00!9185.00!0.00!!!!!SHAPE!!!NO!!!!
S!PLACE_BOUND_TOP!1099 3 0!LS3!HK33F!!HK33F!17895.00!9495.00!180.000!NO!LINE!17500.00!9185.00!18290.00!9185.00!0.00!!!!!SHAPE!!!NO!!!!
S!PLACE_BOUND_TOP!1099 4 0!LS3!HK33F!!HK33F!17895.00!9495.00!180.000!NO!LINE!18290.00!9185.00!18290.00!9805.00!0.00!!!!!SHAPE!!!NO!!!!
S!ASSEMBLY_TOP!1103 1!J10!KF3013P!!KF3013P!16710.00!6040.00!270.000!NO!LINE!16412.00!6190.00!16412.00!5890.00!0.00!!!!!NOTCONNECT!!!NO!!!!
S!ASSEMBLY_TOP!1103 2!J10!KF3013P!!KF3013P!16710.00!6040.00!270.000!NO!LINE!16412.00!5890.00!17008.00!5890.00!0.00!!!!!NOTCONNECT!!!NO!!!!
S!ASSEMBLY_TOP!1103 3!J10!KF3013P!!KF3013P!16710.00!6040.00!270.000!NO!LINE!17008.00!5890.00!17008.00!6190.00!0.00!!!!!NOTCONNECT!!!NO!!!!
S!ASSEMBLY_TOP!1103 4!J10!KF3013P!!KF3013P!16710.00!6040.00!270.000!NO!LINE!17008.00!6190.00!16412.00!6190.00!0.00!!!!!NOTCONNECT!!!NO!!!!
S!PLACE_BOUND_TOP!1105 1 0!J10!KF3013P!!KF3013P!16710.00!6040.00!270.000!NO!LINE!16412.00!6190.00!16412.00!5890.00!0.00!!!!!SHAPE!!!NO!!!!
S!PLACE_BOUND_TOP!1105 2 0!J10!KF3013P!!KF3013P!16710.00!6040.00!270.000!NO!LINE!16412.00!5890.00!17008.00!5890.00!0.00!!!!!SHAPE!!!NO!!!!
S!PLACE_BOUND_TOP!1105 3 0!J10!KF3013P!!KF3013P!16710.00!6040.00!270.000!NO!LINE!17008.00!5890.00!17008.00!6190.00!0.00!!!!!SHAPE!!!NO!!!!
S!PLACE_BOUND_TOP!1105 4 0!J10!KF3013P!!KF3013P!16710.00!6040.00!270.000!NO!LINE!17008.00!6190.00!16412.00!6190.00!0.00!!!!!SHAPE!!!NO!!!!
S!ASSEMBLY_TOP!1109 1!J11!KF3013P!!KF3013P!18505.00!6200.00!0.000!NO!LINE!18355.00!5902.00!18655.00!5902.00!0.00!!!!!NOTCONNECT!!!NO!!!!
S!ASSEMBLY_TOP!1109 2!J11!KF3013P!!KF3013P!18505.00!6200.00!0.000!NO!LINE!18655.00!5902.00!18655.00!6498.00!0.00!!!!!NOTCONNECT!!!NO!!!!
S!ASSEMBLY_TOP!1109 3!J11!KF3013P!!KF3013P!18505.00!6200.00!0.000!NO!LINE!18655.00!6498.00!18355.00!6498.00!0.00!!!!!NOTCONNECT!!!NO!!!!
S!ASSEMBLY_TOP!1109 4!J11!KF3013P!!KF3013P!18505.00!6200.00!0.000!NO!LINE!18355.00!6498.00!18355.00!5902.00!0.00!!!!!NOTCONNECT!!!NO!!!!
S!PLACE_BOUND_TOP!1111 1!J11!KF3013P!!KF3013P!18505.00!6200.00!0.000!NO!RECTANGLE!18355.00!5902.00!18655.00!6498.00!1!!!!!!!!NO!!!!
S!ASSEMBLY_TOP!1115 1!J8!KF3013P!!KF3013P!18500.00!6875.00!0.000!NO!LINE!18350.00!6577.00!18650.00!6577.00!0.00!!!!!NOTCONNECT!!!NO!!!!
S!ASSEMBLY_TOP!1115 2!J8!KF3013P!!KF3013P!18500.00!6875.00!0.000!NO!LINE!18650.00!6577.00!18650.00!7173.00!0.00!!!!!NOTCONNECT!!!NO!!!!
S!ASSEMBLY_TOP!1115 3!J8!KF3013P!!KF3013P!18500.00!6875.00!0.000!NO!LINE!18650.00!7173.00!18350.00!7173.00!0.00!!!!!NOTCONNECT!!!NO!!!!
S!ASSEMBLY_TOP!1115 4!J8!KF3013P!!KF3013P!18500.00!6875.00!0.000!NO!LINE!18350.00!7173.00!18350.00!6577.00!0.00!!!!!NOTCONNECT!!!NO!!!!
S!PLACE_BOUND_TOP!1117 1!J8!KF3013P!!KF3013P!18500.00!6875.00!0.000!NO!RECTANGLE!18350.00!6577.00!18650.00!7173.00!1!!!!!!!!NO!!!!
S!ASSEMBLY_TOP!1121 1!J7!KF3013P!!KF3013P!18495.00!7520.00!0.000!NO!LINE!18345.00!7222.00!18645.00!7222.00!0.00!!!!!NOTCONNECT!!!NO!!!!
S!ASSEMBLY_TOP!1121 2!J7!KF3013P!!KF3013P!18495.00!7520.00!0.000!NO!LINE!18645.00!7222.00!18645.00!7818.00!0.00!!!!!NOTCONNECT!!!NO!!!!
S!ASSEMBLY_TOP!1121 3!J7!KF3013P!!KF3013P!18495.00!7520.00!0.000!NO!LINE!18645.00!7818.00!18345.00!7818.00!0.00!!!!!NOTCONNECT!!!NO!!!!
S!ASSEMBLY_TOP!1121 4!J7!KF3013P!!KF3013P!18495.00!7520.00!0.000!NO!LINE!18345.00!7818.00!18345.00!7222.00!0.00!!!!!NOTCONNECT!!!NO!!!!
S!PLACE_BOUND_TOP!1123 1!J7!KF3013P!!KF3013P!18495.00!7520.00!0.000!NO!RECTANGLE!18345.00!7222.00!18645.00!7818.00!1!!!!!!!!NO!!!!
S!ASSEMBLY_TOP!1127 1!J4!KF3013P!!KF3013P!18505.00!8180.00!0.000!NO!LINE!18355.00!7882.00!18655.00!7882.00!0.00!!!!!NOTCONNECT!!!NO!!!!
S!ASSEMBLY_TOP!1127 2!J4!KF3013P!!KF3013P!18505.00!8180.00!0.000!NO!LINE!18655.00!7882.00!18655.00!8478.00!0.00!!!!!NOTCONNECT!!!NO!!!!
S!ASSEMBLY_TOP!1127 3!J4!KF3013P!!KF3013P!18505.00!8180.00!0.000!NO!LINE!18655.00!8478.00!18355.00!8478.00!0.00!!!!!NOTCONNECT!!!NO!!!!
S!ASSEMBLY_TOP!1127 4!J4!KF3013P!!KF3013P!18505.00!8180.00!0.000!NO!LINE!18355.00!8478.00!18355.00!7882.00!0.00!!!!!NOTCONNECT!!!NO!!!!
S!PLACE_BOUND_TOP!1129 1!J4!KF3013P!!KF3013P!18505.00!8180.00!0.000!NO!RECTANGLE!18355.00!7882.00!18655.00!8478.00!1!!!!!!!!NO!!!!
S!ASSEMBLY_TOP!1133 1!J5!KF3013P!!KF3013P!18500.00!8840.00!0.000!NO!LINE!18350.00!8542.00!18650.00!8542.00!0.00!!!!!NOTCONNECT!!!NO!!!!
S!ASSEMBLY_TOP!1133 2!J5!KF3013P!!KF3013P!18500.00!8840.00!0.000!NO!LINE!18650.00!8542.00!18650.00!9138.00!0.00!!!!!NOTCONNECT!!!NO!!!!
S!ASSEMBLY_TOP!1133 3!J5!KF3013P!!KF3013P!18500.00!8840.00!0.000!NO!LINE!18650.00!9138.00!18350.00!9138.00!0.00!!!!!NOTCONNECT!!!NO!!!!
S!ASSEMBLY_TOP!1133 4!J5!KF3013P!!KF3013P!18500.00!8840.00!0.000!NO!LINE!18350.00!9138.00!18350.00!8542.00!0.00!!!!!NOTCONNECT!!!NO!!!!
S!PLACE_BOUND_TOP!1135 1!J5!KF3013P!!KF3013P!18500.00!8840.00!0.000!NO!RECTANGLE!18350.00!8542.00!18650.00!9138.00!1!!!!!!!!NO!!!!
S!ASSEMBLY_TOP!1139 1!J6!KF3013P!!KF3013P!18500.00!9490.00!0.000!NO!LINE!18350.00!9192.00!18650.00!9192.00!0.00!!!!!NOTCONNECT!!!NO!!!!
S!ASSEMBLY_TOP!1139 2!J6!KF3013P!!KF3013P!18500.00!9490.00!0.000!NO!LINE!18650.00!9192.00!18650.00!9788.00!0.00!!!!!NOTCONNECT!!!NO!!!!
S!ASSEMBLY_TOP!1139 3!J6!KF3013P!!KF3013P!18500.00!9490.00!0.000!NO!LINE!18650.00!9788.00!18350.00!9788.00!0.00!!!!!NOTCONNECT!!!NO!!!!
S!ASSEMBLY_TOP!1139 4!J6!KF3013P!!KF3013P!18500.00!9490.00!0.000!NO!LINE!18350.00!9788.00!18350.00!9192.00!0.00!!!!!NOTCONNECT!!!NO!!!!
S!PLACE_BOUND_TOP!1141 1!J6!KF3013P!!KF3013P!18500.00!9490.00!0.000!NO!RECTANGLE!18350.00!9192.00!18650.00!9788.00!1!!!!!!!!NO!!!!
S!ASSEMBLY_TOP!1145 1!U25!PC817X2NIP0F!!PC817X2NIP0F!16130.00!6585.00!270.000!NO!LINE!16030.00!6713.00!16030.00!6457.00!0.00!!!!!NOTCONNECT!!!NO!!!!
S!ASSEMBLY_TOP!1145 2!U25!PC817X2NIP0F!!PC817X2NIP0F!16130.00!6585.00!270.000!NO!LINE!16030.00!6457.00!16230.00!6457.00!0.00!!!!!NOTCONNECT!!!NO!!!!
S!ASSEMBLY_TOP!1145 3!U25!PC817X2NIP0F!!PC817X2NIP0F!16130.00!6585.00!270.000!NO!LINE!16230.00!6457.00!16230.00!6713.00!0.00!!!!!NOTCONNECT!!!NO!!!!
S!ASSEMBLY_TOP!1145 4!U25!PC817X2NIP0F!!PC817X2NIP0F!16130.00!6585.00!270.000!NO!LINE!16230.00!6713.00!16030.00!6713.00!0.00!!!!!NOTCONNECT!!!NO!!!!
S!PLACE_BOUND_TOP!1147 1 0!U25!PC817X2NIP0F!!PC817X2NIP0F!16130.00!6585.00!270.000!NO!LINE!16030.00!6823.00!16030.00!6347.00!0.00!!!!!SHAPE!!!NO!!!!
S!PLACE_BOUND_TOP!1147 2 0!U25!PC817X2NIP0F!!PC817X2NIP0F!16130.00!6585.00!270.000!NO!LINE!16030.00!6347.00!16230.00!6347.00!0.00!!!!!SHAPE!!!NO!!!!
S!PLACE_BOUND_TOP!1147 3 0!U25!PC817X2NIP0F!!PC817X2NIP0F!16130.00!6585.00!270.000!NO!LINE!16230.00!6347.00!16230.00!6823.00!0.00!!!!!SHAPE!!!NO!!!!
S!PLACE_BOUND_TOP!1147 4 0!U25!PC817X2NIP0F!!PC817X2NIP0F!16130.00!6585.00!270.000!NO!LINE!16230.00!6823.00!16030.00!6823.00!0.00!!!!!SHAPE!!!NO!!!!
S!ASSEMBLY_TOP!1151 1!U24!PC817X2NIP0F!!PC817X2NIP0F!17350.00!6130.00!270.000!NO!LINE!17250.00!6258.00!17250.00!6002.00!0.00!!!!!NOTCONNECT!!!NO!!!!
S!ASSEMBLY_TOP!1151 2!U24!PC817X2NIP0F!!PC817X2NIP0F!17350.00!6130.00!270.000!NO!LINE!17250.00!6002.00!17450.00!6002.00!0.00!!!!!NOTCONNECT!!!NO!!!!
S!ASSEMBLY_TOP!1151 3!U24!PC817X2NIP0F!!PC817X2NIP0F!17350.00!6130.00!270.000!NO!LINE!17450.00!6002.00!17450.00!6258.00!0.00!!!!!NOTCONNECT!!!NO!!!!
S!ASSEMBLY_TOP!1151 4!U24!PC817X2NIP0F!!PC817X2NIP0F!17350.00!6130.00!270.000!NO!LINE!17450.00!6258.00!17250.00!6258.00!0.00!!!!!NOTCONNECT!!!NO!!!!
S!PLACE_BOUND_TOP!1153 1 0!U24!PC817X2NIP0F!!PC817X2NIP0F!17350.00!6130.00!270.000!NO!LINE!17250.00!6368.00!17250.00!5892.00!0.00!!!!!SHAPE!!!NO!!!!
S!PLACE_BOUND_TOP!1153 2 0!U24!PC817X2NIP0F!!PC817X2NIP0F!17350.00!6130.00!270.000!NO!LINE!17250.00!5892.00!17450.00!5892.00!0.00!!!!!SHAPE!!!NO!!!!
S!PLACE_BOUND_TOP!1153 3 0!U24!PC817X2NIP0F!!PC817X2NIP0F!17350.00!6130.00!270.000!NO!LINE!17450.00!5892.00!17450.00!6368.00!0.00!!!!!SHAPE!!!NO!!!!
S!PLACE_BOUND_TOP!1153 4 0!U24!PC817X2NIP0F!!PC817X2NIP0F!17350.00!6130.00!270.000!NO!LINE!17450.00!6368.00!17250.00!6368.00!0.00!!!!!SHAPE!!!NO!!!!
S!ASSEMBLY_TOP!1157 1!U23!PC817X2NIP0F!!PC817X2NIP0F!17345.00!6805.00!270.000!NO!LINE!17245.00!6933.00!17245.00!6677.00!0.00!!!!!NOTCONNECT!!!NO!!!!
S!ASSEMBLY_TOP!1157 2!U23!PC817X2NIP0F!!PC817X2NIP0F!17345.00!6805.00!270.000!NO!LINE!17245.00!6677.00!17445.00!6677.00!0.00!!!!!NOTCONNECT!!!NO!!!!
S!ASSEMBLY_TOP!1157 3!U23!PC817X2NIP0F!!PC817X2NIP0F!17345.00!6805.00!270.000!NO!LINE!17445.00!6677.00!17445.00!6933.00!0.00!!!!!NOTCONNECT!!!NO!!!!
S!ASSEMBLY_TOP!1157 4!U23!PC817X2NIP0F!!PC817X2NIP0F!17345.00!6805.00!270.000!NO!LINE!17445.00!6933.00!17245.00!6933.00!0.00!!!!!NOTCONNECT!!!NO!!!!
S!PLACE_BOUND_TOP!1159 1 0!U23!PC817X2NIP0F!!PC817X2NIP0F!17345.00!6805.00!270.000!NO!LINE!17245.00!7043.00!17245.00!6567.00!0.00!!!!!SHAPE!!!NO!!!!
S!PLACE_BOUND_TOP!1159 2 0!U23!PC817X2NIP0F!!PC817X2NIP0F!17345.00!6805.00!270.000!NO!LINE!17245.00!6567.00!17445.00!6567.00!0.00!!!!!SHAPE!!!NO!!!!
S!PLACE_BOUND_TOP!1159 3 0!U23!PC817X2NIP0F!!PC817X2NIP0F!17345.00!6805.00!270.000!NO!LINE!17445.00!6567.00!17445.00!7043.00!0.00!!!!!SHAPE!!!NO!!!!
S!PLACE_BOUND_TOP!1159 4 0!U23!PC817X2NIP0F!!PC817X2NIP0F!17345.00!6805.00!270.000!NO!LINE!17445.00!7043.00!17245.00!7043.00!0.00!!!!!SHAPE!!!NO!!!!
S!ASSEMBLY_TOP!1163 1!U22!PC817X2NIP0F!!PC817X2NIP0F!17355.00!7455.00!270.000!NO!LINE!17255.00!7583.00!17255.00!7327.00!0.00!!!!!NOTCONNECT!!!NO!!!!
S!ASSEMBLY_TOP!1163 2!U22!PC817X2NIP0F!!PC817X2NIP0F!17355.00!7455.00!270.000!NO!LINE!17255.00!7327.00!17455.00!7327.00!0.00!!!!!NOTCONNECT!!!NO!!!!
S!ASSEMBLY_TOP!1163 3!U22!PC817X2NIP0F!!PC817X2NIP0F!17355.00!7455.00!270.000!NO!LINE!17455.00!7327.00!17455.00!7583.00!0.00!!!!!NOTCONNECT!!!NO!!!!
S!ASSEMBLY_TOP!1163 4!U22!PC817X2NIP0F!!PC817X2NIP0F!17355.00!7455.00!270.000!NO!LINE!17455.00!7583.00!17255.00!7583.00!0.00!!!!!NOTCONNECT!!!NO!!!!
S!PLACE_BOUND_TOP!1165 1 0!U22!PC817X2NIP0F!!PC817X2NIP0F!17355.00!7455.00!270.000!NO!LINE!17255.00!7693.00!17255.00!7217.00!0.00!!!!!SHAPE!!!NO!!!!
S!PLACE_BOUND_TOP!1165 2 0!U22!PC817X2NIP0F!!PC817X2NIP0F!17355.00!7455.00!270.000!NO!LINE!17255.00!7217.00!17455.00!7217.00!0.00!!!!!SHAPE!!!NO!!!!
S!PLACE_BOUND_TOP!1165 3 0!U22!PC817X2NIP0F!!PC817X2NIP0F!17355.00!7455.00!270.000!NO!LINE!17455.00!7217.00!17455.00!7693.00!0.00!!!!!SHAPE!!!NO!!!!
S!PLACE_BOUND_TOP!1165 4 0!U22!PC817X2NIP0F!!PC817X2NIP0F!17355.00!7455.00!270.000!NO!LINE!17455.00!7693.00!17255.00!7693.00!0.00!!!!!SHAPE!!!NO!!!!
S!ASSEMBLY_TOP!1169 1!U21!PC817X2NIP0F!!PC817X2NIP0F!17355.00!8105.00!270.000!NO!LINE!17255.00!8233.00!17255.00!7977.00!0.00!!!!!NOTCONNECT!!!NO!!!!
S!ASSEMBLY_TOP!1169 2!U21!PC817X2NIP0F!!PC817X2NIP0F!17355.00!8105.00!270.000!NO!LINE!17255.00!7977.00!17455.00!7977.00!0.00!!!!!NOTCONNECT!!!NO!!!!
S!ASSEMBLY_TOP!1169 3!U21!PC817X2NIP0F!!PC817X2NIP0F!17355.00!8105.00!270.000!NO!LINE!17455.00!7977.00!17455.00!8233.00!0.00!!!!!NOTCONNECT!!!NO!!!!
S!ASSEMBLY_TOP!1169 4!U21!PC817X2NIP0F!!PC817X2NIP0F!17355.00!8105.00!270.000!NO!LINE!17455.00!8233.00!17255.00!8233.00!0.00!!!!!NOTCONNECT!!!NO!!!!
S!PLACE_BOUND_TOP!1171 1 0!U21!PC817X2NIP0F!!PC817X2NIP0F!17355.00!8105.00!270.000!NO!LINE!17255.00!8343.00!17255.00!7867.00!0.00!!!!!SHAPE!!!NO!!!!
S!PLACE_BOUND_TOP!1171 2 0!U21!PC817X2NIP0F!!PC817X2NIP0F!17355.00!8105.00!270.000!NO!LINE!17255.00!7867.00!17455.00!7867.00!0.00!!!!!SHAPE!!!NO!!!!
S!PLACE_BOUND_TOP!1171 3 0!U21!PC817X2NIP0F!!PC817X2NIP0F!17355.00!8105.00!270.000!NO!LINE!17455.00!7867.00!17455.00!8343.00!0.00!!!!!SHAPE!!!NO!!!!
S!PLACE_BOUND_TOP!1171 4 0!U21!PC817X2NIP0F!!PC817X2NIP0F!17355.00!8105.00!270.000!NO!LINE!17455.00!8343.00!17255.00!8343.00!0.00!!!!!SHAPE!!!NO!!!!
S!ASSEMBLY_TOP!1175 1!U26!PC817X2NIP0F!!PC817X2NIP0F!17350.00!8760.00!270.000!NO!LINE!17250.00!8888.00!17250.00!8632.00!0.00!!!!!NOTCONNECT!!!NO!!!!
S!ASSEMBLY_TOP!1175 2!U26!PC817X2NIP0F!!PC817X2NIP0F!17350.00!8760.00!270.000!NO!LINE!17250.00!8632.00!17450.00!8632.00!0.00!!!!!NOTCONNECT!!!NO!!!!
S!ASSEMBLY_TOP!1175 3!U26!PC817X2NIP0F!!PC817X2NIP0F!17350.00!8760.00!270.000!NO!LINE!17450.00!8632.00!17450.00!8888.00!0.00!!!!!NOTCONNECT!!!NO!!!!
S!ASSEMBLY_TOP!1175 4!U26!PC817X2NIP0F!!PC817X2NIP0F!17350.00!8760.00!270.000!NO!LINE!17450.00!8888.00!17250.00!8888.00!0.00!!!!!NOTCONNECT!!!NO!!!!
S!PLACE_BOUND_TOP!1177 1 0!U26!PC817X2NIP0F!!PC817X2NIP0F!17350.00!8760.00!270.000!NO!LINE!17250.00!8998.00!17250.00!8522.00!0.00!!!!!SHAPE!!!NO!!!!
S!PLACE_BOUND_TOP!1177 2 0!U26!PC817X2NIP0F!!PC817X2NIP0F!17350.00!8760.00!270.000!NO!LINE!17250.00!8522.00!17450.00!8522.00!0.00!!!!!SHAPE!!!NO!!!!
S!PLACE_BOUND_TOP!1177 3 0!U26!PC817X2NIP0F!!PC817X2NIP0F!17350.00!8760.00!270.000!NO!LINE!17450.00!8522.00!17450.00!8998.00!0.00!!!!!SHAPE!!!NO!!!!
S!PLACE_BOUND_TOP!1177 4 0!U26!PC817X2NIP0F!!PC817X2NIP0F!17350.00!8760.00!270.000!NO!LINE!17450.00!8998.00!17250.00!8998.00!0.00!!!!!SHAPE!!!NO!!!!
S!ASSEMBLY_TOP!1181 1!U27!PC817X2NIP0F!!PC817X2NIP0F!17345.00!9425.00!270.000!NO!LINE!17245.00!9553.00!17245.00!9297.00!0.00!!!!!NOTCONNECT!!!NO!!!!
S!ASSEMBLY_TOP!1181 2!U27!PC817X2NIP0F!!PC817X2NIP0F!17345.00!9425.00!270.000!NO!LINE!17245.00!9297.00!17445.00!9297.00!0.00!!!!!NOTCONNECT!!!NO!!!!
S!ASSEMBLY_TOP!1181 3!U27!PC817X2NIP0F!!PC817X2NIP0F!17345.00!9425.00!270.000!NO!LINE!17445.00!9297.00!17445.00!9553.00!0.00!!!!!NOTCONNECT!!!NO!!!!
S!ASSEMBLY_TOP!1181 4!U27!PC817X2NIP0F!!PC817X2NIP0F!17345.00!9425.00!270.000!NO!LINE!17445.00!9553.00!17245.00!9553.00!0.00!!!!!NOTCONNECT!!!NO!!!!
S!PLACE_BOUND_TOP!1183 1 0!U27!PC817X2NIP0F!!PC817X2NIP0F!17345.00!9425.00!270.000!NO!LINE!17245.00!9663.00!17245.00!9187.00!0.00!!!!!SHAPE!!!NO!!!!
S!PLACE_BOUND_TOP!1183 2 0!U27!PC817X2NIP0F!!PC817X2NIP0F!17345.00!9425.00!270.000!NO!LINE!17245.00!9187.00!17445.00!9187.00!0.00!!!!!SHAPE!!!NO!!!!
S!PLACE_BOUND_TOP!1183 3 0!U27!PC817X2NIP0F!!PC817X2NIP0F!17345.00!9425.00!270.000!NO!LINE!17445.00!9187.00!17445.00!9663.00!0.00!!!!!SHAPE!!!NO!!!!
S!PLACE_BOUND_TOP!1183 4 0!U27!PC817X2NIP0F!!PC817X2NIP0F!17345.00!9425.00!270.000!NO!LINE!17445.00!9663.00!17245.00!9663.00!0.00!!!!!SHAPE!!!NO!!!!
S!ASSEMBLY_TOP!1187 1!U7!ULN2003A!!ULN2003A!16425.00!7410.00!0.000!NO!LINE!16345.00!7210.00!16505.00!7210.00!0.00!!!!!NOTCONNECT!!!NO!!!!
S!ASSEMBLY_TOP!1187 2!U7!ULN2003A!!ULN2003A!16425.00!7410.00!0.000!NO!LINE!16505.00!7210.00!16505.00!7610.00!0.00!!!!!NOTCONNECT!!!NO!!!!
S!ASSEMBLY_TOP!1187 3!U7!ULN2003A!!ULN2003A!16425.00!7410.00!0.000!NO!LINE!16505.00!7610.00!16345.00!7610.00!0.00!!!!!NOTCONNECT!!!NO!!!!
S!ASSEMBLY_TOP!1187 4!U7!ULN2003A!!ULN2003A!16425.00!7410.00!0.000!NO!LINE!16345.00!7610.00!16345.00!7210.00!0.00!!!!!NOTCONNECT!!!NO!!!!
S!PLACE_BOUND_TOP!1189 1!U7!ULN2003A!!ULN2003A!16425.00!7410.00!0.000!NO!RECTANGLE!16229.00!7205.00!16620.00!7615.00!1!!!!!!!!NO!!!!
S!ASSEMBLY_TOP!1193 1!U15!LM35!!LM35!15535.00!6945.00!0.000!NO!LINE!15480.00!6795.00!15590.00!6795.00!0.00!!!!!NOTCONNECT!!!NO!!!!
S!ASSEMBLY_TOP!1193 2!U15!LM35!!LM35!15535.00!6945.00!0.000!NO!LINE!15590.00!6795.00!15590.00!7095.00!0.00!!!!!NOTCONNECT!!!NO!!!!
S!ASSEMBLY_TOP!1193 3!U15!LM35!!LM35!15535.00!6945.00!0.000!NO!LINE!15590.00!7095.00!15480.00!7095.00!0.00!!!!!NOTCONNECT!!!NO!!!!
S!ASSEMBLY_TOP!1193 4!U15!LM35!!LM35!15535.00!6945.00!0.000!NO!LINE!15480.00!7095.00!15480.00!6795.00!0.00!!!!!NOTCONNECT!!!NO!!!!
S!PLACE_BOUND_TOP!1195 1!U15!LM35!!LM35!15535.00!6945.00!0.000!NO!RECTANGLE!15480.00!6795.00!15590.00!7095.00!1!!!!!!!!NO!!!!
S!ASSEMBLY_TOP!1199 1!U11!PH!!PH!15800.00!6385.00!90.000!NO!LINE!15950.00!6330.00!15950.00!6440.00!0.00!!!!!NOTCONNECT!!!NO!!!!
S!ASSEMBLY_TOP!1199 2!U11!PH!!PH!15800.00!6385.00!90.000!NO!LINE!15950.00!6440.00!15650.00!6440.00!0.00!!!!!NOTCONNECT!!!NO!!!!
S!ASSEMBLY_TOP!1199 3!U11!PH!!PH!15800.00!6385.00!90.000!NO!LINE!15650.00!6440.00!15650.00!6330.00!0.00!!!!!NOTCONNECT!!!NO!!!!
S!ASSEMBLY_TOP!1199 4!U11!PH!!PH!15800.00!6385.00!90.000!NO!LINE!15650.00!6330.00!15950.00!6330.00!0.00!!!!!NOTCONNECT!!!NO!!!!
S!PLACE_BOUND_TOP!1201 1 0!U11!PH!!PH!15800.00!6385.00!90.000!NO!LINE!15950.00!6330.00!15950.00!6440.00!0.00!!!!!SHAPE!!!NO!!!!
S!PLACE_BOUND_TOP!1201 2 0!U11!PH!!PH!15800.00!6385.00!90.000!NO!LINE!15950.00!6440.00!15650.00!6440.00!0.00!!!!!SHAPE!!!NO!!!!
S!PLACE_BOUND_TOP!1201 3 0!U11!PH!!PH!15800.00!6385.00!90.000!NO!LINE!15650.00!6440.00!15650.00!6330.00!0.00!!!!!SHAPE!!!NO!!!!
S!PLACE_BOUND_TOP!1201 4 0!U11!PH!!PH!15800.00!6385.00!90.000!NO!LINE!15650.00!6330.00!15950.00!6330.00!0.00!!!!!SHAPE!!!NO!!!!
S!ASSEMBLY_TOP!1205 1!U16!LM393!!LM393!15400.00!6385.00!270.000!NO!LINE!15200.00!6440.00!15200.00!6330.00!0.00!!!!!NOTCONNECT!!!NO!!!!
S!ASSEMBLY_TOP!1205 2!U16!LM393!!LM393!15400.00!6385.00!270.000!NO!LINE!15200.00!6330.00!15600.00!6330.00!0.00!!!!!NOTCONNECT!!!NO!!!!
S!ASSEMBLY_TOP!1205 3!U16!LM393!!LM393!15400.00!6385.00!270.000!NO!LINE!15600.00!6330.00!15600.00!6440.00!0.00!!!!!NOTCONNECT!!!NO!!!!
S!ASSEMBLY_TOP!1205 4!U16!LM393!!LM393!15400.00!6385.00!270.000!NO!LINE!15600.00!6440.00!15200.00!6440.00!0.00!!!!!NOTCONNECT!!!NO!!!!
S!PLACE_BOUND_TOP!1207 1 0!U16!LM393!!LM393!15400.00!6385.00!270.000!NO!LINE!15200.00!6440.00!15200.00!6330.00!0.00!!!!!SHAPE!!!NO!!!!
S!PLACE_BOUND_TOP!1207 2 0!U16!LM393!!LM393!15400.00!6385.00!270.000!NO!LINE!15200.00!6330.00!15600.00!6330.00!0.00!!!!!SHAPE!!!NO!!!!
S!PLACE_BOUND_TOP!1207 3 0!U16!LM393!!LM393!15400.00!6385.00!270.000!NO!LINE!15600.00!6330.00!15600.00!6440.00!0.00!!!!!SHAPE!!!NO!!!!
S!PLACE_BOUND_TOP!1207 4 0!U16!LM393!!LM393!15400.00!6385.00!270.000!NO!LINE!15600.00!6440.00!15200.00!6440.00!0.00!!!!!SHAPE!!!NO!!!!
S!ASSEMBLY_TOP!1211 1!U14!LM393!!LM393!14945.00!6385.00!270.000!NO!LINE!14745.00!6440.00!14745.00!6330.00!0.00!!!!!NOTCONNECT!!!NO!!!!
S!ASSEMBLY_TOP!1211 2!U14!LM393!!LM393!14945.00!6385.00!270.000!NO!LINE!14745.00!6330.00!15145.00!6330.00!0.00!!!!!NOTCONNECT!!!NO!!!!
S!ASSEMBLY_TOP!1211 3!U14!LM393!!LM393!14945.00!6385.00!270.000!NO!LINE!15145.00!6330.00!15145.00!6440.00!0.00!!!!!NOTCONNECT!!!NO!!!!
S!ASSEMBLY_TOP!1211 4!U14!LM393!!LM393!14945.00!6385.00!270.000!NO!LINE!15145.00!6440.00!14745.00!6440.00!0.00!!!!!NOTCONNECT!!!NO!!!!
S!PLACE_BOUND_TOP!1213 1 0!U14!LM393!!LM393!14945.00!6385.00!270.000!NO!LINE!14745.00!6440.00!14745.00!6330.00!0.00!!!!!SHAPE!!!NO!!!!
S!PLACE_BOUND_TOP!1213 2 0!U14!LM393!!LM393!14945.00!6385.00!270.000!NO!LINE!14745.00!6330.00!15145.00!6330.00!0.00!!!!!SHAPE!!!NO!!!!
S!PLACE_BOUND_TOP!1213 3 0!U14!LM393!!LM393!14945.00!6385.00!270.000!NO!LINE!15145.00!6330.00!15145.00!6440.00!0.00!!!!!SHAPE!!!NO!!!!
S!PLACE_BOUND_TOP!1213 4 0!U14!LM393!!LM393!14945.00!6385.00!270.000!NO!LINE!15145.00!6440.00!14745.00!6440.00!0.00!!!!!SHAPE!!!NO!!!!
S!ASSEMBLY_TOP!1217 1!U10!LM393!!LM393!14800.00!6705.00!180.000!NO!LINE!14855.00!6905.00!14745.00!6905.00!0.00!!!!!NOTCONNECT!!!NO!!!!
S!ASSEMBLY_TOP!1217 2!U10!LM393!!LM393!14800.00!6705.00!180.000!NO!LINE!14745.00!6905.00!14745.00!6505.00!0.00!!!!!NOTCONNECT!!!NO!!!!
S!ASSEMBLY_TOP!1217 3!U10!LM393!!LM393!14800.00!6705.00!180.000!NO!LINE!14745.00!6505.00!14855.00!6505.00!0.00!!!!!NOTCONNECT!!!NO!!!!
S!ASSEMBLY_TOP!1217 4!U10!LM393!!LM393!14800.00!6705.00!180.000!NO!LINE!14855.00!6505.00!14855.00!6905.00!0.00!!!!!NOTCONNECT!!!NO!!!!
S!PLACE_BOUND_TOP!1219 1 0!U10!LM393!!LM393!14800.00!6705.00!180.000!NO!LINE!14855.00!6905.00!14745.00!6905.00!0.00!!!!!SHAPE!!!NO!!!!
S!PLACE_BOUND_TOP!1219 2 0!U10!LM393!!LM393!14800.00!6705.00!180.000!NO!LINE!14745.00!6905.00!14745.00!6505.00!0.00!!!!!SHAPE!!!NO!!!!
S!PLACE_BOUND_TOP!1219 3 0!U10!LM393!!LM393!14800.00!6705.00!180.000!NO!LINE!14745.00!6505.00!14855.00!6505.00!0.00!!!!!SHAPE!!!NO!!!!
S!PLACE_BOUND_TOP!1219 4 0!U10!LM393!!LM393!14800.00!6705.00!180.000!NO!LINE!14855.00!6505.00!14855.00!6905.00!0.00!!!!!SHAPE!!!NO!!!!
S!ASSEMBLY_TOP!1223 1!U9!BH1750!!BH1750!14800.00!7190.00!0.000!NO!LINE!14745.00!6940.00!14855.00!6940.00!0.00!!!!!NOTCONNECT!!!NO!!!!
S!ASSEMBLY_TOP!1223 2!U9!BH1750!!BH1750!14800.00!7190.00!0.000!NO!LINE!14855.00!6940.00!14855.00!7440.00!0.00!!!!!NOTCONNECT!!!NO!!!!
S!ASSEMBLY_TOP!1223 3!U9!BH1750!!BH1750!14800.00!7190.00!0.000!NO!LINE!14855.00!7440.00!14745.00!7440.00!0.00!!!!!NOTCONNECT!!!NO!!!!
S!ASSEMBLY_TOP!1223 4!U9!BH1750!!BH1750!14800.00!7190.00!0.000!NO!LINE!14745.00!7440.00!14745.00!6940.00!0.00!!!!!NOTCONNECT!!!NO!!!!
S!PLACE_BOUND_TOP!1225 1!U9!BH1750!!BH1750!14800.00!7190.00!0.000!NO!RECTANGLE!14745.00!6940.00!14855.00!7440.00!1!!!!!!!!NO!!!!
S!ASSEMBLY_TOP!1229 1!U29!HDC100X!!HDC100X!14800.00!7895.00!0.000!NO!LINE!14745.00!7535.00!14855.00!7535.00!0.00!!!!!NOTCONNECT!!!NO!!!!
S!ASSEMBLY_TOP!1229 2!U29!HDC100X!!HDC100X!14800.00!7895.00!0.000!NO!LINE!14855.00!7535.00!14855.00!8255.00!0.00!!!!!NOTCONNECT!!!NO!!!!
S!ASSEMBLY_TOP!1229 3!U29!HDC100X!!HDC100X!14800.00!7895.00!0.000!NO!LINE!14855.00!8255.00!14745.00!8255.00!0.00!!!!!NOTCONNECT!!!NO!!!!
S!ASSEMBLY_TOP!1229 4!U29!HDC100X!!HDC100X!14800.00!7895.00!0.000!NO!LINE!14745.00!8255.00!14745.00!7535.00!0.00!!!!!NOTCONNECT!!!NO!!!!
S!PLACE_BOUND_TOP!1231 1!U29!HDC100X!!HDC100X!14800.00!7895.00!0.000!NO!RECTANGLE!14745.00!7535.00!14855.00!8255.00!1!!!!!!!!NO!!!!
S!ASSEMBLY_TOP!1235 1!U28!MSS-22D18!!MSS-22D18!15095.00!8965.00!90.000!NO!LINE!15275.00!8901.00!15275.00!9029.00!0.00!!!!!NOTCONNECT!!!NO!!!!
S!ASSEMBLY_TOP!1235 2!U28!MSS-22D18!!MSS-22D18!15095.00!8965.00!90.000!NO!LINE!15275.00!9029.00!14915.00!9029.00!0.00!!!!!NOTCONNECT!!!NO!!!!
S!ASSEMBLY_TOP!1235 3!U28!MSS-22D18!!MSS-22D18!15095.00!8965.00!90.000!NO!LINE!14915.00!9029.00!14915.00!8901.00!0.00!!!!!NOTCONNECT!!!NO!!!!
S!ASSEMBLY_TOP!1235 4!U28!MSS-22D18!!MSS-22D18!15095.00!8965.00!90.000!NO!LINE!14915.00!8901.00!15275.00!8901.00!0.00!!!!!NOTCONNECT!!!NO!!!!
S!PLACE_BOUND_TOP!1237 1 0!U28!MSS-22D18!!MSS-22D18!15095.00!8965.00!90.000!NO!LINE!15275.00!8856.00!15275.00!9074.00!0.00!!!!!SHAPE!!!NO!!!!
S!PLACE_BOUND_TOP!1237 2 0!U28!MSS-22D18!!MSS-22D18!15095.00!8965.00!90.000!NO!LINE!15275.00!9074.00!14915.00!9074.00!0.00!!!!!SHAPE!!!NO!!!!
S!PLACE_BOUND_TOP!1237 3 0!U28!MSS-22D18!!MSS-22D18!15095.00!8965.00!90.000!NO!LINE!14915.00!9074.00!14915.00!8856.00!0.00!!!!!SHAPE!!!NO!!!!
S!PLACE_BOUND_TOP!1237 4 0!U28!MSS-22D18!!MSS-22D18!15095.00!8965.00!90.000!NO!LINE!14915.00!8856.00!15275.00!8856.00!0.00!!!!!SHAPE!!!NO!!!!
S!ASSEMBLY_TOP!1241 1!C2!C0805!!C0805!14910.00!8135.00!180.000!NO!LINE!14938.00!8091.00!14938.00!8179.00!0.00!!!!!NOTCONNECT!!!NO!!!!
S!ASSEMBLY_TOP!1242 1!C2!C0805!!C0805!14910.00!8135.00!180.000!NO!LINE!14882.00!8091.00!14938.00!8091.00!0.00!!!!!NOTCONNECT!!!NO!!!!
S!ASSEMBLY_TOP!1243 1!C2!C0805!!C0805!14910.00!8135.00!180.000!NO!LINE!14882.00!8179.00!14882.00!8091.00!0.00!!!!!NOTCONNECT!!!NO!!!!
S!ASSEMBLY_TOP!1244 1!C2!C0805!!C0805!14910.00!8135.00!180.000!NO!LINE!14938.00!8179.00!14882.00!8179.00!0.00!!!!!NOTCONNECT!!!NO!!!!
S!PLACE_BOUND_TOP!1248 1 0!C2!C0805!!C0805!14910.00!8135.00!180.000!NO!LINE!14960.00!8225.00!14960.00!8045.00!0.00!!!!!SHAPE!!!NO!!!!
S!PLACE_BOUND_TOP!1248 2 0!C2!C0805!!C0805!14910.00!8135.00!180.000!NO!LINE!14960.00!8045.00!14860.00!8045.00!0.00!!!!!SHAPE!!!NO!!!!
S!PLACE_BOUND_TOP!1248 3 0!C2!C0805!!C0805!14910.00!8135.00!180.000!NO!LINE!14860.00!8045.00!14860.00!8225.00!0.00!!!!!SHAPE!!!NO!!!!
S!PLACE_BOUND_TOP!1248 4 0!C2!C0805!!C0805!14910.00!8135.00!180.000!NO!LINE!14860.00!8225.00!14960.00!8225.00!0.00!!!!!SHAPE!!!NO!!!!
S!ASSEMBLY_TOP!1252 1!C6!C0805!!C0805!16130.00!7240.00!0.000!NO!LINE!16102.00!7284.00!16102.00!7196.00!0.00!!!!!NOTCONNECT!!!NO!!!!
S!ASSEMBLY_TOP!1253 1!C6!C0805!!C0805!16130.00!7240.00!0.000!NO!LINE!16158.00!7284.00!16102.00!7284.00!0.00!!!!!NOTCONNECT!!!NO!!!!
S!ASSEMBLY_TOP!1254 1!C6!C0805!!C0805!16130.00!7240.00!0.000!NO!LINE!16158.00!7196.00!16158.00!7284.00!0.00!!!!!NOTCONNECT!!!NO!!!!
S!ASSEMBLY_TOP!1255 1!C6!C0805!!C0805!16130.00!7240.00!0.000!NO!LINE!16102.00!7196.00!16158.00!7196.00!0.00!!!!!NOTCONNECT!!!NO!!!!
S!PLACE_BOUND_TOP!1259 1 0!C6!C0805!!C0805!16130.00!7240.00!0.000!NO!LINE!16080.00!7150.00!16080.00!7330.00!0.00!!!!!SHAPE!!!NO!!!!
S!PLACE_BOUND_TOP!1259 2 0!C6!C0805!!C0805!16130.00!7240.00!0.000!NO!LINE!16080.00!7330.00!16180.00!7330.00!0.00!!!!!SHAPE!!!NO!!!!
S!PLACE_BOUND_TOP!1259 3 0!C6!C0805!!C0805!16130.00!7240.00!0.000!NO!LINE!16180.00!7330.00!16180.00!7150.00!0.00!!!!!SHAPE!!!NO!!!!
S!PLACE_BOUND_TOP!1259 4 0!C6!C0805!!C0805!16130.00!7240.00!0.000!NO!LINE!16180.00!7150.00!16080.00!7150.00!0.00!!!!!SHAPE!!!NO!!!!
S!ASSEMBLY_TOP!1263 1!C11!C0805!!C0805!15480.00!7250.00!180.000!NO!LINE!15508.00!7206.00!15508.00!7294.00!0.00!!!!!NOTCONNECT!!!NO!!!!
S!ASSEMBLY_TOP!1264 1!C11!C0805!!C0805!15480.00!7250.00!180.000!NO!LINE!15452.00!7206.00!15508.00!7206.00!0.00!!!!!NOTCONNECT!!!NO!!!!
S!ASSEMBLY_TOP!1265 1!C11!C0805!!C0805!15480.00!7250.00!180.000!NO!LINE!15452.00!7294.00!15452.00!7206.00!0.00!!!!!NOTCONNECT!!!NO!!!!
S!ASSEMBLY_TOP!1266 1!C11!C0805!!C0805!15480.00!7250.00!180.000!NO!LINE!15508.00!7294.00!15452.00!7294.00!0.00!!!!!NOTCONNECT!!!NO!!!!
S!PLACE_BOUND_TOP!1270 1 0!C11!C0805!!C0805!15480.00!7250.00!180.000!NO!LINE!15530.00!7340.00!15530.00!7160.00!0.00!!!!!SHAPE!!!NO!!!!
S!PLACE_BOUND_TOP!1270 2 0!C11!C0805!!C0805!15480.00!7250.00!180.000!NO!LINE!15530.00!7160.00!15430.00!7160.00!0.00!!!!!SHAPE!!!NO!!!!
S!PLACE_BOUND_TOP!1270 3 0!C11!C0805!!C0805!15480.00!7250.00!180.000!NO!LINE!15430.00!7160.00!15430.00!7340.00!0.00!!!!!SHAPE!!!NO!!!!
S!PLACE_BOUND_TOP!1270 4 0!C11!C0805!!C0805!15480.00!7250.00!180.000!NO!LINE!15430.00!7340.00!15530.00!7340.00!0.00!!!!!SHAPE!!!NO!!!!
S!ASSEMBLY_TOP!1274 1!C1!C0805!!C0805!15390.00!6595.00!180.000!NO!LINE!15418.00!6551.00!15418.00!6639.00!0.00!!!!!NOTCONNECT!!!NO!!!!
S!ASSEMBLY_TOP!1275 1!C1!C0805!!C0805!15390.00!6595.00!180.000!NO!LINE!15362.00!6551.00!15418.00!6551.00!0.00!!!!!NOTCONNECT!!!NO!!!!
S!ASSEMBLY_TOP!1276 1!C1!C0805!!C0805!15390.00!6595.00!180.000!NO!LINE!15362.00!6639.00!15362.00!6551.00!0.00!!!!!NOTCONNECT!!!NO!!!!
S!ASSEMBLY_TOP!1277 1!C1!C0805!!C0805!15390.00!6595.00!180.000!NO!LINE!15418.00!6639.00!15362.00!6639.00!0.00!!!!!NOTCONNECT!!!NO!!!!
S!PLACE_BOUND_TOP!1281 1 0!C1!C0805!!C0805!15390.00!6595.00!180.000!NO!LINE!15440.00!6685.00!15440.00!6505.00!0.00!!!!!SHAPE!!!NO!!!!
S!PLACE_BOUND_TOP!1281 2 0!C1!C0805!!C0805!15390.00!6595.00!180.000!NO!LINE!15440.00!6505.00!15340.00!6505.00!0.00!!!!!SHAPE!!!NO!!!!
S!PLACE_BOUND_TOP!1281 3 0!C1!C0805!!C0805!15390.00!6595.00!180.000!NO!LINE!15340.00!6505.00!15340.00!6685.00!0.00!!!!!SHAPE!!!NO!!!!
S!PLACE_BOUND_TOP!1281 4 0!C1!C0805!!C0805!15390.00!6595.00!180.000!NO!LINE!15340.00!6685.00!15440.00!6685.00!0.00!!!!!SHAPE!!!NO!!!!
S!ASSEMBLY_TOP!1285 1!C12!C0805!!C0805!15215.00!6590.00!180.000!NO!LINE!15243.00!6546.00!15243.00!6634.00!0.00!!!!!NOTCONNECT!!!NO!!!!
S!ASSEMBLY_TOP!1286 1!C12!C0805!!C0805!15215.00!6590.00!180.000!NO!LINE!15187.00!6546.00!15243.00!6546.00!0.00!!!!!NOTCONNECT!!!NO!!!!
S!ASSEMBLY_TOP!1287 1!C12!C0805!!C0805!15215.00!6590.00!180.000!NO!LINE!15187.00!6634.00!15187.00!6546.00!0.00!!!!!NOTCONNECT!!!NO!!!!
S!ASSEMBLY_TOP!1288 1!C12!C0805!!C0805!15215.00!6590.00!180.000!NO!LINE!15243.00!6634.00!15187.00!6634.00!0.00!!!!!NOTCONNECT!!!NO!!!!
S!PLACE_BOUND_TOP!1292 1 0!C12!C0805!!C0805!15215.00!6590.00!180.000!NO!LINE!15265.00!6680.00!15265.00!6500.00!0.00!!!!!SHAPE!!!NO!!!!
S!PLACE_BOUND_TOP!1292 2 0!C12!C0805!!C0805!15215.00!6590.00!180.000!NO!LINE!15265.00!6500.00!15165.00!6500.00!0.00!!!!!SHAPE!!!NO!!!!
S!PLACE_BOUND_TOP!1292 3 0!C12!C0805!!C0805!15215.00!6590.00!180.000!NO!LINE!15165.00!6500.00!15165.00!6680.00!0.00!!!!!SHAPE!!!NO!!!!
S!PLACE_BOUND_TOP!1292 4 0!C12!C0805!!C0805!15215.00!6590.00!180.000!NO!LINE!15165.00!6680.00!15265.00!6680.00!0.00!!!!!SHAPE!!!NO!!!!
S!ASSEMBLY_TOP!1296 1!C10!C0805!!C0805!15065.00!6590.00!180.000!NO!LINE!15093.00!6546.00!15093.00!6634.00!0.00!!!!!NOTCONNECT!!!NO!!!!
S!ASSEMBLY_TOP!1297 1!C10!C0805!!C0805!15065.00!6590.00!180.000!NO!LINE!15037.00!6546.00!15093.00!6546.00!0.00!!!!!NOTCONNECT!!!NO!!!!
S!ASSEMBLY_TOP!1298 1!C10!C0805!!C0805!15065.00!6590.00!180.000!NO!LINE!15037.00!6634.00!15037.00!6546.00!0.00!!!!!NOTCONNECT!!!NO!!!!
S!ASSEMBLY_TOP!1299 1!C10!C0805!!C0805!15065.00!6590.00!180.000!NO!LINE!15093.00!6634.00!15037.00!6634.00!0.00!!!!!NOTCONNECT!!!NO!!!!
S!PLACE_BOUND_TOP!1303 1 0!C10!C0805!!C0805!15065.00!6590.00!180.000!NO!LINE!15115.00!6680.00!15115.00!6500.00!0.00!!!!!SHAPE!!!NO!!!!
S!PLACE_BOUND_TOP!1303 2 0!C10!C0805!!C0805!15065.00!6590.00!180.000!NO!LINE!15115.00!6500.00!15015.00!6500.00!0.00!!!!!SHAPE!!!NO!!!!
S!PLACE_BOUND_TOP!1303 3 0!C10!C0805!!C0805!15065.00!6590.00!180.000!NO!LINE!15015.00!6500.00!15015.00!6680.00!0.00!!!!!SHAPE!!!NO!!!!
S!PLACE_BOUND_TOP!1303 4 0!C10!C0805!!C0805!15065.00!6590.00!180.000!NO!LINE!15015.00!6680.00!15115.00!6680.00!0.00!!!!!SHAPE!!!NO!!!!
S!ASSEMBLY_TOP!1307 1!C5!C0805!!C0805!14935.00!6590.00!180.000!NO!LINE!14963.00!6546.00!14963.00!6634.00!0.00!!!!!NOTCONNECT!!!NO!!!!
S!ASSEMBLY_TOP!1308 1!C5!C0805!!C0805!14935.00!6590.00!180.000!NO!LINE!14907.00!6546.00!14963.00!6546.00!0.00!!!!!NOTCONNECT!!!NO!!!!
S!ASSEMBLY_TOP!1309 1!C5!C0805!!C0805!14935.00!6590.00!180.000!NO!LINE!14907.00!6634.00!14907.00!6546.00!0.00!!!!!NOTCONNECT!!!NO!!!!
S!ASSEMBLY_TOP!1310 1!C5!C0805!!C0805!14935.00!6590.00!180.000!NO!LINE!14963.00!6634.00!14907.00!6634.00!0.00!!!!!NOTCONNECT!!!NO!!!!
S!PLACE_BOUND_TOP!1314 1 0!C5!C0805!!C0805!14935.00!6590.00!180.000!NO!LINE!14985.00!6680.00!14985.00!6500.00!0.00!!!!!SHAPE!!!NO!!!!
S!PLACE_BOUND_TOP!1314 2 0!C5!C0805!!C0805!14935.00!6590.00!180.000!NO!LINE!14985.00!6500.00!14885.00!6500.00!0.00!!!!!SHAPE!!!NO!!!!
S!PLACE_BOUND_TOP!1314 3 0!C5!C0805!!C0805!14935.00!6590.00!180.000!NO!LINE!14885.00!6500.00!14885.00!6680.00!0.00!!!!!SHAPE!!!NO!!!!
S!PLACE_BOUND_TOP!1314 4 0!C5!C0805!!C0805!14935.00!6590.00!180.000!NO!LINE!14885.00!6680.00!14985.00!6680.00!0.00!!!!!SHAPE!!!NO!!!!
S!ASSEMBLY_TOP!1318 1!C4!C0805!!C0805!14935.00!7935.00!180.000!NO!LINE!14963.00!7891.00!14963.00!7979.00!0.00!!!!!NOTCONNECT!!!NO!!!!
S!ASSEMBLY_TOP!1319 1!C4!C0805!!C0805!14935.00!7935.00!180.000!NO!LINE!14907.00!7891.00!14963.00!7891.00!0.00!!!!!NOTCONNECT!!!NO!!!!
S!ASSEMBLY_TOP!1320 1!C4!C0805!!C0805!14935.00!7935.00!180.000!NO!LINE!14907.00!7979.00!14907.00!7891.00!0.00!!!!!NOTCONNECT!!!NO!!!!
S!ASSEMBLY_TOP!1321 1!C4!C0805!!C0805!14935.00!7935.00!180.000!NO!LINE!14963.00!7979.00!14907.00!7979.00!0.00!!!!!NOTCONNECT!!!NO!!!!
S!PLACE_BOUND_TOP!1325 1 0!C4!C0805!!C0805!14935.00!7935.00!180.000!NO!LINE!14985.00!8025.00!14985.00!7845.00!0.00!!!!!SHAPE!!!NO!!!!
S!PLACE_BOUND_TOP!1325 2 0!C4!C0805!!C0805!14935.00!7935.00!180.000!NO!LINE!14985.00!7845.00!14885.00!7845.00!0.00!!!!!SHAPE!!!NO!!!!
S!PLACE_BOUND_TOP!1325 3 0!C4!C0805!!C0805!14935.00!7935.00!180.000!NO!LINE!14885.00!7845.00!14885.00!8025.00!0.00!!!!!SHAPE!!!NO!!!!
S!PLACE_BOUND_TOP!1325 4 0!C4!C0805!!C0805!14935.00!7935.00!180.000!NO!LINE!14885.00!8025.00!14985.00!8025.00!0.00!!!!!SHAPE!!!NO!!!!
S!ASSEMBLY_TOP!1329 1!C3!C0805!!C0805!16815.00!8260.00!0.000!NO!LINE!16787.00!8304.00!16787.00!8216.00!0.00!!!!!NOTCONNECT!!!NO!!!!
S!ASSEMBLY_TOP!1330 1!C3!C0805!!C0805!16815.00!8260.00!0.000!NO!LINE!16843.00!8304.00!16787.00!8304.00!0.00!!!!!NOTCONNECT!!!NO!!!!
S!ASSEMBLY_TOP!1331 1!C3!C0805!!C0805!16815.00!8260.00!0.000!NO!LINE!16843.00!8216.00!16843.00!8304.00!0.00!!!!!NOTCONNECT!!!NO!!!!
S!ASSEMBLY_TOP!1332 1!C3!C0805!!C0805!16815.00!8260.00!0.000!NO!LINE!16787.00!8216.00!16843.00!8216.00!0.00!!!!!NOTCONNECT!!!NO!!!!
S!PLACE_BOUND_TOP!1336 1 0!C3!C0805!!C0805!16815.00!8260.00!0.000!NO!LINE!16765.00!8170.00!16765.00!8350.00!0.00!!!!!SHAPE!!!NO!!!!
S!PLACE_BOUND_TOP!1336 2 0!C3!C0805!!C0805!16815.00!8260.00!0.000!NO!LINE!16765.00!8350.00!16865.00!8350.00!0.00!!!!!SHAPE!!!NO!!!!
S!PLACE_BOUND_TOP!1336 3 0!C3!C0805!!C0805!16815.00!8260.00!0.000!NO!LINE!16865.00!8350.00!16865.00!8170.00!0.00!!!!!SHAPE!!!NO!!!!
S!PLACE_BOUND_TOP!1336 4 0!C3!C0805!!C0805!16815.00!8260.00!0.000!NO!LINE!16865.00!8170.00!16765.00!8170.00!0.00!!!!!SHAPE!!!NO!!!!
S!ASSEMBLY_TOP!1340 1!R16!R0805!!R0805!16375.00!6920.00!270.000!NO!LINE!16419.00!6948.00!16331.00!6948.00!0.00!!!!!NOTCONNECT!!!NO!!!!
S!ASSEMBLY_TOP!1341 1!R16!R0805!!R0805!16375.00!6920.00!270.000!NO!LINE!16419.00!6892.00!16419.00!6948.00!0.00!!!!!NOTCONNECT!!!NO!!!!
S!ASSEMBLY_TOP!1342 1!R16!R0805!!R0805!16375.00!6920.00!270.000!NO!LINE!16331.00!6892.00!16419.00!6892.00!0.00!!!!!NOTCONNECT!!!NO!!!!
S!ASSEMBLY_TOP!1343 1!R16!R0805!!R0805!16375.00!6920.00!270.000!NO!LINE!16331.00!6948.00!16331.00!6892.00!0.00!!!!!NOTCONNECT!!!NO!!!!
S!PLACE_BOUND_TOP!1347 1 0!R16!R0805!!R0805!16375.00!6920.00!270.000!NO!LINE!16465.00!6970.00!16465.00!6870.00!0.00!!!!!SHAPE!!!NO!!!!
S!PLACE_BOUND_TOP!1347 2 0!R16!R0805!!R0805!16375.00!6920.00!270.000!NO!LINE!16465.00!6870.00!16285.00!6870.00!0.00!!!!!SHAPE!!!NO!!!!
S!PLACE_BOUND_TOP!1347 3 0!R16!R0805!!R0805!16375.00!6920.00!270.000!NO!LINE!16285.00!6870.00!16285.00!6970.00!0.00!!!!!SHAPE!!!NO!!!!
S!PLACE_BOUND_TOP!1347 4 0!R16!R0805!!R0805!16375.00!6920.00!270.000!NO!LINE!16285.00!6970.00!16465.00!6970.00!0.00!!!!!SHAPE!!!NO!!!!
S!ASSEMBLY_TOP!1351 1!R15!R0805!!R0805!17175.00!6190.00!180.000!NO!LINE!17203.00!6146.00!17203.00!6234.00!0.00!!!!!NOTCONNECT!!!NO!!!!
S!ASSEMBLY_TOP!1352 1!R15!R0805!!R0805!17175.00!6190.00!180.000!NO!LINE!17147.00!6146.00!17203.00!6146.00!0.00!!!!!NOTCONNECT!!!NO!!!!
S!ASSEMBLY_TOP!1353 1!R15!R0805!!R0805!17175.00!6190.00!180.000!NO!LINE!17147.00!6234.00!17147.00!6146.00!0.00!!!!!NOTCONNECT!!!NO!!!!
S!ASSEMBLY_TOP!1354 1!R15!R0805!!R0805!17175.00!6190.00!180.000!NO!LINE!17203.00!6234.00!17147.00!6234.00!0.00!!!!!NOTCONNECT!!!NO!!!!
S!PLACE_BOUND_TOP!1358 1 0!R15!R0805!!R0805!17175.00!6190.00!180.000!NO!LINE!17225.00!6100.00!17125.00!6100.00!0.00!!!!!SHAPE!!!NO!!!!
S!PLACE_BOUND_TOP!1358 2 0!R15!R0805!!R0805!17175.00!6190.00!180.000!NO!LINE!17125.00!6100.00!17125.00!6280.00!0.00!!!!!SHAPE!!!NO!!!!
S!PLACE_BOUND_TOP!1358 3 0!R15!R0805!!R0805!17175.00!6190.00!180.000!NO!LINE!17125.00!6280.00!17225.00!6280.00!0.00!!!!!SHAPE!!!NO!!!!
S!PLACE_BOUND_TOP!1358 4 0!R15!R0805!!R0805!17175.00!6190.00!180.000!NO!LINE!17225.00!6280.00!17225.00!6100.00!0.00!!!!!SHAPE!!!NO!!!!
S!ASSEMBLY_TOP!1362 1!R23!R0805!!R0805!17175.00!5985.00!0.000!NO!LINE!17147.00!6029.00!17147.00!5941.00!0.00!!!!!NOTCONNECT!!!NO!!!!
S!ASSEMBLY_TOP!1363 1!R23!R0805!!R0805!17175.00!5985.00!0.000!NO!LINE!17203.00!6029.00!17147.00!6029.00!0.00!!!!!NOTCONNECT!!!NO!!!!
S!ASSEMBLY_TOP!1364 1!R23!R0805!!R0805!17175.00!5985.00!0.000!NO!LINE!17203.00!5941.00!17203.00!6029.00!0.00!!!!!NOTCONNECT!!!NO!!!!
S!ASSEMBLY_TOP!1365 1!R23!R0805!!R0805!17175.00!5985.00!0.000!NO!LINE!17147.00!5941.00!17203.00!5941.00!0.00!!!!!NOTCONNECT!!!NO!!!!
S!PLACE_BOUND_TOP!1369 1 0!R23!R0805!!R0805!17175.00!5985.00!0.000!NO!LINE!17125.00!6075.00!17225.00!6075.00!0.00!!!!!SHAPE!!!NO!!!!
S!PLACE_BOUND_TOP!1369 2 0!R23!R0805!!R0805!17175.00!5985.00!0.000!NO!LINE!17225.00!6075.00!17225.00!5895.00!0.00!!!!!SHAPE!!!NO!!!!
S!PLACE_BOUND_TOP!1369 3 0!R23!R0805!!R0805!17175.00!5985.00!0.000!NO!LINE!17225.00!5895.00!17125.00!5895.00!0.00!!!!!SHAPE!!!NO!!!!
S!PLACE_BOUND_TOP!1369 4 0!R23!R0805!!R0805!17175.00!5985.00!0.000!NO!LINE!17125.00!5895.00!17125.00!6075.00!0.00!!!!!SHAPE!!!NO!!!!
S!ASSEMBLY_TOP!1373 1!R24!R0805!!R0805!16135.00!6265.00!90.000!NO!LINE!16091.00!6237.00!16179.00!6237.00!0.00!!!!!NOTCONNECT!!!NO!!!!
S!ASSEMBLY_TOP!1374 1!R24!R0805!!R0805!16135.00!6265.00!90.000!NO!LINE!16091.00!6293.00!16091.00!6237.00!0.00!!!!!NOTCONNECT!!!NO!!!!
S!ASSEMBLY_TOP!1375 1!R24!R0805!!R0805!16135.00!6265.00!90.000!NO!LINE!16179.00!6293.00!16091.00!6293.00!0.00!!!!!NOTCONNECT!!!NO!!!!
S!ASSEMBLY_TOP!1376 1!R24!R0805!!R0805!16135.00!6265.00!90.000!NO!LINE!16179.00!6237.00!16179.00!6293.00!0.00!!!!!NOTCONNECT!!!NO!!!!
S!PLACE_BOUND_TOP!1380 1 0!R24!R0805!!R0805!16135.00!6265.00!90.000!NO!LINE!16045.00!6215.00!16045.00!6315.00!0.00!!!!!SHAPE!!!NO!!!!
S!PLACE_BOUND_TOP!1380 2 0!R24!R0805!!R0805!16135.00!6265.00!90.000!NO!LINE!16045.00!6315.00!16225.00!6315.00!0.00!!!!!SHAPE!!!NO!!!!
S!PLACE_BOUND_TOP!1380 3 0!R24!R0805!!R0805!16135.00!6265.00!90.000!NO!LINE!16225.00!6315.00!16225.00!6215.00!0.00!!!!!SHAPE!!!NO!!!!
S!PLACE_BOUND_TOP!1380 4 0!R24!R0805!!R0805!16135.00!6265.00!90.000!NO!LINE!16225.00!6215.00!16045.00!6215.00!0.00!!!!!SHAPE!!!NO!!!!
S!ASSEMBLY_TOP!1384 1!R14!R0805!!R0805!17180.00!6870.00!180.000!NO!LINE!17208.00!6826.00!17208.00!6914.00!0.00!!!!!NOTCONNECT!!!NO!!!!
S!ASSEMBLY_TOP!1385 1!R14!R0805!!R0805!17180.00!6870.00!180.000!NO!LINE!17152.00!6826.00!17208.00!6826.00!0.00!!!!!NOTCONNECT!!!NO!!!!
S!ASSEMBLY_TOP!1386 1!R14!R0805!!R0805!17180.00!6870.00!180.000!NO!LINE!17152.00!6914.00!17152.00!6826.00!0.00!!!!!NOTCONNECT!!!NO!!!!
S!ASSEMBLY_TOP!1387 1!R14!R0805!!R0805!17180.00!6870.00!180.000!NO!LINE!17208.00!6914.00!17152.00!6914.00!0.00!!!!!NOTCONNECT!!!NO!!!!
S!PLACE_BOUND_TOP!1391 1 0!R14!R0805!!R0805!17180.00!6870.00!180.000!NO!LINE!17230.00!6780.00!17130.00!6780.00!0.00!!!!!SHAPE!!!NO!!!!
S!PLACE_BOUND_TOP!1391 2 0!R14!R0805!!R0805!17180.00!6870.00!180.000!NO!LINE!17130.00!6780.00!17130.00!6960.00!0.00!!!!!SHAPE!!!NO!!!!
S!PLACE_BOUND_TOP!1391 3 0!R14!R0805!!R0805!17180.00!6870.00!180.000!NO!LINE!17130.00!6960.00!17230.00!6960.00!0.00!!!!!SHAPE!!!NO!!!!
S!PLACE_BOUND_TOP!1391 4 0!R14!R0805!!R0805!17180.00!6870.00!180.000!NO!LINE!17230.00!6960.00!17230.00!6780.00!0.00!!!!!SHAPE!!!NO!!!!
S!ASSEMBLY_TOP!1395 1!R22!R0805!!R0805!17180.00!6675.00!0.000!NO!LINE!17152.00!6719.00!17152.00!6631.00!0.00!!!!!NOTCONNECT!!!NO!!!!
S!ASSEMBLY_TOP!1396 1!R22!R0805!!R0805!17180.00!6675.00!0.000!NO!LINE!17208.00!6719.00!17152.00!6719.00!0.00!!!!!NOTCONNECT!!!NO!!!!
S!ASSEMBLY_TOP!1397 1!R22!R0805!!R0805!17180.00!6675.00!0.000!NO!LINE!17208.00!6631.00!17208.00!6719.00!0.00!!!!!NOTCONNECT!!!NO!!!!
S!ASSEMBLY_TOP!1398 1!R22!R0805!!R0805!17180.00!6675.00!0.000!NO!LINE!17152.00!6631.00!17208.00!6631.00!0.00!!!!!NOTCONNECT!!!NO!!!!
S!PLACE_BOUND_TOP!1402 1 0!R22!R0805!!R0805!17180.00!6675.00!0.000!NO!LINE!17130.00!6765.00!17230.00!6765.00!0.00!!!!!SHAPE!!!NO!!!!
S!PLACE_BOUND_TOP!1402 2 0!R22!R0805!!R0805!17180.00!6675.00!0.000!NO!LINE!17230.00!6765.00!17230.00!6585.00!0.00!!!!!SHAPE!!!NO!!!!
S!PLACE_BOUND_TOP!1402 3 0!R22!R0805!!R0805!17180.00!6675.00!0.000!NO!LINE!17230.00!6585.00!17130.00!6585.00!0.00!!!!!SHAPE!!!NO!!!!
S!PLACE_BOUND_TOP!1402 4 0!R22!R0805!!R0805!17180.00!6675.00!0.000!NO!LINE!17130.00!6585.00!17130.00!6765.00!0.00!!!!!SHAPE!!!NO!!!!
S!ASSEMBLY_TOP!1406 1!R13!R0805!!R0805!17175.00!7500.00!180.000!NO!LINE!17203.00!7456.00!17203.00!7544.00!0.00!!!!!NOTCONNECT!!!NO!!!!
S!ASSEMBLY_TOP!1407 1!R13!R0805!!R0805!17175.00!7500.00!180.000!NO!LINE!17147.00!7456.00!17203.00!7456.00!0.00!!!!!NOTCONNECT!!!NO!!!!
S!ASSEMBLY_TOP!1408 1!R13!R0805!!R0805!17175.00!7500.00!180.000!NO!LINE!17147.00!7544.00!17147.00!7456.00!0.00!!!!!NOTCONNECT!!!NO!!!!
S!ASSEMBLY_TOP!1409 1!R13!R0805!!R0805!17175.00!7500.00!180.000!NO!LINE!17203.00!7544.00!17147.00!7544.00!0.00!!!!!NOTCONNECT!!!NO!!!!
S!PLACE_BOUND_TOP!1413 1 0!R13!R0805!!R0805!17175.00!7500.00!180.000!NO!LINE!17225.00!7410.00!17125.00!7410.00!0.00!!!!!SHAPE!!!NO!!!!
S!PLACE_BOUND_TOP!1413 2 0!R13!R0805!!R0805!17175.00!7500.00!180.000!NO!LINE!17125.00!7410.00!17125.00!7590.00!0.00!!!!!SHAPE!!!NO!!!!
S!PLACE_BOUND_TOP!1413 3 0!R13!R0805!!R0805!17175.00!7500.00!180.000!NO!LINE!17125.00!7590.00!17225.00!7590.00!0.00!!!!!SHAPE!!!NO!!!!
S!PLACE_BOUND_TOP!1413 4 0!R13!R0805!!R0805!17175.00!7500.00!180.000!NO!LINE!17225.00!7590.00!17225.00!7410.00!0.00!!!!!SHAPE!!!NO!!!!
S!ASSEMBLY_TOP!1417 1!R21!R0805!!R0805!17175.00!7305.00!0.000!NO!LINE!17147.00!7349.00!17147.00!7261.00!0.00!!!!!NOTCONNECT!!!NO!!!!
S!ASSEMBLY_TOP!1418 1!R21!R0805!!R0805!17175.00!7305.00!0.000!NO!LINE!17203.00!7349.00!17147.00!7349.00!0.00!!!!!NOTCONNECT!!!NO!!!!
S!ASSEMBLY_TOP!1419 1!R21!R0805!!R0805!17175.00!7305.00!0.000!NO!LINE!17203.00!7261.00!17203.00!7349.00!0.00!!!!!NOTCONNECT!!!NO!!!!
S!ASSEMBLY_TOP!1420 1!R21!R0805!!R0805!17175.00!7305.00!0.000!NO!LINE!17147.00!7261.00!17203.00!7261.00!0.00!!!!!NOTCONNECT!!!NO!!!!
S!PLACE_BOUND_TOP!1424 1 0!R21!R0805!!R0805!17175.00!7305.00!0.000!NO!LINE!17125.00!7395.00!17225.00!7395.00!0.00!!!!!SHAPE!!!NO!!!!
S!PLACE_BOUND_TOP!1424 2 0!R21!R0805!!R0805!17175.00!7305.00!0.000!NO!LINE!17225.00!7395.00!17225.00!7215.00!0.00!!!!!SHAPE!!!NO!!!!
S!PLACE_BOUND_TOP!1424 3 0!R21!R0805!!R0805!17175.00!7305.00!0.000!NO!LINE!17225.00!7215.00!17125.00!7215.00!0.00!!!!!SHAPE!!!NO!!!!
S!PLACE_BOUND_TOP!1424 4 0!R21!R0805!!R0805!17175.00!7305.00!0.000!NO!LINE!17125.00!7215.00!17125.00!7395.00!0.00!!!!!SHAPE!!!NO!!!!
S!ASSEMBLY_TOP!1428 1!R12!R0805!!R0805!17175.00!8160.00!180.000!NO!LINE!17203.00!8116.00!17203.00!8204.00!0.00!!!!!NOTCONNECT!!!NO!!!!
S!ASSEMBLY_TOP!1429 1!R12!R0805!!R0805!17175.00!8160.00!180.000!NO!LINE!17147.00!8116.00!17203.00!8116.00!0.00!!!!!NOTCONNECT!!!NO!!!!
S!ASSEMBLY_TOP!1430 1!R12!R0805!!R0805!17175.00!8160.00!180.000!NO!LINE!17147.00!8204.00!17147.00!8116.00!0.00!!!!!NOTCONNECT!!!NO!!!!
S!ASSEMBLY_TOP!1431 1!R12!R0805!!R0805!17175.00!8160.00!180.000!NO!LINE!17203.00!8204.00!17147.00!8204.00!0.00!!!!!NOTCONNECT!!!NO!!!!
S!PLACE_BOUND_TOP!1435 1 0!R12!R0805!!R0805!17175.00!8160.00!180.000!NO!LINE!17225.00!8070.00!17125.00!8070.00!0.00!!!!!SHAPE!!!NO!!!!
S!PLACE_BOUND_TOP!1435 2 0!R12!R0805!!R0805!17175.00!8160.00!180.000!NO!LINE!17125.00!8070.00!17125.00!8250.00!0.00!!!!!SHAPE!!!NO!!!!
S!PLACE_BOUND_TOP!1435 3 0!R12!R0805!!R0805!17175.00!8160.00!180.000!NO!LINE!17125.00!8250.00!17225.00!8250.00!0.00!!!!!SHAPE!!!NO!!!!
S!PLACE_BOUND_TOP!1435 4 0!R12!R0805!!R0805!17175.00!8160.00!180.000!NO!LINE!17225.00!8250.00!17225.00!8070.00!0.00!!!!!SHAPE!!!NO!!!!
S!ASSEMBLY_TOP!1439 1!R20!R0805!!R0805!17175.00!7960.00!0.000!NO!LINE!17147.00!8004.00!17147.00!7916.00!0.00!!!!!NOTCONNECT!!!NO!!!!
S!ASSEMBLY_TOP!1440 1!R20!R0805!!R0805!17175.00!7960.00!0.000!NO!LINE!17203.00!8004.00!17147.00!8004.00!0.00!!!!!NOTCONNECT!!!NO!!!!
S!ASSEMBLY_TOP!1441 1!R20!R0805!!R0805!17175.00!7960.00!0.000!NO!LINE!17203.00!7916.00!17203.00!8004.00!0.00!!!!!NOTCONNECT!!!NO!!!!
S!ASSEMBLY_TOP!1442 1!R20!R0805!!R0805!17175.00!7960.00!0.000!NO!LINE!17147.00!7916.00!17203.00!7916.00!0.00!!!!!NOTCONNECT!!!NO!!!!
S!PLACE_BOUND_TOP!1446 1 0!R20!R0805!!R0805!17175.00!7960.00!0.000!NO!LINE!17125.00!8050.00!17225.00!8050.00!0.00!!!!!SHAPE!!!NO!!!!
S!PLACE_BOUND_TOP!1446 2 0!R20!R0805!!R0805!17175.00!7960.00!0.000!NO!LINE!17225.00!8050.00!17225.00!7870.00!0.00!!!!!SHAPE!!!NO!!!!
S!PLACE_BOUND_TOP!1446 3 0!R20!R0805!!R0805!17175.00!7960.00!0.000!NO!LINE!17225.00!7870.00!17125.00!7870.00!0.00!!!!!SHAPE!!!NO!!!!
S!PLACE_BOUND_TOP!1446 4 0!R20!R0805!!R0805!17175.00!7960.00!0.000!NO!LINE!17125.00!7870.00!17125.00!8050.00!0.00!!!!!SHAPE!!!NO!!!!
S!ASSEMBLY_TOP!1450 1!R25!R0805!!R0805!17175.00!8615.00!0.000!NO!LINE!17147.00!8659.00!17147.00!8571.00!0.00!!!!!NOTCONNECT!!!NO!!!!
S!ASSEMBLY_TOP!1451 1!R25!R0805!!R0805!17175.00!8615.00!0.000!NO!LINE!17203.00!8659.00!17147.00!8659.00!0.00!!!!!NOTCONNECT!!!NO!!!!
S!ASSEMBLY_TOP!1452 1!R25!R0805!!R0805!17175.00!8615.00!0.000!NO!LINE!17203.00!8571.00!17203.00!8659.00!0.00!!!!!NOTCONNECT!!!NO!!!!
S!ASSEMBLY_TOP!1453 1!R25!R0805!!R0805!17175.00!8615.00!0.000!NO!LINE!17147.00!8571.00!17203.00!8571.00!0.00!!!!!NOTCONNECT!!!NO!!!!
S!PLACE_BOUND_TOP!1457 1 0!R25!R0805!!R0805!17175.00!8615.00!0.000!NO!LINE!17125.00!8705.00!17225.00!8705.00!0.00!!!!!SHAPE!!!NO!!!!
S!PLACE_BOUND_TOP!1457 2 0!R25!R0805!!R0805!17175.00!8615.00!0.000!NO!LINE!17225.00!8705.00!17225.00!8525.00!0.00!!!!!SHAPE!!!NO!!!!
S!PLACE_BOUND_TOP!1457 3 0!R25!R0805!!R0805!17175.00!8615.00!0.000!NO!LINE!17225.00!8525.00!17125.00!8525.00!0.00!!!!!SHAPE!!!NO!!!!
S!PLACE_BOUND_TOP!1457 4 0!R25!R0805!!R0805!17175.00!8615.00!0.000!NO!LINE!17125.00!8525.00!17125.00!8705.00!0.00!!!!!SHAPE!!!NO!!!!
S!ASSEMBLY_TOP!1461 1!R17!R0805!!R0805!17175.00!8815.00!180.000!NO!LINE!17203.00!8771.00!17203.00!8859.00!0.00!!!!!NOTCONNECT!!!NO!!!!
S!ASSEMBLY_TOP!1462 1!R17!R0805!!R0805!17175.00!8815.00!180.000!NO!LINE!17147.00!8771.00!17203.00!8771.00!0.00!!!!!NOTCONNECT!!!NO!!!!
S!ASSEMBLY_TOP!1463 1!R17!R0805!!R0805!17175.00!8815.00!180.000!NO!LINE!17147.00!8859.00!17147.00!8771.00!0.00!!!!!NOTCONNECT!!!NO!!!!
S!ASSEMBLY_TOP!1464 1!R17!R0805!!R0805!17175.00!8815.00!180.000!NO!LINE!17203.00!8859.00!17147.00!8859.00!0.00!!!!!NOTCONNECT!!!NO!!!!
S!PLACE_BOUND_TOP!1468 1 0!R17!R0805!!R0805!17175.00!8815.00!180.000!NO!LINE!17225.00!8725.00!17125.00!8725.00!0.00!!!!!SHAPE!!!NO!!!!
S!PLACE_BOUND_TOP!1468 2 0!R17!R0805!!R0805!17175.00!8815.00!180.000!NO!LINE!17125.00!8725.00!17125.00!8905.00!0.00!!!!!SHAPE!!!NO!!!!
S!PLACE_BOUND_TOP!1468 3 0!R17!R0805!!R0805!17175.00!8815.00!180.000!NO!LINE!17125.00!8905.00!17225.00!8905.00!0.00!!!!!SHAPE!!!NO!!!!
S!PLACE_BOUND_TOP!1468 4 0!R17!R0805!!R0805!17175.00!8815.00!180.000!NO!LINE!17225.00!8905.00!17225.00!8725.00!0.00!!!!!SHAPE!!!NO!!!!
S!ASSEMBLY_TOP!1472 1!R26!R0805!!R0805!17175.00!9280.00!0.000!NO!LINE!17147.00!9324.00!17147.00!9236.00!0.00!!!!!NOTCONNECT!!!NO!!!!
S!ASSEMBLY_TOP!1473 1!R26!R0805!!R0805!17175.00!9280.00!0.000!NO!LINE!17203.00!9324.00!17147.00!9324.00!0.00!!!!!NOTCONNECT!!!NO!!!!
S!ASSEMBLY_TOP!1474 1!R26!R0805!!R0805!17175.00!9280.00!0.000!NO!LINE!17203.00!9236.00!17203.00!9324.00!0.00!!!!!NOTCONNECT!!!NO!!!!
S!ASSEMBLY_TOP!1475 1!R26!R0805!!R0805!17175.00!9280.00!0.000!NO!LINE!17147.00!9236.00!17203.00!9236.00!0.00!!!!!NOTCONNECT!!!NO!!!!
S!PLACE_BOUND_TOP!1479 1 0!R26!R0805!!R0805!17175.00!9280.00!0.000!NO!LINE!17125.00!9370.00!17225.00!9370.00!0.00!!!!!SHAPE!!!NO!!!!
S!PLACE_BOUND_TOP!1479 2 0!R26!R0805!!R0805!17175.00!9280.00!0.000!NO!LINE!17225.00!9370.00!17225.00!9190.00!0.00!!!!!SHAPE!!!NO!!!!
S!PLACE_BOUND_TOP!1479 3 0!R26!R0805!!R0805!17175.00!9280.00!0.000!NO!LINE!17225.00!9190.00!17125.00!9190.00!0.00!!!!!SHAPE!!!NO!!!!
S!PLACE_BOUND_TOP!1479 4 0!R26!R0805!!R0805!17175.00!9280.00!0.000!NO!LINE!17125.00!9190.00!17125.00!9370.00!0.00!!!!!SHAPE!!!NO!!!!
S!ASSEMBLY_TOP!1483 1!R18!R0805!!R0805!17175.00!9480.00!180.000!NO!LINE!17203.00!9436.00!17203.00!9524.00!0.00!!!!!NOTCONNECT!!!NO!!!!
S!ASSEMBLY_TOP!1484 1!R18!R0805!!R0805!17175.00!9480.00!180.000!NO!LINE!17147.00!9436.00!17203.00!9436.00!0.00!!!!!NOTCONNECT!!!NO!!!!
S!ASSEMBLY_TOP!1485 1!R18!R0805!!R0805!17175.00!9480.00!180.000!NO!LINE!17147.00!9524.00!17147.00!9436.00!0.00!!!!!NOTCONNECT!!!NO!!!!
S!ASSEMBLY_TOP!1486 1!R18!R0805!!R0805!17175.00!9480.00!180.000!NO!LINE!17203.00!9524.00!17147.00!9524.00!0.00!!!!!NOTCONNECT!!!NO!!!!
S!PLACE_BOUND_TOP!1490 1 0!R18!R0805!!R0805!17175.00!9480.00!180.000!NO!LINE!17225.00!9390.00!17125.00!9390.00!0.00!!!!!SHAPE!!!NO!!!!
S!PLACE_BOUND_TOP!1490 2 0!R18!R0805!!R0805!17175.00!9480.00!180.000!NO!LINE!17125.00!9390.00!17125.00!9570.00!0.00!!!!!SHAPE!!!NO!!!!
S!PLACE_BOUND_TOP!1490 3 0!R18!R0805!!R0805!17175.00!9480.00!180.000!NO!LINE!17125.00!9570.00!17225.00!9570.00!0.00!!!!!SHAPE!!!NO!!!!
S!PLACE_BOUND_TOP!1490 4 0!R18!R0805!!R0805!17175.00!9480.00!180.000!NO!LINE!17225.00!9570.00!17225.00!9390.00!0.00!!!!!SHAPE!!!NO!!!!
S!ASSEMBLY_TOP!1494 1!R5!R0805!!R0805!15225.00!8190.00!180.000!NO!LINE!15253.00!8146.00!15253.00!8234.00!0.00!!!!!NOTCONNECT!!!NO!!!!
S!ASSEMBLY_TOP!1495 1!R5!R0805!!R0805!15225.00!8190.00!180.000!NO!LINE!15197.00!8146.00!15253.00!8146.00!0.00!!!!!NOTCONNECT!!!NO!!!!
S!ASSEMBLY_TOP!1496 1!R5!R0805!!R0805!15225.00!8190.00!180.000!NO!LINE!15197.00!8234.00!15197.00!8146.00!0.00!!!!!NOTCONNECT!!!NO!!!!
S!ASSEMBLY_TOP!1497 1!R5!R0805!!R0805!15225.00!8190.00!180.000!NO!LINE!15253.00!8234.00!15197.00!8234.00!0.00!!!!!NOTCONNECT!!!NO!!!!
S!PLACE_BOUND_TOP!1501 1 0!R5!R0805!!R0805!15225.00!8190.00!180.000!NO!LINE!15275.00!8100.00!15175.00!8100.00!0.00!!!!!SHAPE!!!NO!!!!
S!PLACE_BOUND_TOP!1501 2 0!R5!R0805!!R0805!15225.00!8190.00!180.000!NO!LINE!15175.00!8100.00!15175.00!8280.00!0.00!!!!!SHAPE!!!NO!!!!
S!PLACE_BOUND_TOP!1501 3 0!R5!R0805!!R0805!15225.00!8190.00!180.000!NO!LINE!15175.00!8280.00!15275.00!8280.00!0.00!!!!!SHAPE!!!NO!!!!
S!PLACE_BOUND_TOP!1501 4 0!R5!R0805!!R0805!15225.00!8190.00!180.000!NO!LINE!15275.00!8280.00!15275.00!8100.00!0.00!!!!!SHAPE!!!NO!!!!
S!ASSEMBLY_TOP!1505 1!D14!D0805!!D0805!16215.00!7045.00!270.000!NO!LINE!16259.00!7073.00!16171.00!7073.00!0.00!!!!!NOTCONNECT!!!NO!!!!
S!ASSEMBLY_TOP!1506 1!D14!D0805!!D0805!16215.00!7045.00!270.000!NO!LINE!16259.00!7017.00!16259.00!7073.00!0.00!!!!!NOTCONNECT!!!NO!!!!
S!ASSEMBLY_TOP!1507 1!D14!D0805!!D0805!16215.00!7045.00!270.000!NO!LINE!16171.00!7017.00!16259.00!7017.00!0.00!!!!!NOTCONNECT!!!NO!!!!
S!ASSEMBLY_TOP!1508 1!D14!D0805!!D0805!16215.00!7045.00!270.000!NO!LINE!16171.00!7073.00!16171.00!7017.00!0.00!!!!!NOTCONNECT!!!NO!!!!
S!PLACE_BOUND_TOP!1512 1 0!D14!D0805!!D0805!16215.00!7045.00!270.000!NO!LINE!16305.00!7095.00!16305.00!6995.00!0.00!!!!!SHAPE!!!NO!!!!
S!PLACE_BOUND_TOP!1512 2 0!D14!D0805!!D0805!16215.00!7045.00!270.000!NO!LINE!16305.00!6995.00!16125.00!6995.00!0.00!!!!!SHAPE!!!NO!!!!
S!PLACE_BOUND_TOP!1512 3 0!D14!D0805!!D0805!16215.00!7045.00!270.000!NO!LINE!16125.00!6995.00!16125.00!7095.00!0.00!!!!!SHAPE!!!NO!!!!
S!PLACE_BOUND_TOP!1512 4 0!D14!D0805!!D0805!16215.00!7045.00!270.000!NO!LINE!16125.00!7095.00!16305.00!7095.00!0.00!!!!!SHAPE!!!NO!!!!
S!ASSEMBLY_TOP!1517 1!D13!D0805!!D0805!17175.00!6400.00!0.000!NO!LINE!17147.00!6444.00!17147.00!6356.00!0.00!!!!!NOTCONNECT!!!NO!!!!
S!ASSEMBLY_TOP!1518 1!D13!D0805!!D0805!17175.00!6400.00!0.000!NO!LINE!17203.00!6444.00!17147.00!6444.00!0.00!!!!!NOTCONNECT!!!NO!!!!
S!ASSEMBLY_TOP!1519 1!D13!D0805!!D0805!17175.00!6400.00!0.000!NO!LINE!17203.00!6356.00!17203.00!6444.00!0.00!!!!!NOTCONNECT!!!NO!!!!
S!ASSEMBLY_TOP!1520 1!D13!D0805!!D0805!17175.00!6400.00!0.000!NO!LINE!17147.00!6356.00!17203.00!6356.00!0.00!!!!!NOTCONNECT!!!NO!!!!
S!PLACE_BOUND_TOP!1524 1 0!D13!D0805!!D0805!17175.00!6400.00!0.000!NO!LINE!17125.00!6490.00!17225.00!6490.00!0.00!!!!!SHAPE!!!NO!!!!
S!PLACE_BOUND_TOP!1524 2 0!D13!D0805!!D0805!17175.00!6400.00!0.000!NO!LINE!17225.00!6490.00!17225.00!6310.00!0.00!!!!!SHAPE!!!NO!!!!
S!PLACE_BOUND_TOP!1524 3 0!D13!D0805!!D0805!17175.00!6400.00!0.000!NO!LINE!17225.00!6310.00!17125.00!6310.00!0.00!!!!!SHAPE!!!NO!!!!
S!PLACE_BOUND_TOP!1524 4 0!D13!D0805!!D0805!17175.00!6400.00!0.000!NO!LINE!17125.00!6310.00!17125.00!6490.00!0.00!!!!!SHAPE!!!NO!!!!
S!ASSEMBLY_TOP!1529 1!D12!D0805!!D0805!17175.00!7075.00!0.000!NO!LINE!17147.00!7119.00!17147.00!7031.00!0.00!!!!!NOTCONNECT!!!NO!!!!
S!ASSEMBLY_TOP!1530 1!D12!D0805!!D0805!17175.00!7075.00!0.000!NO!LINE!17203.00!7119.00!17147.00!7119.00!0.00!!!!!NOTCONNECT!!!NO!!!!
S!ASSEMBLY_TOP!1531 1!D12!D0805!!D0805!17175.00!7075.00!0.000!NO!LINE!17203.00!7031.00!17203.00!7119.00!0.00!!!!!NOTCONNECT!!!NO!!!!
S!ASSEMBLY_TOP!1532 1!D12!D0805!!D0805!17175.00!7075.00!0.000!NO!LINE!17147.00!7031.00!17203.00!7031.00!0.00!!!!!NOTCONNECT!!!NO!!!!
S!PLACE_BOUND_TOP!1536 1 0!D12!D0805!!D0805!17175.00!7075.00!0.000!NO!LINE!17125.00!7165.00!17225.00!7165.00!0.00!!!!!SHAPE!!!NO!!!!
S!PLACE_BOUND_TOP!1536 2 0!D12!D0805!!D0805!17175.00!7075.00!0.000!NO!LINE!17225.00!7165.00!17225.00!6985.00!0.00!!!!!SHAPE!!!NO!!!!
S!PLACE_BOUND_TOP!1536 3 0!D12!D0805!!D0805!17175.00!7075.00!0.000!NO!LINE!17225.00!6985.00!17125.00!6985.00!0.00!!!!!SHAPE!!!NO!!!!
S!PLACE_BOUND_TOP!1536 4 0!D12!D0805!!D0805!17175.00!7075.00!0.000!NO!LINE!17125.00!6985.00!17125.00!7165.00!0.00!!!!!SHAPE!!!NO!!!!
S!ASSEMBLY_TOP!1541 1!D11!D0805!!D0805!17175.00!7710.00!0.000!NO!LINE!17147.00!7754.00!17147.00!7666.00!0.00!!!!!NOTCONNECT!!!NO!!!!
S!ASSEMBLY_TOP!1542 1!D11!D0805!!D0805!17175.00!7710.00!0.000!NO!LINE!17203.00!7754.00!17147.00!7754.00!0.00!!!!!NOTCONNECT!!!NO!!!!
S!ASSEMBLY_TOP!1543 1!D11!D0805!!D0805!17175.00!7710.00!0.000!NO!LINE!17203.00!7666.00!17203.00!7754.00!0.00!!!!!NOTCONNECT!!!NO!!!!
S!ASSEMBLY_TOP!1544 1!D11!D0805!!D0805!17175.00!7710.00!0.000!NO!LINE!17147.00!7666.00!17203.00!7666.00!0.00!!!!!NOTCONNECT!!!NO!!!!
S!PLACE_BOUND_TOP!1548 1 0!D11!D0805!!D0805!17175.00!7710.00!0.000!NO!LINE!17125.00!7800.00!17225.00!7800.00!0.00!!!!!SHAPE!!!NO!!!!
S!PLACE_BOUND_TOP!1548 2 0!D11!D0805!!D0805!17175.00!7710.00!0.000!NO!LINE!17225.00!7800.00!17225.00!7620.00!0.00!!!!!SHAPE!!!NO!!!!
S!PLACE_BOUND_TOP!1548 3 0!D11!D0805!!D0805!17175.00!7710.00!0.000!NO!LINE!17225.00!7620.00!17125.00!7620.00!0.00!!!!!SHAPE!!!NO!!!!
S!PLACE_BOUND_TOP!1548 4 0!D11!D0805!!D0805!17175.00!7710.00!0.000!NO!LINE!17125.00!7620.00!17125.00!7800.00!0.00!!!!!SHAPE!!!NO!!!!
S!ASSEMBLY_TOP!1553 1!D1!D0805!!D0805!17175.00!8365.00!0.000!NO!LINE!17147.00!8409.00!17147.00!8321.00!0.00!!!!!NOTCONNECT!!!NO!!!!
S!ASSEMBLY_TOP!1554 1!D1!D0805!!D0805!17175.00!8365.00!0.000!NO!LINE!17203.00!8409.00!17147.00!8409.00!0.00!!!!!NOTCONNECT!!!NO!!!!
S!ASSEMBLY_TOP!1555 1!D1!D0805!!D0805!17175.00!8365.00!0.000!NO!LINE!17203.00!8321.00!17203.00!8409.00!0.00!!!!!NOTCONNECT!!!NO!!!!
S!ASSEMBLY_TOP!1556 1!D1!D0805!!D0805!17175.00!8365.00!0.000!NO!LINE!17147.00!8321.00!17203.00!8321.00!0.00!!!!!NOTCONNECT!!!NO!!!!
S!PLACE_BOUND_TOP!1560 1 0!D1!D0805!!D0805!17175.00!8365.00!0.000!NO!LINE!17125.00!8455.00!17225.00!8455.00!0.00!!!!!SHAPE!!!NO!!!!
S!PLACE_BOUND_TOP!1560 2 0!D1!D0805!!D0805!17175.00!8365.00!0.000!NO!LINE!17225.00!8455.00!17225.00!8275.00!0.00!!!!!SHAPE!!!NO!!!!
S!PLACE_BOUND_TOP!1560 3 0!D1!D0805!!D0805!17175.00!8365.00!0.000!NO!LINE!17225.00!8275.00!17125.00!8275.00!0.00!!!!!SHAPE!!!NO!!!!
S!PLACE_BOUND_TOP!1560 4 0!D1!D0805!!D0805!17175.00!8365.00!0.000!NO!LINE!17125.00!8275.00!17125.00!8455.00!0.00!!!!!SHAPE!!!NO!!!!
S!ASSEMBLY_TOP!1565 1!D15!D0805!!D0805!17175.00!9020.00!0.000!NO!LINE!17147.00!9064.00!17147.00!8976.00!0.00!!!!!NOTCONNECT!!!NO!!!!
S!ASSEMBLY_TOP!1566 1!D15!D0805!!D0805!17175.00!9020.00!0.000!NO!LINE!17203.00!9064.00!17147.00!9064.00!0.00!!!!!NOTCONNECT!!!NO!!!!
S!ASSEMBLY_TOP!1567 1!D15!D0805!!D0805!17175.00!9020.00!0.000!NO!LINE!17203.00!8976.00!17203.00!9064.00!0.00!!!!!NOTCONNECT!!!NO!!!!
S!ASSEMBLY_TOP!1568 1!D15!D0805!!D0805!17175.00!9020.00!0.000!NO!LINE!17147.00!8976.00!17203.00!8976.00!0.00!!!!!NOTCONNECT!!!NO!!!!
S!PLACE_BOUND_TOP!1572 1 0!D15!D0805!!D0805!17175.00!9020.00!0.000!NO!LINE!17125.00!9110.00!17225.00!9110.00!0.00!!!!!SHAPE!!!NO!!!!
S!PLACE_BOUND_TOP!1572 2 0!D15!D0805!!D0805!17175.00!9020.00!0.000!NO!LINE!17225.00!9110.00!17225.00!8930.00!0.00!!!!!SHAPE!!!NO!!!!
S!PLACE_BOUND_TOP!1572 3 0!D15!D0805!!D0805!17175.00!9020.00!0.000!NO!LINE!17225.00!8930.00!17125.00!8930.00!0.00!!!!!SHAPE!!!NO!!!!
S!PLACE_BOUND_TOP!1572 4 0!D15!D0805!!D0805!17175.00!9020.00!0.000!NO!LINE!17125.00!8930.00!17125.00!9110.00!0.00!!!!!SHAPE!!!NO!!!!
S!ASSEMBLY_TOP!1577 1!D16!D0805!!D0805!17175.00!9685.00!0.000!NO!LINE!17147.00!9729.00!17147.00!9641.00!0.00!!!!!NOTCONNECT!!!NO!!!!
S!ASSEMBLY_TOP!1578 1!D16!D0805!!D0805!17175.00!9685.00!0.000!NO!LINE!17203.00!9729.00!17147.00!9729.00!0.00!!!!!NOTCONNECT!!!NO!!!!
S!ASSEMBLY_TOP!1579 1!D16!D0805!!D0805!17175.00!9685.00!0.000!NO!LINE!17203.00!9641.00!17203.00!9729.00!0.00!!!!!NOTCONNECT!!!NO!!!!
S!ASSEMBLY_TOP!1580 1!D16!D0805!!D0805!17175.00!9685.00!0.000!NO!LINE!17147.00!9641.00!17203.00!9641.00!0.00!!!!!NOTCONNECT!!!NO!!!!
S!PLACE_BOUND_TOP!1584 1 0!D16!D0805!!D0805!17175.00!9685.00!0.000!NO!LINE!17125.00!9775.00!17225.00!9775.00!0.00!!!!!SHAPE!!!NO!!!!
S!PLACE_BOUND_TOP!1584 2 0!D16!D0805!!D0805!17175.00!9685.00!0.000!NO!LINE!17225.00!9775.00!17225.00!9595.00!0.00!!!!!SHAPE!!!NO!!!!
S!PLACE_BOUND_TOP!1584 3 0!D16!D0805!!D0805!17175.00!9685.00!0.000!NO!LINE!17225.00!9595.00!17125.00!9595.00!0.00!!!!!SHAPE!!!NO!!!!
S!PLACE_BOUND_TOP!1584 4 0!D16!D0805!!D0805!17175.00!9685.00!0.000!NO!LINE!17125.00!9595.00!17125.00!9775.00!0.00!!!!!SHAPE!!!NO!!!!
S!ASSEMBLY_TOP!1589 1!D5!D0805!!D0805!15090.00!8190.00!180.000!NO!LINE!15118.00!8146.00!15118.00!8234.00!0.00!!!!!NOTCONNECT!!!NO!!!!
S!ASSEMBLY_TOP!1590 1!D5!D0805!!D0805!15090.00!8190.00!180.000!NO!LINE!15062.00!8146.00!15118.00!8146.00!0.00!!!!!NOTCONNECT!!!NO!!!!
S!ASSEMBLY_TOP!1591 1!D5!D0805!!D0805!15090.00!8190.00!180.000!NO!LINE!15062.00!8234.00!15062.00!8146.00!0.00!!!!!NOTCONNECT!!!NO!!!!
S!ASSEMBLY_TOP!1592 1!D5!D0805!!D0805!15090.00!8190.00!180.000!NO!LINE!15118.00!8234.00!15062.00!8234.00!0.00!!!!!NOTCONNECT!!!NO!!!!
S!PLACE_BOUND_TOP!1596 1 0!D5!D0805!!D0805!15090.00!8190.00!180.000!NO!LINE!15140.00!8100.00!15040.00!8100.00!0.00!!!!!SHAPE!!!NO!!!!
S!PLACE_BOUND_TOP!1596 2 0!D5!D0805!!D0805!15090.00!8190.00!180.000!NO!LINE!15040.00!8100.00!15040.00!8280.00!0.00!!!!!SHAPE!!!NO!!!!
S!PLACE_BOUND_TOP!1596 3 0!D5!D0805!!D0805!15090.00!8190.00!180.000!NO!LINE!15040.00!8280.00!15140.00!8280.00!0.00!!!!!SHAPE!!!NO!!!!
S!PLACE_BOUND_TOP!1596 4 0!D5!D0805!!D0805!15090.00!8190.00!180.000!NO!LINE!15140.00!8280.00!15140.00!8100.00!0.00!!!!!SHAPE!!!NO!!!!
S!ASSEMBLY_TOP!1601 1!L1!RH127!!RH127!16605.00!8630.00!0.000!NO!LINE!16305.00!8385.00!16905.00!8385.00!0.00!!!!!NOTCONNECT!!!NO!!!!
S!ASSEMBLY_TOP!1601 2!L1!RH127!!RH127!16605.00!8630.00!0.000!NO!LINE!16905.00!8385.00!16905.00!8875.00!0.00!!!!!NOTCONNECT!!!NO!!!!
S!ASSEMBLY_TOP!1601 3!L1!RH127!!RH127!16605.00!8630.00!0.000!NO!LINE!16905.00!8875.00!16305.00!8875.00!0.00!!!!!NOTCONNECT!!!NO!!!!
S!ASSEMBLY_TOP!1601 4!L1!RH127!!RH127!16605.00!8630.00!0.000!NO!LINE!16305.00!8875.00!16305.00!8385.00!0.00!!!!!NOTCONNECT!!!NO!!!!
S!PLACE_BOUND_TOP!1603 1!L1!RH127!!RH127!16605.00!8630.00!0.000!NO!RECTANGLE!16270.00!8385.00!16940.00!8875.00!1!!!!!!!!NO!!!!
S!ASSEMBLY_TOP!1607 1!D6!SS34!!SS34!16110.00!8040.00!90.000!NO!LINE!16235.00!7900.00!16235.00!8180.00!0.00!!!!!NOTCONNECT!!!NO!!!!
S!ASSEMBLY_TOP!1607 2!D6!SS34!!SS34!16110.00!8040.00!90.000!NO!LINE!16235.00!8180.00!15985.00!8180.00!0.00!!!!!NOTCONNECT!!!NO!!!!
S!ASSEMBLY_TOP!1607 3!D6!SS34!!SS34!16110.00!8040.00!90.000!NO!LINE!15985.00!8180.00!15985.00!7900.00!0.00!!!!!NOTCONNECT!!!NO!!!!
S!ASSEMBLY_TOP!1607 4!D6!SS34!!SS34!16110.00!8040.00!90.000!NO!LINE!15985.00!7900.00!16235.00!7900.00!0.00!!!!!NOTCONNECT!!!NO!!!!
S!PLACE_BOUND_TOP!1609 1 0!D6!SS34!!SS34!16110.00!8040.00!90.000!NO!LINE!16235.00!7770.00!16235.00!8310.00!0.00!!!!!SHAPE!!!NO!!!!
S!PLACE_BOUND_TOP!1609 2 0!D6!SS34!!SS34!16110.00!8040.00!90.000!NO!LINE!16235.00!8310.00!15985.00!8310.00!0.00!!!!!SHAPE!!!NO!!!!
S!PLACE_BOUND_TOP!1609 3 0!D6!SS34!!SS34!16110.00!8040.00!90.000!NO!LINE!15985.00!8310.00!15985.00!7770.00!0.00!!!!!SHAPE!!!NO!!!!
S!PLACE_BOUND_TOP!1609 4 0!D6!SS34!!SS34!16110.00!8040.00!90.000!NO!LINE!15985.00!7770.00!16235.00!7770.00!0.00!!!!!SHAPE!!!NO!!!!
S!ASSEMBLY_TOP!1613 1!U13!LM2576!!LM2576!15675.00!7800.00!90.000!NO!LINE!15887.00!7542.00!15887.00!8058.00!0.00!!!!!NOTCONNECT!!!NO!!!!
S!ASSEMBLY_TOP!1613 2!U13!LM2576!!LM2576!15675.00!7800.00!90.000!NO!LINE!15887.00!8058.00!15463.00!8058.00!0.00!!!!!NOTCONNECT!!!NO!!!!
S!ASSEMBLY_TOP!1613 3!U13!LM2576!!LM2576!15675.00!7800.00!90.000!NO!LINE!15463.00!8058.00!15463.00!7542.00!0.00!!!!!NOTCONNECT!!!NO!!!!
S!ASSEMBLY_TOP!1613 4!U13!LM2576!!LM2576!15675.00!7800.00!90.000!NO!LINE!15463.00!7542.00!15887.00!7542.00!0.00!!!!!NOTCONNECT!!!NO!!!!
S!PLACE_BOUND_TOP!1620 1!U13!LM2576!!LM2576!15675.00!7800.00!90.000!NO!LINE!15675.00!7506.00!15462.00!7506.00!0.00!!!!!NOTCONNECT!!!NO!!!!
S!PLACE_BOUND_TOP!1620 2!U13!LM2576!!LM2576!15675.00!7800.00!90.000!NO!LINE!15462.00!7506.00!15462.00!7581.00!0.00!!!!!NOTCONNECT!!!NO!!!!
S!PLACE_BOUND_TOP!1620 3!U13!LM2576!!LM2576!15675.00!7800.00!90.000!NO!LINE!15462.00!7581.00!15511.00!7581.00!0.00!!!!!NOTCONNECT!!!NO!!!!
S!PLACE_BOUND_TOP!1620 4!U13!LM2576!!LM2576!15675.00!7800.00!90.000!NO!LINE!15511.00!7581.00!15511.00!7796.00!0.00!!!!!NOTCONNECT!!!NO!!!!
S!PLACE_BOUND_TOP!1620 5!U13!LM2576!!LM2576!15675.00!7800.00!90.000!NO!LINE!15511.00!7796.00!15839.00!7796.00!0.00!!!!!NOTCONNECT!!!NO!!!!
S!PLACE_BOUND_TOP!1620 6!U13!LM2576!!LM2576!15675.00!7800.00!90.000!NO!LINE!15839.00!7796.00!15839.00!7581.00!0.00!!!!!NOTCONNECT!!!NO!!!!
S!PLACE_BOUND_TOP!1620 7!U13!LM2576!!LM2576!15675.00!7800.00!90.000!NO!LINE!15839.00!7581.00!15888.00!7581.00!0.00!!!!!NOTCONNECT!!!NO!!!!
S!PLACE_BOUND_TOP!1620 8!U13!LM2576!!LM2576!15675.00!7800.00!90.000!NO!LINE!15888.00!7581.00!15888.00!7506.00!0.00!!!!!NOTCONNECT!!!NO!!!!
S!PLACE_BOUND_TOP!1620 9!U13!LM2576!!LM2576!15675.00!7800.00!90.000!NO!LINE!15888.00!7506.00!15675.00!7506.00!0.00!!!!!NOTCONNECT!!!NO!!!!
S!PLACE_BOUND_TOP!1621 1 0!U13!LM2576!!LM2576!15675.00!7800.00!90.000!NO!LINE!15887.00!7460.00!15887.00!8140.00!0.00!!!!!SHAPE!!!NO!!!!
S!PLACE_BOUND_TOP!1621 2 0!U13!LM2576!!LM2576!15675.00!7800.00!90.000!NO!LINE!15887.00!8140.00!15463.00!8140.00!0.00!!!!!SHAPE!!!NO!!!!
S!PLACE_BOUND_TOP!1621 3 0!U13!LM2576!!LM2576!15675.00!7800.00!90.000!NO!LINE!15463.00!8140.00!15463.00!7460.00!0.00!!!!!SHAPE!!!NO!!!!
S!PLACE_BOUND_TOP!1621 4 0!U13!LM2576!!LM2576!15675.00!7800.00!90.000!NO!LINE!15463.00!7460.00!15887.00!7460.00!0.00!!!!!SHAPE!!!NO!!!!
S!ASSEMBLY_BOTTOM!1625 1!U12!CC1310CONNECTOR!!CC1310CONNECTOR!16000.00!7400.00!0.000!YES!LINE!17000.00!6500.00!15000.00!6500.00!0.00!!!!!NOTCONNECT!!!NO!!!!
S!ASSEMBLY_BOTTOM!1625 2!U12!CC1310CONNECTOR!!CC1310CONNECTOR!16000.00!7400.00!0.000!YES!LINE!15000.00!6500.00!15000.00!8300.00!0.00!!!!!NOTCONNECT!!!NO!!!!
S!ASSEMBLY_BOTTOM!1625 3!U12!CC1310CONNECTOR!!CC1310CONNECTOR!16000.00!7400.00!0.000!YES!LINE!15000.00!8300.00!17000.00!8300.00!0.00!!!!!NOTCONNECT!!!NO!!!!
S!ASSEMBLY_BOTTOM!1625 4!U12!CC1310CONNECTOR!!CC1310CONNECTOR!16000.00!7400.00!0.000!YES!LINE!17000.00!8300.00!17000.00!6500.00!0.00!!!!!NOTCONNECT!!!NO!!!!
S!PLACE_BOUND_BOTTOM!1627 1 0!U12!CC1310CONNECTOR!!CC1310CONNECTOR!16000.00!7400.00!0.000!YES!LINE!17000.00!6500.00!17000.00!8300.00!0.00!!!!!SHAPE!!!NO!!!!
S!PLACE_BOUND_BOTTOM!1627 2 0!U12!CC1310CONNECTOR!!CC1310CONNECTOR!16000.00!7400.00!0.000!YES!LINE!17000.00!8300.00!15000.00!8300.00!0.00!!!!!SHAPE!!!NO!!!!
S!PLACE_BOUND_BOTTOM!1627 3 0!U12!CC1310CONNECTOR!!CC1310CONNECTOR!16000.00!7400.00!0.000!YES!LINE!15000.00!8300.00!15000.00!6500.00!0.00!!!!!SHAPE!!!NO!!!!
S!PLACE_BOUND_BOTTOM!1627 4 0!U12!CC1310CONNECTOR!!CC1310CONNECTOR!16000.00!7400.00!0.000!YES!LINE!15000.00!6500.00!17000.00!6500.00!0.00!!!!!SHAPE!!!NO!!!!
