A!NET_NAME_SORT!NET_NAME!NET_PHYSICAL_TYPE!NET_SPACING_TYPE!ELECTRICAL_CONSTRAINT_SET!NET_DIFFERENTIAL_PAIR!NET_STUB_LENGTH!NET_MAX_VIA_COUNT!NET_MIN_LINE_WIDTH!NET_MAX_PARALLEL!NET_IMPEDANCE_AVERAGE!NO_TEST!NET_IMPEDANCE_MINIMUM!NET_IMPEDANCE_MAXIMUM!
J!F:/CP_SMARTGARDEN/ORCAD/ALLEGRO/ALLEGRO/CC1310LAUNCHPAD2.brd!Fri Jul 29 09:52:39 2016!0.00!0.00!34000.00!22000.00!0.01!mils!CC1310LAUNCHPAD!10.400000 mil!2!OUT OF DATE!
S!N 00101467!N101467!!!!!!!!!117.58 ohms!!117.27 ohms!117.63 ohms!
S!N 00093742!N93742!!!!!!!!!117.58 ohms!!60.00 ohms!117.63 ohms!
S!N 00045788!N45788!!!!!!!!!117.27 ohms!!117.27 ohms!117.27 ohms!
S!N 00060071!N60071!!!!!!!!!117.27 ohms!!117.27 ohms!117.27 ohms!
S!N 00063732!N63732!!!!!!!!!117.27 ohms!!117.27 ohms!117.27 ohms!
S!N 00045592!N45592!!!!!!!!!7.50 ohms!!6.76 ohms!130.71 ohms!
S!N 00095463!N95463!!!!!!!!!14.94 ohms!!13.42 ohms!130.71 ohms!
S!N 00089000!N89000!!!!!!!!!48.60 ohms!!44.21 ohms!130.71 ohms!
S!N 00088579!N88579!!!!!!!!!48.40 ohms!!44.21 ohms!130.71 ohms!
S!N 00087792!N87792!!!!!!!!!48.40 ohms!!44.21 ohms!130.71 ohms!
S!N 00076545!N76545!!!!!!!!!27.00 ohms!!24.37 ohms!130.71 ohms!
S!N 00076560!N76560!!!!!!!!!24.18 ohms!!20.93 ohms!130.71 ohms!
S!N 00076587!N76587!!!!!!!!!25.92 ohms!!22.77 ohms!130.71 ohms!
S!N 00076621!N76621!!!!!!!!!26.94 ohms!!23.81 ohms!130.71 ohms!
S!N 00076655!N76655!!!!!!!!!49.05 ohms!!44.21 ohms!130.71 ohms!
S!N 00073669!N73669!!!!!!!!!21.72 ohms!!19.17 ohms!130.71 ohms!
S!N 00064930!N64930!!!!!!!!!117.58 ohms!!117.27 ohms!117.63 ohms!
S!N 00073365!N73365!!!!!!!!!29.02 ohms!!26.66 ohms!130.71 ohms!
S!N 00073065!N73065!!!!!!!!!27.67 ohms!!25.38 ohms!130.71 ohms!
S!N 00072769!N72769!!!!!!!!!25.90 ohms!!23.81 ohms!130.71 ohms!
S!N 00072485!N72485!!!!!!!!!28.23 ohms!!26.01 ohms!130.71 ohms!
S!N 00046052!N46052!!!!!!!!!117.27 ohms!!117.27 ohms!117.27 ohms!
S!N 00046040!N46040!!!!!!!!!117.57 ohms!!117.27 ohms!117.63 ohms!
S!5V!5V!!!!!!!!!1.93 ohms!!1.63 ohms!130.71 ohms!
S!N 00046172!N46172!!!!!!!!!117.57 ohms!!117.27 ohms!117.63 ohms!
S!N 00045956!N45956!!!!!!!!!117.60 ohms!!117.27 ohms!117.63 ohms!
S!N 00059569!N59569!!!!!!!!!117.27 ohms!!117.27 ohms!117.27 ohms!
S!GND!GND!!!!!!!!!1.57 ohms!!1.18 ohms!131.21 ohms!
S!N 00047108!N47108!!!!!!!!!117.27 ohms!!117.27 ohms!117.27 ohms!
S!A!A!!!!!!!!!0.00 ohms!!100000000000000010000000000000000.00 ohms!0.00 ohms!
S!N 00075078!N75078!!!!!!!!!117.27 ohms!!117.27 ohms!117.27 ohms!
S!N 00075036!N75036!!!!!!!!!117.27 ohms!!117.27 ohms!117.27 ohms!
S!N 00074994!N74994!!!!!!!!!117.27 ohms!!117.27 ohms!117.27 ohms!
S!N 00074990!N74990!!!!!!!!!28.32 ohms!!26.37 ohms!130.71 ohms!
S!N 00074952!N74952!!!!!!!!!117.27 ohms!!117.27 ohms!117.27 ohms!
S!N 00074907!N74907!!!!!!!!!117.27 ohms!!117.27 ohms!117.27 ohms!
S!N 00045888!N45888!!!!!!!!!117.27 ohms!!117.27 ohms!117.27 ohms!
S!N 00045822!N45822!!!!!!!!!117.27 ohms!!117.27 ohms!117.27 ohms!
S!N 00047472!N47472!!!!!!!!!32.91 ohms!!30.49 ohms!130.71 ohms!
S!N 00074854!N74854!!!!!!!!!117.27 ohms!!117.27 ohms!117.27 ohms!
S!N 00047328!N47328!!!!!!!!!34.37 ohms!!31.40 ohms!130.71 ohms!
S!N 00047344!N47344!!!!!!!!!31.52 ohms!!28.84 ohms!130.71 ohms!
S!N 00047484!N47484!!!!!!!!!32.75 ohms!!29.64 ohms!130.71 ohms!
S!N 00074807!N74807!!!!!!!!!117.27 ohms!!117.27 ohms!117.27 ohms!
S!N 00046276!N46276!!!!!!!!!117.58 ohms!!117.27 ohms!117.63 ohms!
S!N 00047434!N47434!!!!!!!!!36.11 ohms!!34.49 ohms!130.71 ohms!
S!N 00047508!N47508!!!!!!!!!38.29 ohms!!36.82 ohms!130.71 ohms!
S!N 00047550!N47550!!!!!!!!!33.67 ohms!!30.49 ohms!130.71 ohms!
S!N 00047574!N47574!!!!!!!!!41.06 ohms!!39.47 ohms!130.71 ohms!
S!N 00047728!N47728!!!!!!!!!12.49 ohms!!11.54 ohms!130.71 ohms!
S!N 00047294!N47294!!!!!!!!!35.91 ohms!!34.49 ohms!130.71 ohms!
S!N 00478560!N478560!!!!!!!!!48.16 ohms!!44.21 ohms!130.71 ohms!
S!N 00046098!N46098!!!!!!!!!33.62 ohms!!30.49 ohms!130.71 ohms!
S!N 00046056!N46056!!!!!!!!!33.87 ohms!!32.35 ohms!130.71 ohms!
S!N 00045960!N45960!!!!!!!!!117.60 ohms!!117.27 ohms!117.63 ohms!
S!N 00046086!N46086!!!!!!!!!32.78 ohms!!29.64 ohms!130.71 ohms!
S!N 00047364!N47364!!!!!!!!!39.87 ohms!!38.10 ohms!130.71 ohms!
S!N 00047520!N47520!!!!!!!!!32.49 ohms!!29.64 ohms!130.71 ohms!
S!N 00047604!N47604!!!!!!!!!35.45 ohms!!32.35 ohms!130.71 ohms!
S!N 00047770!N47770!!!!!!!!!16.56 ohms!!15.55 ohms!130.71 ohms!
S!N 00047740!N47740!!!!!!!!!14.73 ohms!!13.60 ohms!130.71 ohms!
S!N 00047376!N47376!!!!!!!!!34.74 ohms!!31.40 ohms!130.71 ohms!
S!N 00047410!N47410!!!!!!!!!31.81 ohms!!28.84 ohms!130.71 ohms!
S!3V 00000003!3V3!!!!!!!!!19.92 ohms!!18.15 ohms!130.71 ohms!
S!N 00047616!N47616!!!!!!!!!31.90 ohms!!28.84 ohms!130.71 ohms!
S!N 00045672!N45672!!!!!!!!!7.20 ohms!!6.16 ohms!130.71 ohms!
S!N 00093563!N93563!!!!!!!!!117.59 ohms!!117.27 ohms!117.63 ohms!
S!N 00092057!N92057!!!!!!!!!117.60 ohms!!117.27 ohms!117.63 ohms!
S!N 00092026!N92026!!!!!!!!!117.58 ohms!!117.27 ohms!117.63 ohms!
S!N 00091982!N91982!!!!!!!!!117.57 ohms!!117.27 ohms!117.63 ohms!
S!N 00091946!N91946!!!!!!!!!117.60 ohms!!117.27 ohms!117.63 ohms!
S!N 00091836!N91836!!!!!!!!!27.02 ohms!!23.81 ohms!130.71 ohms!
S!N 00091683!N91683!!!!!!!!!48.60 ohms!!44.21 ohms!130.71 ohms!
S!N 00091679!N91679!!!!!!!!!27.63 ohms!!25.38 ohms!130.71 ohms!
S!N 00091216!N91216!!!!!!!!!25.01 ohms!!21.81 ohms!130.71 ohms!
S!N 00091085!N91085!!!!!!!!!48.50 ohms!!44.21 ohms!130.71 ohms!
S!N 00090793!N90793!!!!!!!!!27.59 ohms!!25.38 ohms!130.71 ohms!
S!N 00089401!N89401!!!!!!!!!44.87 ohms!!40.95 ohms!130.71 ohms!
