A!SUBCLASS!RECORD_TAG!REFDES!COMP_PACKAGE!COMP_PART_NUMBER!SYM_NAME!SYM_X!SYM_Y!SYM_ROTATE!SYM_MIRROR!GRAPHIC_DATA_NAME!GRAPHIC_DATA_1!GRAPHIC_DATA_2!GRAPHIC_DATA_3!GRAPHIC_DATA_4!GRAPHIC_DATA_5!GRAPHIC_DATA_6!GRAPHIC_DATA_7!GRAPHIC_DATA_8!GRAPHIC_DATA_9!GRAPHIC_DATA_10!PACKAGE_HEIGHT_MIN!PACKAGE_HEIGHT_MAX!SYM_HAS_PIN_EDIT!SYM_DFA_DEV_CLASS!COMP_PACKAGE_HEIGHT_MIN!COMP_PACKAGE_HEIGHT_MAX!
J!F:/CP_SMARTGARDEN/ORCAD/ALLEGRO/ALLEGRO/CC1310LAUNCHPAD1.brd!Thu Jul 28 16:07:46 2016!0.00!0.00!34000.00!22000.00!0.01!mils!CC1310LAUNCHPAD!10.400000 mil!2!OUT OF DATE!
S!ASSEMBLY_TOP!1022 1!C9!C2312!!C2312!16510.00!8015.00!270.000!NO!LINE!16385.00!8101.00!16385.00!7929.00!0.00!!!!!NOTCONNECT!!!NO!!!!
S!ASSEMBLY_TOP!1022 2!C9!C2312!!C2312!16510.00!8015.00!270.000!NO!LINE!16385.00!7929.00!16635.00!7929.00!0.00!!!!!NOTCONNECT!!!NO!!!!
S!ASSEMBLY_TOP!1022 3!C9!C2312!!C2312!16510.00!8015.00!270.000!NO!LINE!16635.00!7929.00!16635.00!8101.00!0.00!!!!!NOTCONNECT!!!NO!!!!
S!ASSEMBLY_TOP!1022 4!C9!C2312!!C2312!16510.00!8015.00!270.000!NO!LINE!16635.00!8101.00!16385.00!8101.00!0.00!!!!!NOTCONNECT!!!NO!!!!
S!PLACE_BOUND_TOP!1024 1 0!C9!C2312!!C2312!16510.00!8015.00!270.000!NO!LINE!16385.00!8201.00!16385.00!7829.00!0.00!!!!!SHAPE!!!NO!!!!
S!PLACE_BOUND_TOP!1024 2 0!C9!C2312!!C2312!16510.00!8015.00!270.000!NO!LINE!16385.00!7829.00!16635.00!7829.00!0.00!!!!!SHAPE!!!NO!!!!
S!PLACE_BOUND_TOP!1024 3 0!C9!C2312!!C2312!16510.00!8015.00!270.000!NO!LINE!16635.00!7829.00!16635.00!8201.00!0.00!!!!!SHAPE!!!NO!!!!
S!PLACE_BOUND_TOP!1024 4 0!C9!C2312!!C2312!16510.00!8015.00!270.000!NO!LINE!16635.00!8201.00!16385.00!8201.00!0.00!!!!!SHAPE!!!NO!!!!
S!ASSEMBLY_TOP!1028 1!C8!C2312!!C2312!15435.00!8375.00!270.000!NO!LINE!15310.00!8461.00!15310.00!8289.00!0.00!!!!!NOTCONNECT!!!NO!!!!
S!ASSEMBLY_TOP!1028 2!C8!C2312!!C2312!15435.00!8375.00!270.000!NO!LINE!15310.00!8289.00!15560.00!8289.00!0.00!!!!!NOTCONNECT!!!NO!!!!
S!ASSEMBLY_TOP!1028 3!C8!C2312!!C2312!15435.00!8375.00!270.000!NO!LINE!15560.00!8289.00!15560.00!8461.00!0.00!!!!!NOTCONNECT!!!NO!!!!
S!ASSEMBLY_TOP!1028 4!C8!C2312!!C2312!15435.00!8375.00!270.000!NO!LINE!15560.00!8461.00!15310.00!8461.00!0.00!!!!!NOTCONNECT!!!NO!!!!
S!PLACE_BOUND_TOP!1030 1 0!C8!C2312!!C2312!15435.00!8375.00!270.000!NO!LINE!15310.00!8561.00!15310.00!8189.00!0.00!!!!!SHAPE!!!NO!!!!
S!PLACE_BOUND_TOP!1030 2 0!C8!C2312!!C2312!15435.00!8375.00!270.000!NO!LINE!15310.00!8189.00!15560.00!8189.00!0.00!!!!!SHAPE!!!NO!!!!
S!PLACE_BOUND_TOP!1030 3 0!C8!C2312!!C2312!15435.00!8375.00!270.000!NO!LINE!15560.00!8189.00!15560.00!8561.00!0.00!!!!!SHAPE!!!NO!!!!
S!PLACE_BOUND_TOP!1030 4 0!C8!C2312!!C2312!15435.00!8375.00!270.000!NO!LINE!15560.00!8561.00!15310.00!8561.00!0.00!!!!!SHAPE!!!NO!!!!
S!ASSEMBLY_TOP!1034 1!U17!DC002POWER!!DC002POWER!14940.00!8585.00!0.000!NO!LINE!14690.00!8410.00!15190.00!8410.00!0.00!!!!!NOTCONNECT!!!NO!!!!
S!ASSEMBLY_TOP!1034 2!U17!DC002POWER!!DC002POWER!14940.00!8585.00!0.000!NO!LINE!15190.00!8410.00!15190.00!8760.00!0.00!!!!!NOTCONNECT!!!NO!!!!
S!ASSEMBLY_TOP!1034 3!U17!DC002POWER!!DC002POWER!14940.00!8585.00!0.000!NO!LINE!15190.00!8760.00!14690.00!8760.00!0.00!!!!!NOTCONNECT!!!NO!!!!
S!ASSEMBLY_TOP!1034 4!U17!DC002POWER!!DC002POWER!14940.00!8585.00!0.000!NO!LINE!14690.00!8760.00!14690.00!8410.00!0.00!!!!!NOTCONNECT!!!NO!!!!
S!PLACE_BOUND_TOP!1036 1!U17!DC002POWER!!DC002POWER!14940.00!8585.00!0.000!NO!RECTANGLE!14690.00!8360.00!15205.00!8760.00!1!!!!!!!!NO!!!!
S!ASSEMBLY_TOP!1040 1!U18!USBFEMALE!!USBFEMALE!15795.00!8935.00!90.000!NO!LINE!16105.00!8650.00!16105.00!9220.00!0.00!!!!!NOTCONNECT!!!NO!!!!
S!ASSEMBLY_TOP!1040 2!U18!USBFEMALE!!USBFEMALE!15795.00!8935.00!90.000!NO!LINE!16105.00!9220.00!15485.00!9220.00!0.00!!!!!NOTCONNECT!!!NO!!!!
S!ASSEMBLY_TOP!1040 3!U18!USBFEMALE!!USBFEMALE!15795.00!8935.00!90.000!NO!LINE!15485.00!9220.00!15485.00!8650.00!0.00!!!!!NOTCONNECT!!!NO!!!!
S!ASSEMBLY_TOP!1040 4!U18!USBFEMALE!!USBFEMALE!15795.00!8935.00!90.000!NO!LINE!15485.00!8650.00!16105.00!8650.00!0.00!!!!!NOTCONNECT!!!NO!!!!
S!PLACE_BOUND_TOP!1042 1 0!U18!USBFEMALE!!USBFEMALE!15795.00!8935.00!90.000!NO!LINE!16105.00!8650.00!16105.00!9220.00!0.00!!!!!SHAPE!!!NO!!!!
S!PLACE_BOUND_TOP!1042 2 0!U18!USBFEMALE!!USBFEMALE!15795.00!8935.00!90.000!NO!LINE!16105.00!9220.00!15485.00!9220.00!0.00!!!!!SHAPE!!!NO!!!!
S!PLACE_BOUND_TOP!1042 3 0!U18!USBFEMALE!!USBFEMALE!15795.00!8935.00!90.000!NO!LINE!15485.00!9220.00!15485.00!8650.00!0.00!!!!!SHAPE!!!NO!!!!
S!PLACE_BOUND_TOP!1042 4 0!U18!USBFEMALE!!USBFEMALE!15795.00!8935.00!90.000!NO!LINE!15485.00!8650.00!16105.00!8650.00!0.00!!!!!SHAPE!!!NO!!!!
S!ASSEMBLY_TOP!1046 1!LS6!HK33F!!HK33F!16665.00!6520.00!0.000!NO!LINE!16270.00!6210.00!17060.00!6210.00!0.00!!!!!NOTCONNECT!!!NO!!!!
S!ASSEMBLY_TOP!1046 2!LS6!HK33F!!HK33F!16665.00!6520.00!0.000!NO!LINE!17060.00!6210.00!17060.00!6830.00!0.00!!!!!NOTCONNECT!!!NO!!!!
S!ASSEMBLY_TOP!1046 3!LS6!HK33F!!HK33F!16665.00!6520.00!0.000!NO!LINE!17060.00!6830.00!16270.00!6830.00!0.00!!!!!NOTCONNECT!!!NO!!!!
S!ASSEMBLY_TOP!1046 4!LS6!HK33F!!HK33F!16665.00!6520.00!0.000!NO!LINE!16270.00!6830.00!16270.00!6210.00!0.00!!!!!NOTCONNECT!!!NO!!!!
S!PLACE_BOUND_TOP!1048 1!LS6!HK33F!!HK33F!16665.00!6520.00!0.000!NO!RECTANGLE!16270.00!6210.00!17060.00!6830.00!1!!!!!!!!NO!!!!
S!ASSEMBLY_TOP!1052 1!LS7!HK33F!!HK33F!17895.00!6205.00!180.000!NO!LINE!18290.00!6515.00!17500.00!6515.00!0.00!!!!!NOTCONNECT!!!NO!!!!
S!ASSEMBLY_TOP!1052 2!LS7!HK33F!!HK33F!17895.00!6205.00!180.000!NO!LINE!17500.00!6515.00!17500.00!5895.00!0.00!!!!!NOTCONNECT!!!NO!!!!
S!ASSEMBLY_TOP!1052 3!LS7!HK33F!!HK33F!17895.00!6205.00!180.000!NO!LINE!17500.00!5895.00!18290.00!5895.00!0.00!!!!!NOTCONNECT!!!NO!!!!
S!ASSEMBLY_TOP!1052 4!LS7!HK33F!!HK33F!17895.00!6205.00!180.000!NO!LINE!18290.00!5895.00!18290.00!6515.00!0.00!!!!!NOTCONNECT!!!NO!!!!
S!PLACE_BOUND_TOP!1054 1 0!LS7!HK33F!!HK33F!17895.00!6205.00!180.000!NO!LINE!18290.00!6515.00!17500.00!6515.00!0.00!!!!!SHAPE!!!NO!!!!
S!PLACE_BOUND_TOP!1054 2 0!LS7!HK33F!!HK33F!17895.00!6205.00!180.000!NO!LINE!17500.00!6515.00!17500.00!5895.00!0.00!!!!!SHAPE!!!NO!!!!
S!PLACE_BOUND_TOP!1054 3 0!LS7!HK33F!!HK33F!17895.00!6205.00!180.000!NO!LINE!17500.00!5895.00!18290.00!5895.00!0.00!!!!!SHAPE!!!NO!!!!
S!PLACE_BOUND_TOP!1054 4 0!LS7!HK33F!!HK33F!17895.00!6205.00!180.000!NO!LINE!18290.00!5895.00!18290.00!6515.00!0.00!!!!!SHAPE!!!NO!!!!
S!ASSEMBLY_TOP!1058 1!LS4!HK33F!!HK33F!17895.00!6870.00!180.000!NO!LINE!18290.00!7180.00!17500.00!7180.00!0.00!!!!!NOTCONNECT!!!NO!!!!
S!ASSEMBLY_TOP!1058 2!LS4!HK33F!!HK33F!17895.00!6870.00!180.000!NO!LINE!17500.00!7180.00!17500.00!6560.00!0.00!!!!!NOTCONNECT!!!NO!!!!
S!ASSEMBLY_TOP!1058 3!LS4!HK33F!!HK33F!17895.00!6870.00!180.000!NO!LINE!17500.00!6560.00!18290.00!6560.00!0.00!!!!!NOTCONNECT!!!NO!!!!
S!ASSEMBLY_TOP!1058 4!LS4!HK33F!!HK33F!17895.00!6870.00!180.000!NO!LINE!18290.00!6560.00!18290.00!7180.00!0.00!!!!!NOTCONNECT!!!NO!!!!
S!PLACE_BOUND_TOP!1060 1 0!LS4!HK33F!!HK33F!17895.00!6870.00!180.000!NO!LINE!18290.00!7180.00!17500.00!7180.00!0.00!!!!!SHAPE!!!NO!!!!
S!PLACE_BOUND_TOP!1060 2 0!LS4!HK33F!!HK33F!17895.00!6870.00!180.000!NO!LINE!17500.00!7180.00!17500.00!6560.00!0.00!!!!!SHAPE!!!NO!!!!
S!PLACE_BOUND_TOP!1060 3 0!LS4!HK33F!!HK33F!17895.00!6870.00!180.000!NO!LINE!17500.00!6560.00!18290.00!6560.00!0.00!!!!!SHAPE!!!NO!!!!
S!PLACE_BOUND_TOP!1060 4 0!LS4!HK33F!!HK33F!17895.00!6870.00!180.000!NO!LINE!18290.00!6560.00!18290.00!7180.00!0.00!!!!!SHAPE!!!NO!!!!
S!ASSEMBLY_TOP!1064 1!LS5!HK33F!!HK33F!17895.00!7530.00!180.000!NO!LINE!18290.00!7840.00!17500.00!7840.00!0.00!!!!!NOTCONNECT!!!NO!!!!
S!ASSEMBLY_TOP!1064 2!LS5!HK33F!!HK33F!17895.00!7530.00!180.000!NO!LINE!17500.00!7840.00!17500.00!7220.00!0.00!!!!!NOTCONNECT!!!NO!!!!
S!ASSEMBLY_TOP!1064 3!LS5!HK33F!!HK33F!17895.00!7530.00!180.000!NO!LINE!17500.00!7220.00!18290.00!7220.00!0.00!!!!!NOTCONNECT!!!NO!!!!
S!ASSEMBLY_TOP!1064 4!LS5!HK33F!!HK33F!17895.00!7530.00!180.000!NO!LINE!18290.00!7220.00!18290.00!7840.00!0.00!!!!!NOTCONNECT!!!NO!!!!
S!PLACE_BOUND_TOP!1066 1 0!LS5!HK33F!!HK33F!17895.00!7530.00!180.000!NO!LINE!18290.00!7840.00!17500.00!7840.00!0.00!!!!!SHAPE!!!NO!!!!
S!PLACE_BOUND_TOP!1066 2 0!LS5!HK33F!!HK33F!17895.00!7530.00!180.000!NO!LINE!17500.00!7840.00!17500.00!7220.00!0.00!!!!!SHAPE!!!NO!!!!
S!PLACE_BOUND_TOP!1066 3 0!LS5!HK33F!!HK33F!17895.00!7530.00!180.000!NO!LINE!17500.00!7220.00!18290.00!7220.00!0.00!!!!!SHAPE!!!NO!!!!
S!PLACE_BOUND_TOP!1066 4 0!LS5!HK33F!!HK33F!17895.00!7530.00!180.000!NO!LINE!18290.00!7220.00!18290.00!7840.00!0.00!!!!!SHAPE!!!NO!!!!
S!ASSEMBLY_TOP!1070 1!LS1!HK33F!!HK33F!17895.00!8180.00!180.000!NO!LINE!18290.00!8490.00!17500.00!8490.00!0.00!!!!!NOTCONNECT!!!NO!!!!
S!ASSEMBLY_TOP!1070 2!LS1!HK33F!!HK33F!17895.00!8180.00!180.000!NO!LINE!17500.00!8490.00!17500.00!7870.00!0.00!!!!!NOTCONNECT!!!NO!!!!
S!ASSEMBLY_TOP!1070 3!LS1!HK33F!!HK33F!17895.00!8180.00!180.000!NO!LINE!17500.00!7870.00!18290.00!7870.00!0.00!!!!!NOTCONNECT!!!NO!!!!
S!ASSEMBLY_TOP!1070 4!LS1!HK33F!!HK33F!17895.00!8180.00!180.000!NO!LINE!18290.00!7870.00!18290.00!8490.00!0.00!!!!!NOTCONNECT!!!NO!!!!
S!PLACE_BOUND_TOP!1072 1 0!LS1!HK33F!!HK33F!17895.00!8180.00!180.000!NO!LINE!18290.00!8490.00!17500.00!8490.00!0.00!!!!!SHAPE!!!NO!!!!
S!PLACE_BOUND_TOP!1072 2 0!LS1!HK33F!!HK33F!17895.00!8180.00!180.000!NO!LINE!17500.00!8490.00!17500.00!7870.00!0.00!!!!!SHAPE!!!NO!!!!
S!PLACE_BOUND_TOP!1072 3 0!LS1!HK33F!!HK33F!17895.00!8180.00!180.000!NO!LINE!17500.00!7870.00!18290.00!7870.00!0.00!!!!!SHAPE!!!NO!!!!
S!PLACE_BOUND_TOP!1072 4 0!LS1!HK33F!!HK33F!17895.00!8180.00!180.000!NO!LINE!18290.00!7870.00!18290.00!8490.00!0.00!!!!!SHAPE!!!NO!!!!
S!ASSEMBLY_TOP!1076 1!LS2!HK33F!!HK33F!17895.00!8835.00!180.000!NO!LINE!18290.00!9145.00!17500.00!9145.00!0.00!!!!!NOTCONNECT!!!NO!!!!
S!ASSEMBLY_TOP!1076 2!LS2!HK33F!!HK33F!17895.00!8835.00!180.000!NO!LINE!17500.00!9145.00!17500.00!8525.00!0.00!!!!!NOTCONNECT!!!NO!!!!
S!ASSEMBLY_TOP!1076 3!LS2!HK33F!!HK33F!17895.00!8835.00!180.000!NO!LINE!17500.00!8525.00!18290.00!8525.00!0.00!!!!!NOTCONNECT!!!NO!!!!
S!ASSEMBLY_TOP!1076 4!LS2!HK33F!!HK33F!17895.00!8835.00!180.000!NO!LINE!18290.00!8525.00!18290.00!9145.00!0.00!!!!!NOTCONNECT!!!NO!!!!
S!PLACE_BOUND_TOP!1078 1 0!LS2!HK33F!!HK33F!17895.00!8835.00!180.000!NO!LINE!18290.00!9145.00!17500.00!9145.00!0.00!!!!!SHAPE!!!NO!!!!
S!PLACE_BOUND_TOP!1078 2 0!LS2!HK33F!!HK33F!17895.00!8835.00!180.000!NO!LINE!17500.00!9145.00!17500.00!8525.00!0.00!!!!!SHAPE!!!NO!!!!
S!PLACE_BOUND_TOP!1078 3 0!LS2!HK33F!!HK33F!17895.00!8835.00!180.000!NO!LINE!17500.00!8525.00!18290.00!8525.00!0.00!!!!!SHAPE!!!NO!!!!
S!PLACE_BOUND_TOP!1078 4 0!LS2!HK33F!!HK33F!17895.00!8835.00!180.000!NO!LINE!18290.00!8525.00!18290.00!9145.00!0.00!!!!!SHAPE!!!NO!!!!
S!ASSEMBLY_TOP!1082 1!LS3!HK33F!!HK33F!17895.00!9495.00!180.000!NO!LINE!18290.00!9805.00!17500.00!9805.00!0.00!!!!!NOTCONNECT!!!NO!!!!
S!ASSEMBLY_TOP!1082 2!LS3!HK33F!!HK33F!17895.00!9495.00!180.000!NO!LINE!17500.00!9805.00!17500.00!9185.00!0.00!!!!!NOTCONNECT!!!NO!!!!
S!ASSEMBLY_TOP!1082 3!LS3!HK33F!!HK33F!17895.00!9495.00!180.000!NO!LINE!17500.00!9185.00!18290.00!9185.00!0.00!!!!!NOTCONNECT!!!NO!!!!
S!ASSEMBLY_TOP!1082 4!LS3!HK33F!!HK33F!17895.00!9495.00!180.000!NO!LINE!18290.00!9185.00!18290.00!9805.00!0.00!!!!!NOTCONNECT!!!NO!!!!
S!PLACE_BOUND_TOP!1084 1 0!LS3!HK33F!!HK33F!17895.00!9495.00!180.000!NO!LINE!18290.00!9805.00!17500.00!9805.00!0.00!!!!!SHAPE!!!NO!!!!
S!PLACE_BOUND_TOP!1084 2 0!LS3!HK33F!!HK33F!17895.00!9495.00!180.000!NO!LINE!17500.00!9805.00!17500.00!9185.00!0.00!!!!!SHAPE!!!NO!!!!
S!PLACE_BOUND_TOP!1084 3 0!LS3!HK33F!!HK33F!17895.00!9495.00!180.000!NO!LINE!17500.00!9185.00!18290.00!9185.00!0.00!!!!!SHAPE!!!NO!!!!
S!PLACE_BOUND_TOP!1084 4 0!LS3!HK33F!!HK33F!17895.00!9495.00!180.000!NO!LINE!18290.00!9185.00!18290.00!9805.00!0.00!!!!!SHAPE!!!NO!!!!
S!ASSEMBLY_TOP!1088 1!J10!KF3013P!!KF3013P!16710.00!6040.00!270.000!NO!LINE!16412.00!6190.00!16412.00!5890.00!0.00!!!!!NOTCONNECT!!!NO!!!!
S!ASSEMBLY_TOP!1088 2!J10!KF3013P!!KF3013P!16710.00!6040.00!270.000!NO!LINE!16412.00!5890.00!17008.00!5890.00!0.00!!!!!NOTCONNECT!!!NO!!!!
S!ASSEMBLY_TOP!1088 3!J10!KF3013P!!KF3013P!16710.00!6040.00!270.000!NO!LINE!17008.00!5890.00!17008.00!6190.00!0.00!!!!!NOTCONNECT!!!NO!!!!
S!ASSEMBLY_TOP!1088 4!J10!KF3013P!!KF3013P!16710.00!6040.00!270.000!NO!LINE!17008.00!6190.00!16412.00!6190.00!0.00!!!!!NOTCONNECT!!!NO!!!!
S!PLACE_BOUND_TOP!1090 1 0!J10!KF3013P!!KF3013P!16710.00!6040.00!270.000!NO!LINE!16412.00!6190.00!16412.00!5890.00!0.00!!!!!SHAPE!!!NO!!!!
S!PLACE_BOUND_TOP!1090 2 0!J10!KF3013P!!KF3013P!16710.00!6040.00!270.000!NO!LINE!16412.00!5890.00!17008.00!5890.00!0.00!!!!!SHAPE!!!NO!!!!
S!PLACE_BOUND_TOP!1090 3 0!J10!KF3013P!!KF3013P!16710.00!6040.00!270.000!NO!LINE!17008.00!5890.00!17008.00!6190.00!0.00!!!!!SHAPE!!!NO!!!!
S!PLACE_BOUND_TOP!1090 4 0!J10!KF3013P!!KF3013P!16710.00!6040.00!270.000!NO!LINE!17008.00!6190.00!16412.00!6190.00!0.00!!!!!SHAPE!!!NO!!!!
S!ASSEMBLY_TOP!1094 1!J11!KF3013P!!KF3013P!18505.00!6200.00!0.000!NO!LINE!18355.00!5902.00!18655.00!5902.00!0.00!!!!!NOTCONNECT!!!NO!!!!
S!ASSEMBLY_TOP!1094 2!J11!KF3013P!!KF3013P!18505.00!6200.00!0.000!NO!LINE!18655.00!5902.00!18655.00!6498.00!0.00!!!!!NOTCONNECT!!!NO!!!!
S!ASSEMBLY_TOP!1094 3!J11!KF3013P!!KF3013P!18505.00!6200.00!0.000!NO!LINE!18655.00!6498.00!18355.00!6498.00!0.00!!!!!NOTCONNECT!!!NO!!!!
S!ASSEMBLY_TOP!1094 4!J11!KF3013P!!KF3013P!18505.00!6200.00!0.000!NO!LINE!18355.00!6498.00!18355.00!5902.00!0.00!!!!!NOTCONNECT!!!NO!!!!
S!PLACE_BOUND_TOP!1096 1!J11!KF3013P!!KF3013P!18505.00!6200.00!0.000!NO!RECTANGLE!18355.00!5902.00!18655.00!6498.00!1!!!!!!!!NO!!!!
S!ASSEMBLY_TOP!1100 1!J8!KF3013P!!KF3013P!18500.00!6875.00!0.000!NO!LINE!18350.00!6577.00!18650.00!6577.00!0.00!!!!!NOTCONNECT!!!NO!!!!
S!ASSEMBLY_TOP!1100 2!J8!KF3013P!!KF3013P!18500.00!6875.00!0.000!NO!LINE!18650.00!6577.00!18650.00!7173.00!0.00!!!!!NOTCONNECT!!!NO!!!!
S!ASSEMBLY_TOP!1100 3!J8!KF3013P!!KF3013P!18500.00!6875.00!0.000!NO!LINE!18650.00!7173.00!18350.00!7173.00!0.00!!!!!NOTCONNECT!!!NO!!!!
S!ASSEMBLY_TOP!1100 4!J8!KF3013P!!KF3013P!18500.00!6875.00!0.000!NO!LINE!18350.00!7173.00!18350.00!6577.00!0.00!!!!!NOTCONNECT!!!NO!!!!
S!PLACE_BOUND_TOP!1102 1!J8!KF3013P!!KF3013P!18500.00!6875.00!0.000!NO!RECTANGLE!18350.00!6577.00!18650.00!7173.00!1!!!!!!!!NO!!!!
S!ASSEMBLY_TOP!1106 1!J7!KF3013P!!KF3013P!18495.00!7520.00!0.000!NO!LINE!18345.00!7222.00!18645.00!7222.00!0.00!!!!!NOTCONNECT!!!NO!!!!
S!ASSEMBLY_TOP!1106 2!J7!KF3013P!!KF3013P!18495.00!7520.00!0.000!NO!LINE!18645.00!7222.00!18645.00!7818.00!0.00!!!!!NOTCONNECT!!!NO!!!!
S!ASSEMBLY_TOP!1106 3!J7!KF3013P!!KF3013P!18495.00!7520.00!0.000!NO!LINE!18645.00!7818.00!18345.00!7818.00!0.00!!!!!NOTCONNECT!!!NO!!!!
S!ASSEMBLY_TOP!1106 4!J7!KF3013P!!KF3013P!18495.00!7520.00!0.000!NO!LINE!18345.00!7818.00!18345.00!7222.00!0.00!!!!!NOTCONNECT!!!NO!!!!
S!PLACE_BOUND_TOP!1108 1!J7!KF3013P!!KF3013P!18495.00!7520.00!0.000!NO!RECTANGLE!18345.00!7222.00!18645.00!7818.00!1!!!!!!!!NO!!!!
S!ASSEMBLY_TOP!1112 1!J4!KF3013P!!KF3013P!18505.00!8180.00!0.000!NO!LINE!18355.00!7882.00!18655.00!7882.00!0.00!!!!!NOTCONNECT!!!NO!!!!
S!ASSEMBLY_TOP!1112 2!J4!KF3013P!!KF3013P!18505.00!8180.00!0.000!NO!LINE!18655.00!7882.00!18655.00!8478.00!0.00!!!!!NOTCONNECT!!!NO!!!!
S!ASSEMBLY_TOP!1112 3!J4!KF3013P!!KF3013P!18505.00!8180.00!0.000!NO!LINE!18655.00!8478.00!18355.00!8478.00!0.00!!!!!NOTCONNECT!!!NO!!!!
S!ASSEMBLY_TOP!1112 4!J4!KF3013P!!KF3013P!18505.00!8180.00!0.000!NO!LINE!18355.00!8478.00!18355.00!7882.00!0.00!!!!!NOTCONNECT!!!NO!!!!
S!PLACE_BOUND_TOP!1114 1!J4!KF3013P!!KF3013P!18505.00!8180.00!0.000!NO!RECTANGLE!18355.00!7882.00!18655.00!8478.00!1!!!!!!!!NO!!!!
S!ASSEMBLY_TOP!1118 1!J5!KF3013P!!KF3013P!18500.00!8840.00!0.000!NO!LINE!18350.00!8542.00!18650.00!8542.00!0.00!!!!!NOTCONNECT!!!NO!!!!
S!ASSEMBLY_TOP!1118 2!J5!KF3013P!!KF3013P!18500.00!8840.00!0.000!NO!LINE!18650.00!8542.00!18650.00!9138.00!0.00!!!!!NOTCONNECT!!!NO!!!!
S!ASSEMBLY_TOP!1118 3!J5!KF3013P!!KF3013P!18500.00!8840.00!0.000!NO!LINE!18650.00!9138.00!18350.00!9138.00!0.00!!!!!NOTCONNECT!!!NO!!!!
S!ASSEMBLY_TOP!1118 4!J5!KF3013P!!KF3013P!18500.00!8840.00!0.000!NO!LINE!18350.00!9138.00!18350.00!8542.00!0.00!!!!!NOTCONNECT!!!NO!!!!
S!PLACE_BOUND_TOP!1120 1!J5!KF3013P!!KF3013P!18500.00!8840.00!0.000!NO!RECTANGLE!18350.00!8542.00!18650.00!9138.00!1!!!!!!!!NO!!!!
S!ASSEMBLY_TOP!1124 1!J6!KF3013P!!KF3013P!18500.00!9490.00!0.000!NO!LINE!18350.00!9192.00!18650.00!9192.00!0.00!!!!!NOTCONNECT!!!NO!!!!
S!ASSEMBLY_TOP!1124 2!J6!KF3013P!!KF3013P!18500.00!9490.00!0.000!NO!LINE!18650.00!9192.00!18650.00!9788.00!0.00!!!!!NOTCONNECT!!!NO!!!!
S!ASSEMBLY_TOP!1124 3!J6!KF3013P!!KF3013P!18500.00!9490.00!0.000!NO!LINE!18650.00!9788.00!18350.00!9788.00!0.00!!!!!NOTCONNECT!!!NO!!!!
S!ASSEMBLY_TOP!1124 4!J6!KF3013P!!KF3013P!18500.00!9490.00!0.000!NO!LINE!18350.00!9788.00!18350.00!9192.00!0.00!!!!!NOTCONNECT!!!NO!!!!
S!PLACE_BOUND_TOP!1126 1!J6!KF3013P!!KF3013P!18500.00!9490.00!0.000!NO!RECTANGLE!18350.00!9192.00!18650.00!9788.00!1!!!!!!!!NO!!!!
S!ASSEMBLY_TOP!1130 1!U25!PC817X2NIP0F!!PC817X2NIP0F!16130.00!6585.00!270.000!NO!LINE!16030.00!6713.00!16030.00!6457.00!0.00!!!!!NOTCONNECT!!!NO!!!!
S!ASSEMBLY_TOP!1130 2!U25!PC817X2NIP0F!!PC817X2NIP0F!16130.00!6585.00!270.000!NO!LINE!16030.00!6457.00!16230.00!6457.00!0.00!!!!!NOTCONNECT!!!NO!!!!
S!ASSEMBLY_TOP!1130 3!U25!PC817X2NIP0F!!PC817X2NIP0F!16130.00!6585.00!270.000!NO!LINE!16230.00!6457.00!16230.00!6713.00!0.00!!!!!NOTCONNECT!!!NO!!!!
S!ASSEMBLY_TOP!1130 4!U25!PC817X2NIP0F!!PC817X2NIP0F!16130.00!6585.00!270.000!NO!LINE!16230.00!6713.00!16030.00!6713.00!0.00!!!!!NOTCONNECT!!!NO!!!!
S!PLACE_BOUND_TOP!1132 1 0!U25!PC817X2NIP0F!!PC817X2NIP0F!16130.00!6585.00!270.000!NO!LINE!16030.00!6823.00!16030.00!6347.00!0.00!!!!!SHAPE!!!NO!!!!
S!PLACE_BOUND_TOP!1132 2 0!U25!PC817X2NIP0F!!PC817X2NIP0F!16130.00!6585.00!270.000!NO!LINE!16030.00!6347.00!16230.00!6347.00!0.00!!!!!SHAPE!!!NO!!!!
S!PLACE_BOUND_TOP!1132 3 0!U25!PC817X2NIP0F!!PC817X2NIP0F!16130.00!6585.00!270.000!NO!LINE!16230.00!6347.00!16230.00!6823.00!0.00!!!!!SHAPE!!!NO!!!!
S!PLACE_BOUND_TOP!1132 4 0!U25!PC817X2NIP0F!!PC817X2NIP0F!16130.00!6585.00!270.000!NO!LINE!16230.00!6823.00!16030.00!6823.00!0.00!!!!!SHAPE!!!NO!!!!
S!ASSEMBLY_TOP!1136 1!U24!PC817X2NIP0F!!PC817X2NIP0F!17350.00!6130.00!270.000!NO!LINE!17250.00!6258.00!17250.00!6002.00!0.00!!!!!NOTCONNECT!!!NO!!!!
S!ASSEMBLY_TOP!1136 2!U24!PC817X2NIP0F!!PC817X2NIP0F!17350.00!6130.00!270.000!NO!LINE!17250.00!6002.00!17450.00!6002.00!0.00!!!!!NOTCONNECT!!!NO!!!!
S!ASSEMBLY_TOP!1136 3!U24!PC817X2NIP0F!!PC817X2NIP0F!17350.00!6130.00!270.000!NO!LINE!17450.00!6002.00!17450.00!6258.00!0.00!!!!!NOTCONNECT!!!NO!!!!
S!ASSEMBLY_TOP!1136 4!U24!PC817X2NIP0F!!PC817X2NIP0F!17350.00!6130.00!270.000!NO!LINE!17450.00!6258.00!17250.00!6258.00!0.00!!!!!NOTCONNECT!!!NO!!!!
S!PLACE_BOUND_TOP!1138 1 0!U24!PC817X2NIP0F!!PC817X2NIP0F!17350.00!6130.00!270.000!NO!LINE!17250.00!6368.00!17250.00!5892.00!0.00!!!!!SHAPE!!!NO!!!!
S!PLACE_BOUND_TOP!1138 2 0!U24!PC817X2NIP0F!!PC817X2NIP0F!17350.00!6130.00!270.000!NO!LINE!17250.00!5892.00!17450.00!5892.00!0.00!!!!!SHAPE!!!NO!!!!
S!PLACE_BOUND_TOP!1138 3 0!U24!PC817X2NIP0F!!PC817X2NIP0F!17350.00!6130.00!270.000!NO!LINE!17450.00!5892.00!17450.00!6368.00!0.00!!!!!SHAPE!!!NO!!!!
S!PLACE_BOUND_TOP!1138 4 0!U24!PC817X2NIP0F!!PC817X2NIP0F!17350.00!6130.00!270.000!NO!LINE!17450.00!6368.00!17250.00!6368.00!0.00!!!!!SHAPE!!!NO!!!!
S!ASSEMBLY_TOP!1142 1!U23!PC817X2NIP0F!!PC817X2NIP0F!17345.00!6805.00!270.000!NO!LINE!17245.00!6933.00!17245.00!6677.00!0.00!!!!!NOTCONNECT!!!NO!!!!
S!ASSEMBLY_TOP!1142 2!U23!PC817X2NIP0F!!PC817X2NIP0F!17345.00!6805.00!270.000!NO!LINE!17245.00!6677.00!17445.00!6677.00!0.00!!!!!NOTCONNECT!!!NO!!!!
S!ASSEMBLY_TOP!1142 3!U23!PC817X2NIP0F!!PC817X2NIP0F!17345.00!6805.00!270.000!NO!LINE!17445.00!6677.00!17445.00!6933.00!0.00!!!!!NOTCONNECT!!!NO!!!!
S!ASSEMBLY_TOP!1142 4!U23!PC817X2NIP0F!!PC817X2NIP0F!17345.00!6805.00!270.000!NO!LINE!17445.00!6933.00!17245.00!6933.00!0.00!!!!!NOTCONNECT!!!NO!!!!
S!PLACE_BOUND_TOP!1144 1 0!U23!PC817X2NIP0F!!PC817X2NIP0F!17345.00!6805.00!270.000!NO!LINE!17245.00!7043.00!17245.00!6567.00!0.00!!!!!SHAPE!!!NO!!!!
S!PLACE_BOUND_TOP!1144 2 0!U23!PC817X2NIP0F!!PC817X2NIP0F!17345.00!6805.00!270.000!NO!LINE!17245.00!6567.00!17445.00!6567.00!0.00!!!!!SHAPE!!!NO!!!!
S!PLACE_BOUND_TOP!1144 3 0!U23!PC817X2NIP0F!!PC817X2NIP0F!17345.00!6805.00!270.000!NO!LINE!17445.00!6567.00!17445.00!7043.00!0.00!!!!!SHAPE!!!NO!!!!
S!PLACE_BOUND_TOP!1144 4 0!U23!PC817X2NIP0F!!PC817X2NIP0F!17345.00!6805.00!270.000!NO!LINE!17445.00!7043.00!17245.00!7043.00!0.00!!!!!SHAPE!!!NO!!!!
S!ASSEMBLY_TOP!1148 1!U22!PC817X2NIP0F!!PC817X2NIP0F!17355.00!7455.00!270.000!NO!LINE!17255.00!7583.00!17255.00!7327.00!0.00!!!!!NOTCONNECT!!!NO!!!!
S!ASSEMBLY_TOP!1148 2!U22!PC817X2NIP0F!!PC817X2NIP0F!17355.00!7455.00!270.000!NO!LINE!17255.00!7327.00!17455.00!7327.00!0.00!!!!!NOTCONNECT!!!NO!!!!
S!ASSEMBLY_TOP!1148 3!U22!PC817X2NIP0F!!PC817X2NIP0F!17355.00!7455.00!270.000!NO!LINE!17455.00!7327.00!17455.00!7583.00!0.00!!!!!NOTCONNECT!!!NO!!!!
S!ASSEMBLY_TOP!1148 4!U22!PC817X2NIP0F!!PC817X2NIP0F!17355.00!7455.00!270.000!NO!LINE!17455.00!7583.00!17255.00!7583.00!0.00!!!!!NOTCONNECT!!!NO!!!!
S!PLACE_BOUND_TOP!1150 1 0!U22!PC817X2NIP0F!!PC817X2NIP0F!17355.00!7455.00!270.000!NO!LINE!17255.00!7693.00!17255.00!7217.00!0.00!!!!!SHAPE!!!NO!!!!
S!PLACE_BOUND_TOP!1150 2 0!U22!PC817X2NIP0F!!PC817X2NIP0F!17355.00!7455.00!270.000!NO!LINE!17255.00!7217.00!17455.00!7217.00!0.00!!!!!SHAPE!!!NO!!!!
S!PLACE_BOUND_TOP!1150 3 0!U22!PC817X2NIP0F!!PC817X2NIP0F!17355.00!7455.00!270.000!NO!LINE!17455.00!7217.00!17455.00!7693.00!0.00!!!!!SHAPE!!!NO!!!!
S!PLACE_BOUND_TOP!1150 4 0!U22!PC817X2NIP0F!!PC817X2NIP0F!17355.00!7455.00!270.000!NO!LINE!17455.00!7693.00!17255.00!7693.00!0.00!!!!!SHAPE!!!NO!!!!
S!ASSEMBLY_TOP!1154 1!U21!PC817X2NIP0F!!PC817X2NIP0F!17355.00!8105.00!270.000!NO!LINE!17255.00!8233.00!17255.00!7977.00!0.00!!!!!NOTCONNECT!!!NO!!!!
S!ASSEMBLY_TOP!1154 2!U21!PC817X2NIP0F!!PC817X2NIP0F!17355.00!8105.00!270.000!NO!LINE!17255.00!7977.00!17455.00!7977.00!0.00!!!!!NOTCONNECT!!!NO!!!!
S!ASSEMBLY_TOP!1154 3!U21!PC817X2NIP0F!!PC817X2NIP0F!17355.00!8105.00!270.000!NO!LINE!17455.00!7977.00!17455.00!8233.00!0.00!!!!!NOTCONNECT!!!NO!!!!
S!ASSEMBLY_TOP!1154 4!U21!PC817X2NIP0F!!PC817X2NIP0F!17355.00!8105.00!270.000!NO!LINE!17455.00!8233.00!17255.00!8233.00!0.00!!!!!NOTCONNECT!!!NO!!!!
S!PLACE_BOUND_TOP!1156 1 0!U21!PC817X2NIP0F!!PC817X2NIP0F!17355.00!8105.00!270.000!NO!LINE!17255.00!8343.00!17255.00!7867.00!0.00!!!!!SHAPE!!!NO!!!!
S!PLACE_BOUND_TOP!1156 2 0!U21!PC817X2NIP0F!!PC817X2NIP0F!17355.00!8105.00!270.000!NO!LINE!17255.00!7867.00!17455.00!7867.00!0.00!!!!!SHAPE!!!NO!!!!
S!PLACE_BOUND_TOP!1156 3 0!U21!PC817X2NIP0F!!PC817X2NIP0F!17355.00!8105.00!270.000!NO!LINE!17455.00!7867.00!17455.00!8343.00!0.00!!!!!SHAPE!!!NO!!!!
S!PLACE_BOUND_TOP!1156 4 0!U21!PC817X2NIP0F!!PC817X2NIP0F!17355.00!8105.00!270.000!NO!LINE!17455.00!8343.00!17255.00!8343.00!0.00!!!!!SHAPE!!!NO!!!!
S!ASSEMBLY_TOP!1160 1!U26!PC817X2NIP0F!!PC817X2NIP0F!17350.00!8760.00!270.000!NO!LINE!17250.00!8888.00!17250.00!8632.00!0.00!!!!!NOTCONNECT!!!NO!!!!
S!ASSEMBLY_TOP!1160 2!U26!PC817X2NIP0F!!PC817X2NIP0F!17350.00!8760.00!270.000!NO!LINE!17250.00!8632.00!17450.00!8632.00!0.00!!!!!NOTCONNECT!!!NO!!!!
S!ASSEMBLY_TOP!1160 3!U26!PC817X2NIP0F!!PC817X2NIP0F!17350.00!8760.00!270.000!NO!LINE!17450.00!8632.00!17450.00!8888.00!0.00!!!!!NOTCONNECT!!!NO!!!!
S!ASSEMBLY_TOP!1160 4!U26!PC817X2NIP0F!!PC817X2NIP0F!17350.00!8760.00!270.000!NO!LINE!17450.00!8888.00!17250.00!8888.00!0.00!!!!!NOTCONNECT!!!NO!!!!
S!PLACE_BOUND_TOP!1162 1 0!U26!PC817X2NIP0F!!PC817X2NIP0F!17350.00!8760.00!270.000!NO!LINE!17250.00!8998.00!17250.00!8522.00!0.00!!!!!SHAPE!!!NO!!!!
S!PLACE_BOUND_TOP!1162 2 0!U26!PC817X2NIP0F!!PC817X2NIP0F!17350.00!8760.00!270.000!NO!LINE!17250.00!8522.00!17450.00!8522.00!0.00!!!!!SHAPE!!!NO!!!!
S!PLACE_BOUND_TOP!1162 3 0!U26!PC817X2NIP0F!!PC817X2NIP0F!17350.00!8760.00!270.000!NO!LINE!17450.00!8522.00!17450.00!8998.00!0.00!!!!!SHAPE!!!NO!!!!
S!PLACE_BOUND_TOP!1162 4 0!U26!PC817X2NIP0F!!PC817X2NIP0F!17350.00!8760.00!270.000!NO!LINE!17450.00!8998.00!17250.00!8998.00!0.00!!!!!SHAPE!!!NO!!!!
S!ASSEMBLY_TOP!1166 1!U27!PC817X2NIP0F!!PC817X2NIP0F!17345.00!9425.00!270.000!NO!LINE!17245.00!9553.00!17245.00!9297.00!0.00!!!!!NOTCONNECT!!!NO!!!!
S!ASSEMBLY_TOP!1166 2!U27!PC817X2NIP0F!!PC817X2NIP0F!17345.00!9425.00!270.000!NO!LINE!17245.00!9297.00!17445.00!9297.00!0.00!!!!!NOTCONNECT!!!NO!!!!
S!ASSEMBLY_TOP!1166 3!U27!PC817X2NIP0F!!PC817X2NIP0F!17345.00!9425.00!270.000!NO!LINE!17445.00!9297.00!17445.00!9553.00!0.00!!!!!NOTCONNECT!!!NO!!!!
S!ASSEMBLY_TOP!1166 4!U27!PC817X2NIP0F!!PC817X2NIP0F!17345.00!9425.00!270.000!NO!LINE!17445.00!9553.00!17245.00!9553.00!0.00!!!!!NOTCONNECT!!!NO!!!!
S!PLACE_BOUND_TOP!1168 1 0!U27!PC817X2NIP0F!!PC817X2NIP0F!17345.00!9425.00!270.000!NO!LINE!17245.00!9663.00!17245.00!9187.00!0.00!!!!!SHAPE!!!NO!!!!
S!PLACE_BOUND_TOP!1168 2 0!U27!PC817X2NIP0F!!PC817X2NIP0F!17345.00!9425.00!270.000!NO!LINE!17245.00!9187.00!17445.00!9187.00!0.00!!!!!SHAPE!!!NO!!!!
S!PLACE_BOUND_TOP!1168 3 0!U27!PC817X2NIP0F!!PC817X2NIP0F!17345.00!9425.00!270.000!NO!LINE!17445.00!9187.00!17445.00!9663.00!0.00!!!!!SHAPE!!!NO!!!!
S!PLACE_BOUND_TOP!1168 4 0!U27!PC817X2NIP0F!!PC817X2NIP0F!17345.00!9425.00!270.000!NO!LINE!17445.00!9663.00!17245.00!9663.00!0.00!!!!!SHAPE!!!NO!!!!
S!ASSEMBLY_TOP!1172 1!U7!ULN2003A!!ULN2003A!16425.00!7410.00!0.000!NO!LINE!16345.00!7210.00!16505.00!7210.00!0.00!!!!!NOTCONNECT!!!NO!!!!
S!ASSEMBLY_TOP!1172 2!U7!ULN2003A!!ULN2003A!16425.00!7410.00!0.000!NO!LINE!16505.00!7210.00!16505.00!7610.00!0.00!!!!!NOTCONNECT!!!NO!!!!
S!ASSEMBLY_TOP!1172 3!U7!ULN2003A!!ULN2003A!16425.00!7410.00!0.000!NO!LINE!16505.00!7610.00!16345.00!7610.00!0.00!!!!!NOTCONNECT!!!NO!!!!
S!ASSEMBLY_TOP!1172 4!U7!ULN2003A!!ULN2003A!16425.00!7410.00!0.000!NO!LINE!16345.00!7610.00!16345.00!7210.00!0.00!!!!!NOTCONNECT!!!NO!!!!
S!PLACE_BOUND_TOP!1174 1!U7!ULN2003A!!ULN2003A!16425.00!7410.00!0.000!NO!RECTANGLE!16229.00!7205.00!16620.00!7615.00!1!!!!!!!!NO!!!!
S!ASSEMBLY_TOP!1178 1!U15!LM35!!LM35!15535.00!6945.00!0.000!NO!LINE!15480.00!6795.00!15590.00!6795.00!0.00!!!!!NOTCONNECT!!!NO!!!!
S!ASSEMBLY_TOP!1178 2!U15!LM35!!LM35!15535.00!6945.00!0.000!NO!LINE!15590.00!6795.00!15590.00!7095.00!0.00!!!!!NOTCONNECT!!!NO!!!!
S!ASSEMBLY_TOP!1178 3!U15!LM35!!LM35!15535.00!6945.00!0.000!NO!LINE!15590.00!7095.00!15480.00!7095.00!0.00!!!!!NOTCONNECT!!!NO!!!!
S!ASSEMBLY_TOP!1178 4!U15!LM35!!LM35!15535.00!6945.00!0.000!NO!LINE!15480.00!7095.00!15480.00!6795.00!0.00!!!!!NOTCONNECT!!!NO!!!!
S!PLACE_BOUND_TOP!1180 1!U15!LM35!!LM35!15535.00!6945.00!0.000!NO!RECTANGLE!15480.00!6795.00!15590.00!7095.00!1!!!!!!!!NO!!!!
S!ASSEMBLY_TOP!1184 1!U11!PH!!PH!15800.00!6385.00!90.000!NO!LINE!15950.00!6330.00!15950.00!6440.00!0.00!!!!!NOTCONNECT!!!NO!!!!
S!ASSEMBLY_TOP!1184 2!U11!PH!!PH!15800.00!6385.00!90.000!NO!LINE!15950.00!6440.00!15650.00!6440.00!0.00!!!!!NOTCONNECT!!!NO!!!!
S!ASSEMBLY_TOP!1184 3!U11!PH!!PH!15800.00!6385.00!90.000!NO!LINE!15650.00!6440.00!15650.00!6330.00!0.00!!!!!NOTCONNECT!!!NO!!!!
S!ASSEMBLY_TOP!1184 4!U11!PH!!PH!15800.00!6385.00!90.000!NO!LINE!15650.00!6330.00!15950.00!6330.00!0.00!!!!!NOTCONNECT!!!NO!!!!
S!PLACE_BOUND_TOP!1186 1 0!U11!PH!!PH!15800.00!6385.00!90.000!NO!LINE!15950.00!6330.00!15950.00!6440.00!0.00!!!!!SHAPE!!!NO!!!!
S!PLACE_BOUND_TOP!1186 2 0!U11!PH!!PH!15800.00!6385.00!90.000!NO!LINE!15950.00!6440.00!15650.00!6440.00!0.00!!!!!SHAPE!!!NO!!!!
S!PLACE_BOUND_TOP!1186 3 0!U11!PH!!PH!15800.00!6385.00!90.000!NO!LINE!15650.00!6440.00!15650.00!6330.00!0.00!!!!!SHAPE!!!NO!!!!
S!PLACE_BOUND_TOP!1186 4 0!U11!PH!!PH!15800.00!6385.00!90.000!NO!LINE!15650.00!6330.00!15950.00!6330.00!0.00!!!!!SHAPE!!!NO!!!!
S!ASSEMBLY_TOP!1190 1!U16!LM393!!LM393!15400.00!6385.00!270.000!NO!LINE!15200.00!6440.00!15200.00!6330.00!0.00!!!!!NOTCONNECT!!!NO!!!!
S!ASSEMBLY_TOP!1190 2!U16!LM393!!LM393!15400.00!6385.00!270.000!NO!LINE!15200.00!6330.00!15600.00!6330.00!0.00!!!!!NOTCONNECT!!!NO!!!!
S!ASSEMBLY_TOP!1190 3!U16!LM393!!LM393!15400.00!6385.00!270.000!NO!LINE!15600.00!6330.00!15600.00!6440.00!0.00!!!!!NOTCONNECT!!!NO!!!!
S!ASSEMBLY_TOP!1190 4!U16!LM393!!LM393!15400.00!6385.00!270.000!NO!LINE!15600.00!6440.00!15200.00!6440.00!0.00!!!!!NOTCONNECT!!!NO!!!!
S!PLACE_BOUND_TOP!1192 1 0!U16!LM393!!LM393!15400.00!6385.00!270.000!NO!LINE!15200.00!6440.00!15200.00!6330.00!0.00!!!!!SHAPE!!!NO!!!!
S!PLACE_BOUND_TOP!1192 2 0!U16!LM393!!LM393!15400.00!6385.00!270.000!NO!LINE!15200.00!6330.00!15600.00!6330.00!0.00!!!!!SHAPE!!!NO!!!!
S!PLACE_BOUND_TOP!1192 3 0!U16!LM393!!LM393!15400.00!6385.00!270.000!NO!LINE!15600.00!6330.00!15600.00!6440.00!0.00!!!!!SHAPE!!!NO!!!!
S!PLACE_BOUND_TOP!1192 4 0!U16!LM393!!LM393!15400.00!6385.00!270.000!NO!LINE!15600.00!6440.00!15200.00!6440.00!0.00!!!!!SHAPE!!!NO!!!!
S!ASSEMBLY_TOP!1196 1!U14!LM393!!LM393!14945.00!6385.00!270.000!NO!LINE!14745.00!6440.00!14745.00!6330.00!0.00!!!!!NOTCONNECT!!!NO!!!!
S!ASSEMBLY_TOP!1196 2!U14!LM393!!LM393!14945.00!6385.00!270.000!NO!LINE!14745.00!6330.00!15145.00!6330.00!0.00!!!!!NOTCONNECT!!!NO!!!!
S!ASSEMBLY_TOP!1196 3!U14!LM393!!LM393!14945.00!6385.00!270.000!NO!LINE!15145.00!6330.00!15145.00!6440.00!0.00!!!!!NOTCONNECT!!!NO!!!!
S!ASSEMBLY_TOP!1196 4!U14!LM393!!LM393!14945.00!6385.00!270.000!NO!LINE!15145.00!6440.00!14745.00!6440.00!0.00!!!!!NOTCONNECT!!!NO!!!!
S!PLACE_BOUND_TOP!1198 1 0!U14!LM393!!LM393!14945.00!6385.00!270.000!NO!LINE!14745.00!6440.00!14745.00!6330.00!0.00!!!!!SHAPE!!!NO!!!!
S!PLACE_BOUND_TOP!1198 2 0!U14!LM393!!LM393!14945.00!6385.00!270.000!NO!LINE!14745.00!6330.00!15145.00!6330.00!0.00!!!!!SHAPE!!!NO!!!!
S!PLACE_BOUND_TOP!1198 3 0!U14!LM393!!LM393!14945.00!6385.00!270.000!NO!LINE!15145.00!6330.00!15145.00!6440.00!0.00!!!!!SHAPE!!!NO!!!!
S!PLACE_BOUND_TOP!1198 4 0!U14!LM393!!LM393!14945.00!6385.00!270.000!NO!LINE!15145.00!6440.00!14745.00!6440.00!0.00!!!!!SHAPE!!!NO!!!!
S!ASSEMBLY_TOP!1202 1!U10!LM393!!LM393!14800.00!6705.00!180.000!NO!LINE!14855.00!6905.00!14745.00!6905.00!0.00!!!!!NOTCONNECT!!!NO!!!!
S!ASSEMBLY_TOP!1202 2!U10!LM393!!LM393!14800.00!6705.00!180.000!NO!LINE!14745.00!6905.00!14745.00!6505.00!0.00!!!!!NOTCONNECT!!!NO!!!!
S!ASSEMBLY_TOP!1202 3!U10!LM393!!LM393!14800.00!6705.00!180.000!NO!LINE!14745.00!6505.00!14855.00!6505.00!0.00!!!!!NOTCONNECT!!!NO!!!!
S!ASSEMBLY_TOP!1202 4!U10!LM393!!LM393!14800.00!6705.00!180.000!NO!LINE!14855.00!6505.00!14855.00!6905.00!0.00!!!!!NOTCONNECT!!!NO!!!!
S!PLACE_BOUND_TOP!1204 1 0!U10!LM393!!LM393!14800.00!6705.00!180.000!NO!LINE!14855.00!6905.00!14745.00!6905.00!0.00!!!!!SHAPE!!!NO!!!!
S!PLACE_BOUND_TOP!1204 2 0!U10!LM393!!LM393!14800.00!6705.00!180.000!NO!LINE!14745.00!6905.00!14745.00!6505.00!0.00!!!!!SHAPE!!!NO!!!!
S!PLACE_BOUND_TOP!1204 3 0!U10!LM393!!LM393!14800.00!6705.00!180.000!NO!LINE!14745.00!6505.00!14855.00!6505.00!0.00!!!!!SHAPE!!!NO!!!!
S!PLACE_BOUND_TOP!1204 4 0!U10!LM393!!LM393!14800.00!6705.00!180.000!NO!LINE!14855.00!6505.00!14855.00!6905.00!0.00!!!!!SHAPE!!!NO!!!!
S!ASSEMBLY_TOP!1208 1!U9!BH1750!!BH1750!14800.00!7190.00!0.000!NO!LINE!14745.00!6940.00!14855.00!6940.00!0.00!!!!!NOTCONNECT!!!NO!!!!
S!ASSEMBLY_TOP!1208 2!U9!BH1750!!BH1750!14800.00!7190.00!0.000!NO!LINE!14855.00!6940.00!14855.00!7440.00!0.00!!!!!NOTCONNECT!!!NO!!!!
S!ASSEMBLY_TOP!1208 3!U9!BH1750!!BH1750!14800.00!7190.00!0.000!NO!LINE!14855.00!7440.00!14745.00!7440.00!0.00!!!!!NOTCONNECT!!!NO!!!!
S!ASSEMBLY_TOP!1208 4!U9!BH1750!!BH1750!14800.00!7190.00!0.000!NO!LINE!14745.00!7440.00!14745.00!6940.00!0.00!!!!!NOTCONNECT!!!NO!!!!
S!PLACE_BOUND_TOP!1210 1!U9!BH1750!!BH1750!14800.00!7190.00!0.000!NO!RECTANGLE!14745.00!6940.00!14855.00!7440.00!1!!!!!!!!NO!!!!
S!ASSEMBLY_TOP!1214 1!U29!HDC100X!!HDC100X!14800.00!7895.00!0.000!NO!LINE!14745.00!7535.00!14855.00!7535.00!0.00!!!!!NOTCONNECT!!!NO!!!!
S!ASSEMBLY_TOP!1214 2!U29!HDC100X!!HDC100X!14800.00!7895.00!0.000!NO!LINE!14855.00!7535.00!14855.00!8255.00!0.00!!!!!NOTCONNECT!!!NO!!!!
S!ASSEMBLY_TOP!1214 3!U29!HDC100X!!HDC100X!14800.00!7895.00!0.000!NO!LINE!14855.00!8255.00!14745.00!8255.00!0.00!!!!!NOTCONNECT!!!NO!!!!
S!ASSEMBLY_TOP!1214 4!U29!HDC100X!!HDC100X!14800.00!7895.00!0.000!NO!LINE!14745.00!8255.00!14745.00!7535.00!0.00!!!!!NOTCONNECT!!!NO!!!!
S!PLACE_BOUND_TOP!1216 1!U29!HDC100X!!HDC100X!14800.00!7895.00!0.000!NO!RECTANGLE!14745.00!7535.00!14855.00!8255.00!1!!!!!!!!NO!!!!
S!ASSEMBLY_TOP!1220 1!U28!MSS-22D18!!MSS-22D18!15095.00!8965.00!90.000!NO!LINE!15275.00!8901.00!15275.00!9029.00!0.00!!!!!NOTCONNECT!!!NO!!!!
S!ASSEMBLY_TOP!1220 2!U28!MSS-22D18!!MSS-22D18!15095.00!8965.00!90.000!NO!LINE!15275.00!9029.00!14915.00!9029.00!0.00!!!!!NOTCONNECT!!!NO!!!!
S!ASSEMBLY_TOP!1220 3!U28!MSS-22D18!!MSS-22D18!15095.00!8965.00!90.000!NO!LINE!14915.00!9029.00!14915.00!8901.00!0.00!!!!!NOTCONNECT!!!NO!!!!
S!ASSEMBLY_TOP!1220 4!U28!MSS-22D18!!MSS-22D18!15095.00!8965.00!90.000!NO!LINE!14915.00!8901.00!15275.00!8901.00!0.00!!!!!NOTCONNECT!!!NO!!!!
S!PLACE_BOUND_TOP!1222 1 0!U28!MSS-22D18!!MSS-22D18!15095.00!8965.00!90.000!NO!LINE!15275.00!8856.00!15275.00!9074.00!0.00!!!!!SHAPE!!!NO!!!!
S!PLACE_BOUND_TOP!1222 2 0!U28!MSS-22D18!!MSS-22D18!15095.00!8965.00!90.000!NO!LINE!15275.00!9074.00!14915.00!9074.00!0.00!!!!!SHAPE!!!NO!!!!
S!PLACE_BOUND_TOP!1222 3 0!U28!MSS-22D18!!MSS-22D18!15095.00!8965.00!90.000!NO!LINE!14915.00!9074.00!14915.00!8856.00!0.00!!!!!SHAPE!!!NO!!!!
S!PLACE_BOUND_TOP!1222 4 0!U28!MSS-22D18!!MSS-22D18!15095.00!8965.00!90.000!NO!LINE!14915.00!8856.00!15275.00!8856.00!0.00!!!!!SHAPE!!!NO!!!!
S!ASSEMBLY_TOP!1226 1!C2!C0805!!C0805!14910.00!8135.00!180.000!NO!LINE!14938.00!8091.00!14938.00!8179.00!0.00!!!!!NOTCONNECT!!!NO!!!!
S!ASSEMBLY_TOP!1227 1!C2!C0805!!C0805!14910.00!8135.00!180.000!NO!LINE!14882.00!8091.00!14938.00!8091.00!0.00!!!!!NOTCONNECT!!!NO!!!!
S!ASSEMBLY_TOP!1228 1!C2!C0805!!C0805!14910.00!8135.00!180.000!NO!LINE!14882.00!8179.00!14882.00!8091.00!0.00!!!!!NOTCONNECT!!!NO!!!!
S!ASSEMBLY_TOP!1229 1!C2!C0805!!C0805!14910.00!8135.00!180.000!NO!LINE!14938.00!8179.00!14882.00!8179.00!0.00!!!!!NOTCONNECT!!!NO!!!!
S!PLACE_BOUND_TOP!1233 1 0!C2!C0805!!C0805!14910.00!8135.00!180.000!NO!LINE!14960.00!8225.00!14960.00!8045.00!0.00!!!!!SHAPE!!!NO!!!!
S!PLACE_BOUND_TOP!1233 2 0!C2!C0805!!C0805!14910.00!8135.00!180.000!NO!LINE!14960.00!8045.00!14860.00!8045.00!0.00!!!!!SHAPE!!!NO!!!!
S!PLACE_BOUND_TOP!1233 3 0!C2!C0805!!C0805!14910.00!8135.00!180.000!NO!LINE!14860.00!8045.00!14860.00!8225.00!0.00!!!!!SHAPE!!!NO!!!!
S!PLACE_BOUND_TOP!1233 4 0!C2!C0805!!C0805!14910.00!8135.00!180.000!NO!LINE!14860.00!8225.00!14960.00!8225.00!0.00!!!!!SHAPE!!!NO!!!!
S!ASSEMBLY_TOP!1237 1!C6!C0805!!C0805!16130.00!7240.00!0.000!NO!LINE!16102.00!7284.00!16102.00!7196.00!0.00!!!!!NOTCONNECT!!!NO!!!!
S!ASSEMBLY_TOP!1238 1!C6!C0805!!C0805!16130.00!7240.00!0.000!NO!LINE!16158.00!7284.00!16102.00!7284.00!0.00!!!!!NOTCONNECT!!!NO!!!!
S!ASSEMBLY_TOP!1239 1!C6!C0805!!C0805!16130.00!7240.00!0.000!NO!LINE!16158.00!7196.00!16158.00!7284.00!0.00!!!!!NOTCONNECT!!!NO!!!!
S!ASSEMBLY_TOP!1240 1!C6!C0805!!C0805!16130.00!7240.00!0.000!NO!LINE!16102.00!7196.00!16158.00!7196.00!0.00!!!!!NOTCONNECT!!!NO!!!!
S!PLACE_BOUND_TOP!1244 1 0!C6!C0805!!C0805!16130.00!7240.00!0.000!NO!LINE!16080.00!7150.00!16080.00!7330.00!0.00!!!!!SHAPE!!!NO!!!!
S!PLACE_BOUND_TOP!1244 2 0!C6!C0805!!C0805!16130.00!7240.00!0.000!NO!LINE!16080.00!7330.00!16180.00!7330.00!0.00!!!!!SHAPE!!!NO!!!!
S!PLACE_BOUND_TOP!1244 3 0!C6!C0805!!C0805!16130.00!7240.00!0.000!NO!LINE!16180.00!7330.00!16180.00!7150.00!0.00!!!!!SHAPE!!!NO!!!!
S!PLACE_BOUND_TOP!1244 4 0!C6!C0805!!C0805!16130.00!7240.00!0.000!NO!LINE!16180.00!7150.00!16080.00!7150.00!0.00!!!!!SHAPE!!!NO!!!!
S!ASSEMBLY_TOP!1248 1!C11!C0805!!C0805!15480.00!7250.00!180.000!NO!LINE!15508.00!7206.00!15508.00!7294.00!0.00!!!!!NOTCONNECT!!!NO!!!!
S!ASSEMBLY_TOP!1249 1!C11!C0805!!C0805!15480.00!7250.00!180.000!NO!LINE!15452.00!7206.00!15508.00!7206.00!0.00!!!!!NOTCONNECT!!!NO!!!!
S!ASSEMBLY_TOP!1250 1!C11!C0805!!C0805!15480.00!7250.00!180.000!NO!LINE!15452.00!7294.00!15452.00!7206.00!0.00!!!!!NOTCONNECT!!!NO!!!!
S!ASSEMBLY_TOP!1251 1!C11!C0805!!C0805!15480.00!7250.00!180.000!NO!LINE!15508.00!7294.00!15452.00!7294.00!0.00!!!!!NOTCONNECT!!!NO!!!!
S!PLACE_BOUND_TOP!1255 1 0!C11!C0805!!C0805!15480.00!7250.00!180.000!NO!LINE!15530.00!7340.00!15530.00!7160.00!0.00!!!!!SHAPE!!!NO!!!!
S!PLACE_BOUND_TOP!1255 2 0!C11!C0805!!C0805!15480.00!7250.00!180.000!NO!LINE!15530.00!7160.00!15430.00!7160.00!0.00!!!!!SHAPE!!!NO!!!!
S!PLACE_BOUND_TOP!1255 3 0!C11!C0805!!C0805!15480.00!7250.00!180.000!NO!LINE!15430.00!7160.00!15430.00!7340.00!0.00!!!!!SHAPE!!!NO!!!!
S!PLACE_BOUND_TOP!1255 4 0!C11!C0805!!C0805!15480.00!7250.00!180.000!NO!LINE!15430.00!7340.00!15530.00!7340.00!0.00!!!!!SHAPE!!!NO!!!!
S!ASSEMBLY_TOP!1259 1!C1!C0805!!C0805!15390.00!6595.00!180.000!NO!LINE!15418.00!6551.00!15418.00!6639.00!0.00!!!!!NOTCONNECT!!!NO!!!!
S!ASSEMBLY_TOP!1260 1!C1!C0805!!C0805!15390.00!6595.00!180.000!NO!LINE!15362.00!6551.00!15418.00!6551.00!0.00!!!!!NOTCONNECT!!!NO!!!!
S!ASSEMBLY_TOP!1261 1!C1!C0805!!C0805!15390.00!6595.00!180.000!NO!LINE!15362.00!6639.00!15362.00!6551.00!0.00!!!!!NOTCONNECT!!!NO!!!!
S!ASSEMBLY_TOP!1262 1!C1!C0805!!C0805!15390.00!6595.00!180.000!NO!LINE!15418.00!6639.00!15362.00!6639.00!0.00!!!!!NOTCONNECT!!!NO!!!!
S!PLACE_BOUND_TOP!1266 1 0!C1!C0805!!C0805!15390.00!6595.00!180.000!NO!LINE!15440.00!6685.00!15440.00!6505.00!0.00!!!!!SHAPE!!!NO!!!!
S!PLACE_BOUND_TOP!1266 2 0!C1!C0805!!C0805!15390.00!6595.00!180.000!NO!LINE!15440.00!6505.00!15340.00!6505.00!0.00!!!!!SHAPE!!!NO!!!!
S!PLACE_BOUND_TOP!1266 3 0!C1!C0805!!C0805!15390.00!6595.00!180.000!NO!LINE!15340.00!6505.00!15340.00!6685.00!0.00!!!!!SHAPE!!!NO!!!!
S!PLACE_BOUND_TOP!1266 4 0!C1!C0805!!C0805!15390.00!6595.00!180.000!NO!LINE!15340.00!6685.00!15440.00!6685.00!0.00!!!!!SHAPE!!!NO!!!!
S!ASSEMBLY_TOP!1270 1!C12!C0805!!C0805!15215.00!6590.00!180.000!NO!LINE!15243.00!6546.00!15243.00!6634.00!0.00!!!!!NOTCONNECT!!!NO!!!!
S!ASSEMBLY_TOP!1271 1!C12!C0805!!C0805!15215.00!6590.00!180.000!NO!LINE!15187.00!6546.00!15243.00!6546.00!0.00!!!!!NOTCONNECT!!!NO!!!!
S!ASSEMBLY_TOP!1272 1!C12!C0805!!C0805!15215.00!6590.00!180.000!NO!LINE!15187.00!6634.00!15187.00!6546.00!0.00!!!!!NOTCONNECT!!!NO!!!!
S!ASSEMBLY_TOP!1273 1!C12!C0805!!C0805!15215.00!6590.00!180.000!NO!LINE!15243.00!6634.00!15187.00!6634.00!0.00!!!!!NOTCONNECT!!!NO!!!!
S!PLACE_BOUND_TOP!1277 1 0!C12!C0805!!C0805!15215.00!6590.00!180.000!NO!LINE!15265.00!6680.00!15265.00!6500.00!0.00!!!!!SHAPE!!!NO!!!!
S!PLACE_BOUND_TOP!1277 2 0!C12!C0805!!C0805!15215.00!6590.00!180.000!NO!LINE!15265.00!6500.00!15165.00!6500.00!0.00!!!!!SHAPE!!!NO!!!!
S!PLACE_BOUND_TOP!1277 3 0!C12!C0805!!C0805!15215.00!6590.00!180.000!NO!LINE!15165.00!6500.00!15165.00!6680.00!0.00!!!!!SHAPE!!!NO!!!!
S!PLACE_BOUND_TOP!1277 4 0!C12!C0805!!C0805!15215.00!6590.00!180.000!NO!LINE!15165.00!6680.00!15265.00!6680.00!0.00!!!!!SHAPE!!!NO!!!!
S!ASSEMBLY_TOP!1281 1!C10!C0805!!C0805!15065.00!6590.00!180.000!NO!LINE!15093.00!6546.00!15093.00!6634.00!0.00!!!!!NOTCONNECT!!!NO!!!!
S!ASSEMBLY_TOP!1282 1!C10!C0805!!C0805!15065.00!6590.00!180.000!NO!LINE!15037.00!6546.00!15093.00!6546.00!0.00!!!!!NOTCONNECT!!!NO!!!!
S!ASSEMBLY_TOP!1283 1!C10!C0805!!C0805!15065.00!6590.00!180.000!NO!LINE!15037.00!6634.00!15037.00!6546.00!0.00!!!!!NOTCONNECT!!!NO!!!!
S!ASSEMBLY_TOP!1284 1!C10!C0805!!C0805!15065.00!6590.00!180.000!NO!LINE!15093.00!6634.00!15037.00!6634.00!0.00!!!!!NOTCONNECT!!!NO!!!!
S!PLACE_BOUND_TOP!1288 1 0!C10!C0805!!C0805!15065.00!6590.00!180.000!NO!LINE!15115.00!6680.00!15115.00!6500.00!0.00!!!!!SHAPE!!!NO!!!!
S!PLACE_BOUND_TOP!1288 2 0!C10!C0805!!C0805!15065.00!6590.00!180.000!NO!LINE!15115.00!6500.00!15015.00!6500.00!0.00!!!!!SHAPE!!!NO!!!!
S!PLACE_BOUND_TOP!1288 3 0!C10!C0805!!C0805!15065.00!6590.00!180.000!NO!LINE!15015.00!6500.00!15015.00!6680.00!0.00!!!!!SHAPE!!!NO!!!!
S!PLACE_BOUND_TOP!1288 4 0!C10!C0805!!C0805!15065.00!6590.00!180.000!NO!LINE!15015.00!6680.00!15115.00!6680.00!0.00!!!!!SHAPE!!!NO!!!!
S!ASSEMBLY_TOP!1292 1!C5!C0805!!C0805!14935.00!6590.00!180.000!NO!LINE!14963.00!6546.00!14963.00!6634.00!0.00!!!!!NOTCONNECT!!!NO!!!!
S!ASSEMBLY_TOP!1293 1!C5!C0805!!C0805!14935.00!6590.00!180.000!NO!LINE!14907.00!6546.00!14963.00!6546.00!0.00!!!!!NOTCONNECT!!!NO!!!!
S!ASSEMBLY_TOP!1294 1!C5!C0805!!C0805!14935.00!6590.00!180.000!NO!LINE!14907.00!6634.00!14907.00!6546.00!0.00!!!!!NOTCONNECT!!!NO!!!!
S!ASSEMBLY_TOP!1295 1!C5!C0805!!C0805!14935.00!6590.00!180.000!NO!LINE!14963.00!6634.00!14907.00!6634.00!0.00!!!!!NOTCONNECT!!!NO!!!!
S!PLACE_BOUND_TOP!1299 1 0!C5!C0805!!C0805!14935.00!6590.00!180.000!NO!LINE!14985.00!6680.00!14985.00!6500.00!0.00!!!!!SHAPE!!!NO!!!!
S!PLACE_BOUND_TOP!1299 2 0!C5!C0805!!C0805!14935.00!6590.00!180.000!NO!LINE!14985.00!6500.00!14885.00!6500.00!0.00!!!!!SHAPE!!!NO!!!!
S!PLACE_BOUND_TOP!1299 3 0!C5!C0805!!C0805!14935.00!6590.00!180.000!NO!LINE!14885.00!6500.00!14885.00!6680.00!0.00!!!!!SHAPE!!!NO!!!!
S!PLACE_BOUND_TOP!1299 4 0!C5!C0805!!C0805!14935.00!6590.00!180.000!NO!LINE!14885.00!6680.00!14985.00!6680.00!0.00!!!!!SHAPE!!!NO!!!!
S!ASSEMBLY_TOP!1303 1!C4!C0805!!C0805!14935.00!7935.00!180.000!NO!LINE!14963.00!7891.00!14963.00!7979.00!0.00!!!!!NOTCONNECT!!!NO!!!!
S!ASSEMBLY_TOP!1304 1!C4!C0805!!C0805!14935.00!7935.00!180.000!NO!LINE!14907.00!7891.00!14963.00!7891.00!0.00!!!!!NOTCONNECT!!!NO!!!!
S!ASSEMBLY_TOP!1305 1!C4!C0805!!C0805!14935.00!7935.00!180.000!NO!LINE!14907.00!7979.00!14907.00!7891.00!0.00!!!!!NOTCONNECT!!!NO!!!!
S!ASSEMBLY_TOP!1306 1!C4!C0805!!C0805!14935.00!7935.00!180.000!NO!LINE!14963.00!7979.00!14907.00!7979.00!0.00!!!!!NOTCONNECT!!!NO!!!!
S!PLACE_BOUND_TOP!1310 1 0!C4!C0805!!C0805!14935.00!7935.00!180.000!NO!LINE!14985.00!8025.00!14985.00!7845.00!0.00!!!!!SHAPE!!!NO!!!!
S!PLACE_BOUND_TOP!1310 2 0!C4!C0805!!C0805!14935.00!7935.00!180.000!NO!LINE!14985.00!7845.00!14885.00!7845.00!0.00!!!!!SHAPE!!!NO!!!!
S!PLACE_BOUND_TOP!1310 3 0!C4!C0805!!C0805!14935.00!7935.00!180.000!NO!LINE!14885.00!7845.00!14885.00!8025.00!0.00!!!!!SHAPE!!!NO!!!!
S!PLACE_BOUND_TOP!1310 4 0!C4!C0805!!C0805!14935.00!7935.00!180.000!NO!LINE!14885.00!8025.00!14985.00!8025.00!0.00!!!!!SHAPE!!!NO!!!!
S!ASSEMBLY_TOP!1314 1!C3!C0805!!C0805!16815.00!8260.00!0.000!NO!LINE!16787.00!8304.00!16787.00!8216.00!0.00!!!!!NOTCONNECT!!!NO!!!!
S!ASSEMBLY_TOP!1315 1!C3!C0805!!C0805!16815.00!8260.00!0.000!NO!LINE!16843.00!8304.00!16787.00!8304.00!0.00!!!!!NOTCONNECT!!!NO!!!!
S!ASSEMBLY_TOP!1316 1!C3!C0805!!C0805!16815.00!8260.00!0.000!NO!LINE!16843.00!8216.00!16843.00!8304.00!0.00!!!!!NOTCONNECT!!!NO!!!!
S!ASSEMBLY_TOP!1317 1!C3!C0805!!C0805!16815.00!8260.00!0.000!NO!LINE!16787.00!8216.00!16843.00!8216.00!0.00!!!!!NOTCONNECT!!!NO!!!!
S!PLACE_BOUND_TOP!1321 1 0!C3!C0805!!C0805!16815.00!8260.00!0.000!NO!LINE!16765.00!8170.00!16765.00!8350.00!0.00!!!!!SHAPE!!!NO!!!!
S!PLACE_BOUND_TOP!1321 2 0!C3!C0805!!C0805!16815.00!8260.00!0.000!NO!LINE!16765.00!8350.00!16865.00!8350.00!0.00!!!!!SHAPE!!!NO!!!!
S!PLACE_BOUND_TOP!1321 3 0!C3!C0805!!C0805!16815.00!8260.00!0.000!NO!LINE!16865.00!8350.00!16865.00!8170.00!0.00!!!!!SHAPE!!!NO!!!!
S!PLACE_BOUND_TOP!1321 4 0!C3!C0805!!C0805!16815.00!8260.00!0.000!NO!LINE!16865.00!8170.00!16765.00!8170.00!0.00!!!!!SHAPE!!!NO!!!!
S!ASSEMBLY_TOP!1325 1!R16!R0805!!R0805!16375.00!6920.00!270.000!NO!LINE!16419.00!6948.00!16331.00!6948.00!0.00!!!!!NOTCONNECT!!!NO!!!!
S!ASSEMBLY_TOP!1326 1!R16!R0805!!R0805!16375.00!6920.00!270.000!NO!LINE!16419.00!6892.00!16419.00!6948.00!0.00!!!!!NOTCONNECT!!!NO!!!!
S!ASSEMBLY_TOP!1327 1!R16!R0805!!R0805!16375.00!6920.00!270.000!NO!LINE!16331.00!6892.00!16419.00!6892.00!0.00!!!!!NOTCONNECT!!!NO!!!!
S!ASSEMBLY_TOP!1328 1!R16!R0805!!R0805!16375.00!6920.00!270.000!NO!LINE!16331.00!6948.00!16331.00!6892.00!0.00!!!!!NOTCONNECT!!!NO!!!!
S!PLACE_BOUND_TOP!1332 1 0!R16!R0805!!R0805!16375.00!6920.00!270.000!NO!LINE!16465.00!6970.00!16465.00!6870.00!0.00!!!!!SHAPE!!!NO!!!!
S!PLACE_BOUND_TOP!1332 2 0!R16!R0805!!R0805!16375.00!6920.00!270.000!NO!LINE!16465.00!6870.00!16285.00!6870.00!0.00!!!!!SHAPE!!!NO!!!!
S!PLACE_BOUND_TOP!1332 3 0!R16!R0805!!R0805!16375.00!6920.00!270.000!NO!LINE!16285.00!6870.00!16285.00!6970.00!0.00!!!!!SHAPE!!!NO!!!!
S!PLACE_BOUND_TOP!1332 4 0!R16!R0805!!R0805!16375.00!6920.00!270.000!NO!LINE!16285.00!6970.00!16465.00!6970.00!0.00!!!!!SHAPE!!!NO!!!!
S!ASSEMBLY_TOP!1336 1!R15!R0805!!R0805!17175.00!6190.00!180.000!NO!LINE!17203.00!6146.00!17203.00!6234.00!0.00!!!!!NOTCONNECT!!!NO!!!!
S!ASSEMBLY_TOP!1337 1!R15!R0805!!R0805!17175.00!6190.00!180.000!NO!LINE!17147.00!6146.00!17203.00!6146.00!0.00!!!!!NOTCONNECT!!!NO!!!!
S!ASSEMBLY_TOP!1338 1!R15!R0805!!R0805!17175.00!6190.00!180.000!NO!LINE!17147.00!6234.00!17147.00!6146.00!0.00!!!!!NOTCONNECT!!!NO!!!!
S!ASSEMBLY_TOP!1339 1!R15!R0805!!R0805!17175.00!6190.00!180.000!NO!LINE!17203.00!6234.00!17147.00!6234.00!0.00!!!!!NOTCONNECT!!!NO!!!!
S!PLACE_BOUND_TOP!1343 1 0!R15!R0805!!R0805!17175.00!6190.00!180.000!NO!LINE!17225.00!6100.00!17125.00!6100.00!0.00!!!!!SHAPE!!!NO!!!!
S!PLACE_BOUND_TOP!1343 2 0!R15!R0805!!R0805!17175.00!6190.00!180.000!NO!LINE!17125.00!6100.00!17125.00!6280.00!0.00!!!!!SHAPE!!!NO!!!!
S!PLACE_BOUND_TOP!1343 3 0!R15!R0805!!R0805!17175.00!6190.00!180.000!NO!LINE!17125.00!6280.00!17225.00!6280.00!0.00!!!!!SHAPE!!!NO!!!!
S!PLACE_BOUND_TOP!1343 4 0!R15!R0805!!R0805!17175.00!6190.00!180.000!NO!LINE!17225.00!6280.00!17225.00!6100.00!0.00!!!!!SHAPE!!!NO!!!!
S!ASSEMBLY_TOP!1347 1!R23!R0805!!R0805!17175.00!5985.00!0.000!NO!LINE!17147.00!6029.00!17147.00!5941.00!0.00!!!!!NOTCONNECT!!!NO!!!!
S!ASSEMBLY_TOP!1348 1!R23!R0805!!R0805!17175.00!5985.00!0.000!NO!LINE!17203.00!6029.00!17147.00!6029.00!0.00!!!!!NOTCONNECT!!!NO!!!!
S!ASSEMBLY_TOP!1349 1!R23!R0805!!R0805!17175.00!5985.00!0.000!NO!LINE!17203.00!5941.00!17203.00!6029.00!0.00!!!!!NOTCONNECT!!!NO!!!!
S!ASSEMBLY_TOP!1350 1!R23!R0805!!R0805!17175.00!5985.00!0.000!NO!LINE!17147.00!5941.00!17203.00!5941.00!0.00!!!!!NOTCONNECT!!!NO!!!!
S!PLACE_BOUND_TOP!1354 1 0!R23!R0805!!R0805!17175.00!5985.00!0.000!NO!LINE!17125.00!6075.00!17225.00!6075.00!0.00!!!!!SHAPE!!!NO!!!!
S!PLACE_BOUND_TOP!1354 2 0!R23!R0805!!R0805!17175.00!5985.00!0.000!NO!LINE!17225.00!6075.00!17225.00!5895.00!0.00!!!!!SHAPE!!!NO!!!!
S!PLACE_BOUND_TOP!1354 3 0!R23!R0805!!R0805!17175.00!5985.00!0.000!NO!LINE!17225.00!5895.00!17125.00!5895.00!0.00!!!!!SHAPE!!!NO!!!!
S!PLACE_BOUND_TOP!1354 4 0!R23!R0805!!R0805!17175.00!5985.00!0.000!NO!LINE!17125.00!5895.00!17125.00!6075.00!0.00!!!!!SHAPE!!!NO!!!!
S!ASSEMBLY_TOP!1358 1!R24!R0805!!R0805!16135.00!6265.00!90.000!NO!LINE!16091.00!6237.00!16179.00!6237.00!0.00!!!!!NOTCONNECT!!!NO!!!!
S!ASSEMBLY_TOP!1359 1!R24!R0805!!R0805!16135.00!6265.00!90.000!NO!LINE!16091.00!6293.00!16091.00!6237.00!0.00!!!!!NOTCONNECT!!!NO!!!!
S!ASSEMBLY_TOP!1360 1!R24!R0805!!R0805!16135.00!6265.00!90.000!NO!LINE!16179.00!6293.00!16091.00!6293.00!0.00!!!!!NOTCONNECT!!!NO!!!!
S!ASSEMBLY_TOP!1361 1!R24!R0805!!R0805!16135.00!6265.00!90.000!NO!LINE!16179.00!6237.00!16179.00!6293.00!0.00!!!!!NOTCONNECT!!!NO!!!!
S!PLACE_BOUND_TOP!1365 1 0!R24!R0805!!R0805!16135.00!6265.00!90.000!NO!LINE!16045.00!6215.00!16045.00!6315.00!0.00!!!!!SHAPE!!!NO!!!!
S!PLACE_BOUND_TOP!1365 2 0!R24!R0805!!R0805!16135.00!6265.00!90.000!NO!LINE!16045.00!6315.00!16225.00!6315.00!0.00!!!!!SHAPE!!!NO!!!!
S!PLACE_BOUND_TOP!1365 3 0!R24!R0805!!R0805!16135.00!6265.00!90.000!NO!LINE!16225.00!6315.00!16225.00!6215.00!0.00!!!!!SHAPE!!!NO!!!!
S!PLACE_BOUND_TOP!1365 4 0!R24!R0805!!R0805!16135.00!6265.00!90.000!NO!LINE!16225.00!6215.00!16045.00!6215.00!0.00!!!!!SHAPE!!!NO!!!!
S!ASSEMBLY_TOP!1369 1!R14!R0805!!R0805!17180.00!6870.00!180.000!NO!LINE!17208.00!6826.00!17208.00!6914.00!0.00!!!!!NOTCONNECT!!!NO!!!!
S!ASSEMBLY_TOP!1370 1!R14!R0805!!R0805!17180.00!6870.00!180.000!NO!LINE!17152.00!6826.00!17208.00!6826.00!0.00!!!!!NOTCONNECT!!!NO!!!!
S!ASSEMBLY_TOP!1371 1!R14!R0805!!R0805!17180.00!6870.00!180.000!NO!LINE!17152.00!6914.00!17152.00!6826.00!0.00!!!!!NOTCONNECT!!!NO!!!!
S!ASSEMBLY_TOP!1372 1!R14!R0805!!R0805!17180.00!6870.00!180.000!NO!LINE!17208.00!6914.00!17152.00!6914.00!0.00!!!!!NOTCONNECT!!!NO!!!!
S!PLACE_BOUND_TOP!1376 1 0!R14!R0805!!R0805!17180.00!6870.00!180.000!NO!LINE!17230.00!6780.00!17130.00!6780.00!0.00!!!!!SHAPE!!!NO!!!!
S!PLACE_BOUND_TOP!1376 2 0!R14!R0805!!R0805!17180.00!6870.00!180.000!NO!LINE!17130.00!6780.00!17130.00!6960.00!0.00!!!!!SHAPE!!!NO!!!!
S!PLACE_BOUND_TOP!1376 3 0!R14!R0805!!R0805!17180.00!6870.00!180.000!NO!LINE!17130.00!6960.00!17230.00!6960.00!0.00!!!!!SHAPE!!!NO!!!!
S!PLACE_BOUND_TOP!1376 4 0!R14!R0805!!R0805!17180.00!6870.00!180.000!NO!LINE!17230.00!6960.00!17230.00!6780.00!0.00!!!!!SHAPE!!!NO!!!!
S!ASSEMBLY_TOP!1380 1!R22!R0805!!R0805!17180.00!6675.00!0.000!NO!LINE!17152.00!6719.00!17152.00!6631.00!0.00!!!!!NOTCONNECT!!!NO!!!!
S!ASSEMBLY_TOP!1381 1!R22!R0805!!R0805!17180.00!6675.00!0.000!NO!LINE!17208.00!6719.00!17152.00!6719.00!0.00!!!!!NOTCONNECT!!!NO!!!!
S!ASSEMBLY_TOP!1382 1!R22!R0805!!R0805!17180.00!6675.00!0.000!NO!LINE!17208.00!6631.00!17208.00!6719.00!0.00!!!!!NOTCONNECT!!!NO!!!!
S!ASSEMBLY_TOP!1383 1!R22!R0805!!R0805!17180.00!6675.00!0.000!NO!LINE!17152.00!6631.00!17208.00!6631.00!0.00!!!!!NOTCONNECT!!!NO!!!!
S!PLACE_BOUND_TOP!1387 1 0!R22!R0805!!R0805!17180.00!6675.00!0.000!NO!LINE!17130.00!6765.00!17230.00!6765.00!0.00!!!!!SHAPE!!!NO!!!!
S!PLACE_BOUND_TOP!1387 2 0!R22!R0805!!R0805!17180.00!6675.00!0.000!NO!LINE!17230.00!6765.00!17230.00!6585.00!0.00!!!!!SHAPE!!!NO!!!!
S!PLACE_BOUND_TOP!1387 3 0!R22!R0805!!R0805!17180.00!6675.00!0.000!NO!LINE!17230.00!6585.00!17130.00!6585.00!0.00!!!!!SHAPE!!!NO!!!!
S!PLACE_BOUND_TOP!1387 4 0!R22!R0805!!R0805!17180.00!6675.00!0.000!NO!LINE!17130.00!6585.00!17130.00!6765.00!0.00!!!!!SHAPE!!!NO!!!!
S!ASSEMBLY_TOP!1391 1!R13!R0805!!R0805!17175.00!7500.00!180.000!NO!LINE!17203.00!7456.00!17203.00!7544.00!0.00!!!!!NOTCONNECT!!!NO!!!!
S!ASSEMBLY_TOP!1392 1!R13!R0805!!R0805!17175.00!7500.00!180.000!NO!LINE!17147.00!7456.00!17203.00!7456.00!0.00!!!!!NOTCONNECT!!!NO!!!!
S!ASSEMBLY_TOP!1393 1!R13!R0805!!R0805!17175.00!7500.00!180.000!NO!LINE!17147.00!7544.00!17147.00!7456.00!0.00!!!!!NOTCONNECT!!!NO!!!!
S!ASSEMBLY_TOP!1394 1!R13!R0805!!R0805!17175.00!7500.00!180.000!NO!LINE!17203.00!7544.00!17147.00!7544.00!0.00!!!!!NOTCONNECT!!!NO!!!!
S!PLACE_BOUND_TOP!1398 1 0!R13!R0805!!R0805!17175.00!7500.00!180.000!NO!LINE!17225.00!7410.00!17125.00!7410.00!0.00!!!!!SHAPE!!!NO!!!!
S!PLACE_BOUND_TOP!1398 2 0!R13!R0805!!R0805!17175.00!7500.00!180.000!NO!LINE!17125.00!7410.00!17125.00!7590.00!0.00!!!!!SHAPE!!!NO!!!!
S!PLACE_BOUND_TOP!1398 3 0!R13!R0805!!R0805!17175.00!7500.00!180.000!NO!LINE!17125.00!7590.00!17225.00!7590.00!0.00!!!!!SHAPE!!!NO!!!!
S!PLACE_BOUND_TOP!1398 4 0!R13!R0805!!R0805!17175.00!7500.00!180.000!NO!LINE!17225.00!7590.00!17225.00!7410.00!0.00!!!!!SHAPE!!!NO!!!!
S!ASSEMBLY_TOP!1402 1!R21!R0805!!R0805!17175.00!7305.00!0.000!NO!LINE!17147.00!7349.00!17147.00!7261.00!0.00!!!!!NOTCONNECT!!!NO!!!!
S!ASSEMBLY_TOP!1403 1!R21!R0805!!R0805!17175.00!7305.00!0.000!NO!LINE!17203.00!7349.00!17147.00!7349.00!0.00!!!!!NOTCONNECT!!!NO!!!!
S!ASSEMBLY_TOP!1404 1!R21!R0805!!R0805!17175.00!7305.00!0.000!NO!LINE!17203.00!7261.00!17203.00!7349.00!0.00!!!!!NOTCONNECT!!!NO!!!!
S!ASSEMBLY_TOP!1405 1!R21!R0805!!R0805!17175.00!7305.00!0.000!NO!LINE!17147.00!7261.00!17203.00!7261.00!0.00!!!!!NOTCONNECT!!!NO!!!!
S!PLACE_BOUND_TOP!1409 1 0!R21!R0805!!R0805!17175.00!7305.00!0.000!NO!LINE!17125.00!7395.00!17225.00!7395.00!0.00!!!!!SHAPE!!!NO!!!!
S!PLACE_BOUND_TOP!1409 2 0!R21!R0805!!R0805!17175.00!7305.00!0.000!NO!LINE!17225.00!7395.00!17225.00!7215.00!0.00!!!!!SHAPE!!!NO!!!!
S!PLACE_BOUND_TOP!1409 3 0!R21!R0805!!R0805!17175.00!7305.00!0.000!NO!LINE!17225.00!7215.00!17125.00!7215.00!0.00!!!!!SHAPE!!!NO!!!!
S!PLACE_BOUND_TOP!1409 4 0!R21!R0805!!R0805!17175.00!7305.00!0.000!NO!LINE!17125.00!7215.00!17125.00!7395.00!0.00!!!!!SHAPE!!!NO!!!!
S!ASSEMBLY_TOP!1413 1!R12!R0805!!R0805!17175.00!8160.00!180.000!NO!LINE!17203.00!8116.00!17203.00!8204.00!0.00!!!!!NOTCONNECT!!!NO!!!!
S!ASSEMBLY_TOP!1414 1!R12!R0805!!R0805!17175.00!8160.00!180.000!NO!LINE!17147.00!8116.00!17203.00!8116.00!0.00!!!!!NOTCONNECT!!!NO!!!!
S!ASSEMBLY_TOP!1415 1!R12!R0805!!R0805!17175.00!8160.00!180.000!NO!LINE!17147.00!8204.00!17147.00!8116.00!0.00!!!!!NOTCONNECT!!!NO!!!!
S!ASSEMBLY_TOP!1416 1!R12!R0805!!R0805!17175.00!8160.00!180.000!NO!LINE!17203.00!8204.00!17147.00!8204.00!0.00!!!!!NOTCONNECT!!!NO!!!!
S!PLACE_BOUND_TOP!1420 1 0!R12!R0805!!R0805!17175.00!8160.00!180.000!NO!LINE!17225.00!8070.00!17125.00!8070.00!0.00!!!!!SHAPE!!!NO!!!!
S!PLACE_BOUND_TOP!1420 2 0!R12!R0805!!R0805!17175.00!8160.00!180.000!NO!LINE!17125.00!8070.00!17125.00!8250.00!0.00!!!!!SHAPE!!!NO!!!!
S!PLACE_BOUND_TOP!1420 3 0!R12!R0805!!R0805!17175.00!8160.00!180.000!NO!LINE!17125.00!8250.00!17225.00!8250.00!0.00!!!!!SHAPE!!!NO!!!!
S!PLACE_BOUND_TOP!1420 4 0!R12!R0805!!R0805!17175.00!8160.00!180.000!NO!LINE!17225.00!8250.00!17225.00!8070.00!0.00!!!!!SHAPE!!!NO!!!!
S!ASSEMBLY_TOP!1424 1!R20!R0805!!R0805!17175.00!7960.00!0.000!NO!LINE!17147.00!8004.00!17147.00!7916.00!0.00!!!!!NOTCONNECT!!!NO!!!!
S!ASSEMBLY_TOP!1425 1!R20!R0805!!R0805!17175.00!7960.00!0.000!NO!LINE!17203.00!8004.00!17147.00!8004.00!0.00!!!!!NOTCONNECT!!!NO!!!!
S!ASSEMBLY_TOP!1426 1!R20!R0805!!R0805!17175.00!7960.00!0.000!NO!LINE!17203.00!7916.00!17203.00!8004.00!0.00!!!!!NOTCONNECT!!!NO!!!!
S!ASSEMBLY_TOP!1427 1!R20!R0805!!R0805!17175.00!7960.00!0.000!NO!LINE!17147.00!7916.00!17203.00!7916.00!0.00!!!!!NOTCONNECT!!!NO!!!!
S!PLACE_BOUND_TOP!1431 1 0!R20!R0805!!R0805!17175.00!7960.00!0.000!NO!LINE!17125.00!8050.00!17225.00!8050.00!0.00!!!!!SHAPE!!!NO!!!!
S!PLACE_BOUND_TOP!1431 2 0!R20!R0805!!R0805!17175.00!7960.00!0.000!NO!LINE!17225.00!8050.00!17225.00!7870.00!0.00!!!!!SHAPE!!!NO!!!!
S!PLACE_BOUND_TOP!1431 3 0!R20!R0805!!R0805!17175.00!7960.00!0.000!NO!LINE!17225.00!7870.00!17125.00!7870.00!0.00!!!!!SHAPE!!!NO!!!!
S!PLACE_BOUND_TOP!1431 4 0!R20!R0805!!R0805!17175.00!7960.00!0.000!NO!LINE!17125.00!7870.00!17125.00!8050.00!0.00!!!!!SHAPE!!!NO!!!!
S!ASSEMBLY_TOP!1435 1!R25!R0805!!R0805!17175.00!8615.00!0.000!NO!LINE!17147.00!8659.00!17147.00!8571.00!0.00!!!!!NOTCONNECT!!!NO!!!!
S!ASSEMBLY_TOP!1436 1!R25!R0805!!R0805!17175.00!8615.00!0.000!NO!LINE!17203.00!8659.00!17147.00!8659.00!0.00!!!!!NOTCONNECT!!!NO!!!!
S!ASSEMBLY_TOP!1437 1!R25!R0805!!R0805!17175.00!8615.00!0.000!NO!LINE!17203.00!8571.00!17203.00!8659.00!0.00!!!!!NOTCONNECT!!!NO!!!!
S!ASSEMBLY_TOP!1438 1!R25!R0805!!R0805!17175.00!8615.00!0.000!NO!LINE!17147.00!8571.00!17203.00!8571.00!0.00!!!!!NOTCONNECT!!!NO!!!!
S!PLACE_BOUND_TOP!1442 1 0!R25!R0805!!R0805!17175.00!8615.00!0.000!NO!LINE!17125.00!8705.00!17225.00!8705.00!0.00!!!!!SHAPE!!!NO!!!!
S!PLACE_BOUND_TOP!1442 2 0!R25!R0805!!R0805!17175.00!8615.00!0.000!NO!LINE!17225.00!8705.00!17225.00!8525.00!0.00!!!!!SHAPE!!!NO!!!!
S!PLACE_BOUND_TOP!1442 3 0!R25!R0805!!R0805!17175.00!8615.00!0.000!NO!LINE!17225.00!8525.00!17125.00!8525.00!0.00!!!!!SHAPE!!!NO!!!!
S!PLACE_BOUND_TOP!1442 4 0!R25!R0805!!R0805!17175.00!8615.00!0.000!NO!LINE!17125.00!8525.00!17125.00!8705.00!0.00!!!!!SHAPE!!!NO!!!!
S!ASSEMBLY_TOP!1446 1!R17!R0805!!R0805!17175.00!8815.00!180.000!NO!LINE!17203.00!8771.00!17203.00!8859.00!0.00!!!!!NOTCONNECT!!!NO!!!!
S!ASSEMBLY_TOP!1447 1!R17!R0805!!R0805!17175.00!8815.00!180.000!NO!LINE!17147.00!8771.00!17203.00!8771.00!0.00!!!!!NOTCONNECT!!!NO!!!!
S!ASSEMBLY_TOP!1448 1!R17!R0805!!R0805!17175.00!8815.00!180.000!NO!LINE!17147.00!8859.00!17147.00!8771.00!0.00!!!!!NOTCONNECT!!!NO!!!!
S!ASSEMBLY_TOP!1449 1!R17!R0805!!R0805!17175.00!8815.00!180.000!NO!LINE!17203.00!8859.00!17147.00!8859.00!0.00!!!!!NOTCONNECT!!!NO!!!!
S!PLACE_BOUND_TOP!1453 1 0!R17!R0805!!R0805!17175.00!8815.00!180.000!NO!LINE!17225.00!8725.00!17125.00!8725.00!0.00!!!!!SHAPE!!!NO!!!!
S!PLACE_BOUND_TOP!1453 2 0!R17!R0805!!R0805!17175.00!8815.00!180.000!NO!LINE!17125.00!8725.00!17125.00!8905.00!0.00!!!!!SHAPE!!!NO!!!!
S!PLACE_BOUND_TOP!1453 3 0!R17!R0805!!R0805!17175.00!8815.00!180.000!NO!LINE!17125.00!8905.00!17225.00!8905.00!0.00!!!!!SHAPE!!!NO!!!!
S!PLACE_BOUND_TOP!1453 4 0!R17!R0805!!R0805!17175.00!8815.00!180.000!NO!LINE!17225.00!8905.00!17225.00!8725.00!0.00!!!!!SHAPE!!!NO!!!!
S!ASSEMBLY_TOP!1457 1!R26!R0805!!R0805!17175.00!9280.00!0.000!NO!LINE!17147.00!9324.00!17147.00!9236.00!0.00!!!!!NOTCONNECT!!!NO!!!!
S!ASSEMBLY_TOP!1458 1!R26!R0805!!R0805!17175.00!9280.00!0.000!NO!LINE!17203.00!9324.00!17147.00!9324.00!0.00!!!!!NOTCONNECT!!!NO!!!!
S!ASSEMBLY_TOP!1459 1!R26!R0805!!R0805!17175.00!9280.00!0.000!NO!LINE!17203.00!9236.00!17203.00!9324.00!0.00!!!!!NOTCONNECT!!!NO!!!!
S!ASSEMBLY_TOP!1460 1!R26!R0805!!R0805!17175.00!9280.00!0.000!NO!LINE!17147.00!9236.00!17203.00!9236.00!0.00!!!!!NOTCONNECT!!!NO!!!!
S!PLACE_BOUND_TOP!1464 1 0!R26!R0805!!R0805!17175.00!9280.00!0.000!NO!LINE!17125.00!9370.00!17225.00!9370.00!0.00!!!!!SHAPE!!!NO!!!!
S!PLACE_BOUND_TOP!1464 2 0!R26!R0805!!R0805!17175.00!9280.00!0.000!NO!LINE!17225.00!9370.00!17225.00!9190.00!0.00!!!!!SHAPE!!!NO!!!!
S!PLACE_BOUND_TOP!1464 3 0!R26!R0805!!R0805!17175.00!9280.00!0.000!NO!LINE!17225.00!9190.00!17125.00!9190.00!0.00!!!!!SHAPE!!!NO!!!!
S!PLACE_BOUND_TOP!1464 4 0!R26!R0805!!R0805!17175.00!9280.00!0.000!NO!LINE!17125.00!9190.00!17125.00!9370.00!0.00!!!!!SHAPE!!!NO!!!!
S!ASSEMBLY_TOP!1468 1!R18!R0805!!R0805!17175.00!9480.00!180.000!NO!LINE!17203.00!9436.00!17203.00!9524.00!0.00!!!!!NOTCONNECT!!!NO!!!!
S!ASSEMBLY_TOP!1469 1!R18!R0805!!R0805!17175.00!9480.00!180.000!NO!LINE!17147.00!9436.00!17203.00!9436.00!0.00!!!!!NOTCONNECT!!!NO!!!!
S!ASSEMBLY_TOP!1470 1!R18!R0805!!R0805!17175.00!9480.00!180.000!NO!LINE!17147.00!9524.00!17147.00!9436.00!0.00!!!!!NOTCONNECT!!!NO!!!!
S!ASSEMBLY_TOP!1471 1!R18!R0805!!R0805!17175.00!9480.00!180.000!NO!LINE!17203.00!9524.00!17147.00!9524.00!0.00!!!!!NOTCONNECT!!!NO!!!!
S!PLACE_BOUND_TOP!1475 1 0!R18!R0805!!R0805!17175.00!9480.00!180.000!NO!LINE!17225.00!9390.00!17125.00!9390.00!0.00!!!!!SHAPE!!!NO!!!!
S!PLACE_BOUND_TOP!1475 2 0!R18!R0805!!R0805!17175.00!9480.00!180.000!NO!LINE!17125.00!9390.00!17125.00!9570.00!0.00!!!!!SHAPE!!!NO!!!!
S!PLACE_BOUND_TOP!1475 3 0!R18!R0805!!R0805!17175.00!9480.00!180.000!NO!LINE!17125.00!9570.00!17225.00!9570.00!0.00!!!!!SHAPE!!!NO!!!!
S!PLACE_BOUND_TOP!1475 4 0!R18!R0805!!R0805!17175.00!9480.00!180.000!NO!LINE!17225.00!9570.00!17225.00!9390.00!0.00!!!!!SHAPE!!!NO!!!!
S!ASSEMBLY_TOP!1479 1!R5!R0805!!R0805!15225.00!8190.00!180.000!NO!LINE!15253.00!8146.00!15253.00!8234.00!0.00!!!!!NOTCONNECT!!!NO!!!!
S!ASSEMBLY_TOP!1480 1!R5!R0805!!R0805!15225.00!8190.00!180.000!NO!LINE!15197.00!8146.00!15253.00!8146.00!0.00!!!!!NOTCONNECT!!!NO!!!!
S!ASSEMBLY_TOP!1481 1!R5!R0805!!R0805!15225.00!8190.00!180.000!NO!LINE!15197.00!8234.00!15197.00!8146.00!0.00!!!!!NOTCONNECT!!!NO!!!!
S!ASSEMBLY_TOP!1482 1!R5!R0805!!R0805!15225.00!8190.00!180.000!NO!LINE!15253.00!8234.00!15197.00!8234.00!0.00!!!!!NOTCONNECT!!!NO!!!!
S!PLACE_BOUND_TOP!1486 1 0!R5!R0805!!R0805!15225.00!8190.00!180.000!NO!LINE!15275.00!8100.00!15175.00!8100.00!0.00!!!!!SHAPE!!!NO!!!!
S!PLACE_BOUND_TOP!1486 2 0!R5!R0805!!R0805!15225.00!8190.00!180.000!NO!LINE!15175.00!8100.00!15175.00!8280.00!0.00!!!!!SHAPE!!!NO!!!!
S!PLACE_BOUND_TOP!1486 3 0!R5!R0805!!R0805!15225.00!8190.00!180.000!NO!LINE!15175.00!8280.00!15275.00!8280.00!0.00!!!!!SHAPE!!!NO!!!!
S!PLACE_BOUND_TOP!1486 4 0!R5!R0805!!R0805!15225.00!8190.00!180.000!NO!LINE!15275.00!8280.00!15275.00!8100.00!0.00!!!!!SHAPE!!!NO!!!!
S!ASSEMBLY_TOP!1490 1!D14!D0805!!D0805!16215.00!7045.00!270.000!NO!LINE!16259.00!7073.00!16171.00!7073.00!0.00!!!!!NOTCONNECT!!!NO!!!!
S!ASSEMBLY_TOP!1491 1!D14!D0805!!D0805!16215.00!7045.00!270.000!NO!LINE!16259.00!7017.00!16259.00!7073.00!0.00!!!!!NOTCONNECT!!!NO!!!!
S!ASSEMBLY_TOP!1492 1!D14!D0805!!D0805!16215.00!7045.00!270.000!NO!LINE!16171.00!7017.00!16259.00!7017.00!0.00!!!!!NOTCONNECT!!!NO!!!!
S!ASSEMBLY_TOP!1493 1!D14!D0805!!D0805!16215.00!7045.00!270.000!NO!LINE!16171.00!7073.00!16171.00!7017.00!0.00!!!!!NOTCONNECT!!!NO!!!!
S!PLACE_BOUND_TOP!1497 1 0!D14!D0805!!D0805!16215.00!7045.00!270.000!NO!LINE!16305.00!7095.00!16305.00!6995.00!0.00!!!!!SHAPE!!!NO!!!!
S!PLACE_BOUND_TOP!1497 2 0!D14!D0805!!D0805!16215.00!7045.00!270.000!NO!LINE!16305.00!6995.00!16125.00!6995.00!0.00!!!!!SHAPE!!!NO!!!!
S!PLACE_BOUND_TOP!1497 3 0!D14!D0805!!D0805!16215.00!7045.00!270.000!NO!LINE!16125.00!6995.00!16125.00!7095.00!0.00!!!!!SHAPE!!!NO!!!!
S!PLACE_BOUND_TOP!1497 4 0!D14!D0805!!D0805!16215.00!7045.00!270.000!NO!LINE!16125.00!7095.00!16305.00!7095.00!0.00!!!!!SHAPE!!!NO!!!!
S!ASSEMBLY_TOP!1502 1!D13!D0805!!D0805!17175.00!6400.00!0.000!NO!LINE!17147.00!6444.00!17147.00!6356.00!0.00!!!!!NOTCONNECT!!!NO!!!!
S!ASSEMBLY_TOP!1503 1!D13!D0805!!D0805!17175.00!6400.00!0.000!NO!LINE!17203.00!6444.00!17147.00!6444.00!0.00!!!!!NOTCONNECT!!!NO!!!!
S!ASSEMBLY_TOP!1504 1!D13!D0805!!D0805!17175.00!6400.00!0.000!NO!LINE!17203.00!6356.00!17203.00!6444.00!0.00!!!!!NOTCONNECT!!!NO!!!!
S!ASSEMBLY_TOP!1505 1!D13!D0805!!D0805!17175.00!6400.00!0.000!NO!LINE!17147.00!6356.00!17203.00!6356.00!0.00!!!!!NOTCONNECT!!!NO!!!!
S!PLACE_BOUND_TOP!1509 1 0!D13!D0805!!D0805!17175.00!6400.00!0.000!NO!LINE!17125.00!6490.00!17225.00!6490.00!0.00!!!!!SHAPE!!!NO!!!!
S!PLACE_BOUND_TOP!1509 2 0!D13!D0805!!D0805!17175.00!6400.00!0.000!NO!LINE!17225.00!6490.00!17225.00!6310.00!0.00!!!!!SHAPE!!!NO!!!!
S!PLACE_BOUND_TOP!1509 3 0!D13!D0805!!D0805!17175.00!6400.00!0.000!NO!LINE!17225.00!6310.00!17125.00!6310.00!0.00!!!!!SHAPE!!!NO!!!!
S!PLACE_BOUND_TOP!1509 4 0!D13!D0805!!D0805!17175.00!6400.00!0.000!NO!LINE!17125.00!6310.00!17125.00!6490.00!0.00!!!!!SHAPE!!!NO!!!!
S!ASSEMBLY_TOP!1514 1!D12!D0805!!D0805!17175.00!7075.00!0.000!NO!LINE!17147.00!7119.00!17147.00!7031.00!0.00!!!!!NOTCONNECT!!!NO!!!!
S!ASSEMBLY_TOP!1515 1!D12!D0805!!D0805!17175.00!7075.00!0.000!NO!LINE!17203.00!7119.00!17147.00!7119.00!0.00!!!!!NOTCONNECT!!!NO!!!!
S!ASSEMBLY_TOP!1516 1!D12!D0805!!D0805!17175.00!7075.00!0.000!NO!LINE!17203.00!7031.00!17203.00!7119.00!0.00!!!!!NOTCONNECT!!!NO!!!!
S!ASSEMBLY_TOP!1517 1!D12!D0805!!D0805!17175.00!7075.00!0.000!NO!LINE!17147.00!7031.00!17203.00!7031.00!0.00!!!!!NOTCONNECT!!!NO!!!!
S!PLACE_BOUND_TOP!1521 1 0!D12!D0805!!D0805!17175.00!7075.00!0.000!NO!LINE!17125.00!7165.00!17225.00!7165.00!0.00!!!!!SHAPE!!!NO!!!!
S!PLACE_BOUND_TOP!1521 2 0!D12!D0805!!D0805!17175.00!7075.00!0.000!NO!LINE!17225.00!7165.00!17225.00!6985.00!0.00!!!!!SHAPE!!!NO!!!!
S!PLACE_BOUND_TOP!1521 3 0!D12!D0805!!D0805!17175.00!7075.00!0.000!NO!LINE!17225.00!6985.00!17125.00!6985.00!0.00!!!!!SHAPE!!!NO!!!!
S!PLACE_BOUND_TOP!1521 4 0!D12!D0805!!D0805!17175.00!7075.00!0.000!NO!LINE!17125.00!6985.00!17125.00!7165.00!0.00!!!!!SHAPE!!!NO!!!!
S!ASSEMBLY_TOP!1526 1!D11!D0805!!D0805!17175.00!7710.00!0.000!NO!LINE!17147.00!7754.00!17147.00!7666.00!0.00!!!!!NOTCONNECT!!!NO!!!!
S!ASSEMBLY_TOP!1527 1!D11!D0805!!D0805!17175.00!7710.00!0.000!NO!LINE!17203.00!7754.00!17147.00!7754.00!0.00!!!!!NOTCONNECT!!!NO!!!!
S!ASSEMBLY_TOP!1528 1!D11!D0805!!D0805!17175.00!7710.00!0.000!NO!LINE!17203.00!7666.00!17203.00!7754.00!0.00!!!!!NOTCONNECT!!!NO!!!!
S!ASSEMBLY_TOP!1529 1!D11!D0805!!D0805!17175.00!7710.00!0.000!NO!LINE!17147.00!7666.00!17203.00!7666.00!0.00!!!!!NOTCONNECT!!!NO!!!!
S!PLACE_BOUND_TOP!1533 1 0!D11!D0805!!D0805!17175.00!7710.00!0.000!NO!LINE!17125.00!7800.00!17225.00!7800.00!0.00!!!!!SHAPE!!!NO!!!!
S!PLACE_BOUND_TOP!1533 2 0!D11!D0805!!D0805!17175.00!7710.00!0.000!NO!LINE!17225.00!7800.00!17225.00!7620.00!0.00!!!!!SHAPE!!!NO!!!!
S!PLACE_BOUND_TOP!1533 3 0!D11!D0805!!D0805!17175.00!7710.00!0.000!NO!LINE!17225.00!7620.00!17125.00!7620.00!0.00!!!!!SHAPE!!!NO!!!!
S!PLACE_BOUND_TOP!1533 4 0!D11!D0805!!D0805!17175.00!7710.00!0.000!NO!LINE!17125.00!7620.00!17125.00!7800.00!0.00!!!!!SHAPE!!!NO!!!!
S!ASSEMBLY_TOP!1538 1!D1!D0805!!D0805!17175.00!8365.00!0.000!NO!LINE!17147.00!8409.00!17147.00!8321.00!0.00!!!!!NOTCONNECT!!!NO!!!!
S!ASSEMBLY_TOP!1539 1!D1!D0805!!D0805!17175.00!8365.00!0.000!NO!LINE!17203.00!8409.00!17147.00!8409.00!0.00!!!!!NOTCONNECT!!!NO!!!!
S!ASSEMBLY_TOP!1540 1!D1!D0805!!D0805!17175.00!8365.00!0.000!NO!LINE!17203.00!8321.00!17203.00!8409.00!0.00!!!!!NOTCONNECT!!!NO!!!!
S!ASSEMBLY_TOP!1541 1!D1!D0805!!D0805!17175.00!8365.00!0.000!NO!LINE!17147.00!8321.00!17203.00!8321.00!0.00!!!!!NOTCONNECT!!!NO!!!!
S!PLACE_BOUND_TOP!1545 1 0!D1!D0805!!D0805!17175.00!8365.00!0.000!NO!LINE!17125.00!8455.00!17225.00!8455.00!0.00!!!!!SHAPE!!!NO!!!!
S!PLACE_BOUND_TOP!1545 2 0!D1!D0805!!D0805!17175.00!8365.00!0.000!NO!LINE!17225.00!8455.00!17225.00!8275.00!0.00!!!!!SHAPE!!!NO!!!!
S!PLACE_BOUND_TOP!1545 3 0!D1!D0805!!D0805!17175.00!8365.00!0.000!NO!LINE!17225.00!8275.00!17125.00!8275.00!0.00!!!!!SHAPE!!!NO!!!!
S!PLACE_BOUND_TOP!1545 4 0!D1!D0805!!D0805!17175.00!8365.00!0.000!NO!LINE!17125.00!8275.00!17125.00!8455.00!0.00!!!!!SHAPE!!!NO!!!!
S!ASSEMBLY_TOP!1550 1!D15!D0805!!D0805!17175.00!9020.00!0.000!NO!LINE!17147.00!9064.00!17147.00!8976.00!0.00!!!!!NOTCONNECT!!!NO!!!!
S!ASSEMBLY_TOP!1551 1!D15!D0805!!D0805!17175.00!9020.00!0.000!NO!LINE!17203.00!9064.00!17147.00!9064.00!0.00!!!!!NOTCONNECT!!!NO!!!!
S!ASSEMBLY_TOP!1552 1!D15!D0805!!D0805!17175.00!9020.00!0.000!NO!LINE!17203.00!8976.00!17203.00!9064.00!0.00!!!!!NOTCONNECT!!!NO!!!!
S!ASSEMBLY_TOP!1553 1!D15!D0805!!D0805!17175.00!9020.00!0.000!NO!LINE!17147.00!8976.00!17203.00!8976.00!0.00!!!!!NOTCONNECT!!!NO!!!!
S!PLACE_BOUND_TOP!1557 1 0!D15!D0805!!D0805!17175.00!9020.00!0.000!NO!LINE!17125.00!9110.00!17225.00!9110.00!0.00!!!!!SHAPE!!!NO!!!!
S!PLACE_BOUND_TOP!1557 2 0!D15!D0805!!D0805!17175.00!9020.00!0.000!NO!LINE!17225.00!9110.00!17225.00!8930.00!0.00!!!!!SHAPE!!!NO!!!!
S!PLACE_BOUND_TOP!1557 3 0!D15!D0805!!D0805!17175.00!9020.00!0.000!NO!LINE!17225.00!8930.00!17125.00!8930.00!0.00!!!!!SHAPE!!!NO!!!!
S!PLACE_BOUND_TOP!1557 4 0!D15!D0805!!D0805!17175.00!9020.00!0.000!NO!LINE!17125.00!8930.00!17125.00!9110.00!0.00!!!!!SHAPE!!!NO!!!!
S!ASSEMBLY_TOP!1562 1!D16!D0805!!D0805!17175.00!9685.00!0.000!NO!LINE!17147.00!9729.00!17147.00!9641.00!0.00!!!!!NOTCONNECT!!!NO!!!!
S!ASSEMBLY_TOP!1563 1!D16!D0805!!D0805!17175.00!9685.00!0.000!NO!LINE!17203.00!9729.00!17147.00!9729.00!0.00!!!!!NOTCONNECT!!!NO!!!!
S!ASSEMBLY_TOP!1564 1!D16!D0805!!D0805!17175.00!9685.00!0.000!NO!LINE!17203.00!9641.00!17203.00!9729.00!0.00!!!!!NOTCONNECT!!!NO!!!!
S!ASSEMBLY_TOP!1565 1!D16!D0805!!D0805!17175.00!9685.00!0.000!NO!LINE!17147.00!9641.00!17203.00!9641.00!0.00!!!!!NOTCONNECT!!!NO!!!!
S!PLACE_BOUND_TOP!1569 1 0!D16!D0805!!D0805!17175.00!9685.00!0.000!NO!LINE!17125.00!9775.00!17225.00!9775.00!0.00!!!!!SHAPE!!!NO!!!!
S!PLACE_BOUND_TOP!1569 2 0!D16!D0805!!D0805!17175.00!9685.00!0.000!NO!LINE!17225.00!9775.00!17225.00!9595.00!0.00!!!!!SHAPE!!!NO!!!!
S!PLACE_BOUND_TOP!1569 3 0!D16!D0805!!D0805!17175.00!9685.00!0.000!NO!LINE!17225.00!9595.00!17125.00!9595.00!0.00!!!!!SHAPE!!!NO!!!!
S!PLACE_BOUND_TOP!1569 4 0!D16!D0805!!D0805!17175.00!9685.00!0.000!NO!LINE!17125.00!9595.00!17125.00!9775.00!0.00!!!!!SHAPE!!!NO!!!!
S!ASSEMBLY_TOP!1574 1!D5!D0805!!D0805!15090.00!8190.00!180.000!NO!LINE!15118.00!8146.00!15118.00!8234.00!0.00!!!!!NOTCONNECT!!!NO!!!!
S!ASSEMBLY_TOP!1575 1!D5!D0805!!D0805!15090.00!8190.00!180.000!NO!LINE!15062.00!8146.00!15118.00!8146.00!0.00!!!!!NOTCONNECT!!!NO!!!!
S!ASSEMBLY_TOP!1576 1!D5!D0805!!D0805!15090.00!8190.00!180.000!NO!LINE!15062.00!8234.00!15062.00!8146.00!0.00!!!!!NOTCONNECT!!!NO!!!!
S!ASSEMBLY_TOP!1577 1!D5!D0805!!D0805!15090.00!8190.00!180.000!NO!LINE!15118.00!8234.00!15062.00!8234.00!0.00!!!!!NOTCONNECT!!!NO!!!!
S!PLACE_BOUND_TOP!1581 1 0!D5!D0805!!D0805!15090.00!8190.00!180.000!NO!LINE!15140.00!8100.00!15040.00!8100.00!0.00!!!!!SHAPE!!!NO!!!!
S!PLACE_BOUND_TOP!1581 2 0!D5!D0805!!D0805!15090.00!8190.00!180.000!NO!LINE!15040.00!8100.00!15040.00!8280.00!0.00!!!!!SHAPE!!!NO!!!!
S!PLACE_BOUND_TOP!1581 3 0!D5!D0805!!D0805!15090.00!8190.00!180.000!NO!LINE!15040.00!8280.00!15140.00!8280.00!0.00!!!!!SHAPE!!!NO!!!!
S!PLACE_BOUND_TOP!1581 4 0!D5!D0805!!D0805!15090.00!8190.00!180.000!NO!LINE!15140.00!8280.00!15140.00!8100.00!0.00!!!!!SHAPE!!!NO!!!!
S!ASSEMBLY_TOP!1586 1!L1!RH127!!RH127!16605.00!8630.00!0.000!NO!LINE!16305.00!8385.00!16905.00!8385.00!0.00!!!!!NOTCONNECT!!!NO!!!!
S!ASSEMBLY_TOP!1586 2!L1!RH127!!RH127!16605.00!8630.00!0.000!NO!LINE!16905.00!8385.00!16905.00!8875.00!0.00!!!!!NOTCONNECT!!!NO!!!!
S!ASSEMBLY_TOP!1586 3!L1!RH127!!RH127!16605.00!8630.00!0.000!NO!LINE!16905.00!8875.00!16305.00!8875.00!0.00!!!!!NOTCONNECT!!!NO!!!!
S!ASSEMBLY_TOP!1586 4!L1!RH127!!RH127!16605.00!8630.00!0.000!NO!LINE!16305.00!8875.00!16305.00!8385.00!0.00!!!!!NOTCONNECT!!!NO!!!!
S!PLACE_BOUND_TOP!1588 1!L1!RH127!!RH127!16605.00!8630.00!0.000!NO!RECTANGLE!16270.00!8385.00!16940.00!8875.00!1!!!!!!!!NO!!!!
S!ASSEMBLY_TOP!1592 1!D6!SS34!!SS34!16110.00!8040.00!90.000!NO!LINE!16235.00!7900.00!16235.00!8180.00!0.00!!!!!NOTCONNECT!!!NO!!!!
S!ASSEMBLY_TOP!1592 2!D6!SS34!!SS34!16110.00!8040.00!90.000!NO!LINE!16235.00!8180.00!15985.00!8180.00!0.00!!!!!NOTCONNECT!!!NO!!!!
S!ASSEMBLY_TOP!1592 3!D6!SS34!!SS34!16110.00!8040.00!90.000!NO!LINE!15985.00!8180.00!15985.00!7900.00!0.00!!!!!NOTCONNECT!!!NO!!!!
S!ASSEMBLY_TOP!1592 4!D6!SS34!!SS34!16110.00!8040.00!90.000!NO!LINE!15985.00!7900.00!16235.00!7900.00!0.00!!!!!NOTCONNECT!!!NO!!!!
S!PLACE_BOUND_TOP!1594 1 0!D6!SS34!!SS34!16110.00!8040.00!90.000!NO!LINE!16235.00!7770.00!16235.00!8310.00!0.00!!!!!SHAPE!!!NO!!!!
S!PLACE_BOUND_TOP!1594 2 0!D6!SS34!!SS34!16110.00!8040.00!90.000!NO!LINE!16235.00!8310.00!15985.00!8310.00!0.00!!!!!SHAPE!!!NO!!!!
S!PLACE_BOUND_TOP!1594 3 0!D6!SS34!!SS34!16110.00!8040.00!90.000!NO!LINE!15985.00!8310.00!15985.00!7770.00!0.00!!!!!SHAPE!!!NO!!!!
S!PLACE_BOUND_TOP!1594 4 0!D6!SS34!!SS34!16110.00!8040.00!90.000!NO!LINE!15985.00!7770.00!16235.00!7770.00!0.00!!!!!SHAPE!!!NO!!!!
S!ASSEMBLY_TOP!1598 1!U13!LM2576!!LM2576!15675.00!7800.00!90.000!NO!LINE!15887.00!7542.00!15887.00!8058.00!0.00!!!!!NOTCONNECT!!!NO!!!!
S!ASSEMBLY_TOP!1598 2!U13!LM2576!!LM2576!15675.00!7800.00!90.000!NO!LINE!15887.00!8058.00!15463.00!8058.00!0.00!!!!!NOTCONNECT!!!NO!!!!
S!ASSEMBLY_TOP!1598 3!U13!LM2576!!LM2576!15675.00!7800.00!90.000!NO!LINE!15463.00!8058.00!15463.00!7542.00!0.00!!!!!NOTCONNECT!!!NO!!!!
S!ASSEMBLY_TOP!1598 4!U13!LM2576!!LM2576!15675.00!7800.00!90.000!NO!LINE!15463.00!7542.00!15887.00!7542.00!0.00!!!!!NOTCONNECT!!!NO!!!!
S!PLACE_BOUND_TOP!1605 1!U13!LM2576!!LM2576!15675.00!7800.00!90.000!NO!LINE!15675.00!7506.00!15462.00!7506.00!0.00!!!!!NOTCONNECT!!!NO!!!!
S!PLACE_BOUND_TOP!1605 2!U13!LM2576!!LM2576!15675.00!7800.00!90.000!NO!LINE!15462.00!7506.00!15462.00!7581.00!0.00!!!!!NOTCONNECT!!!NO!!!!
S!PLACE_BOUND_TOP!1605 3!U13!LM2576!!LM2576!15675.00!7800.00!90.000!NO!LINE!15462.00!7581.00!15511.00!7581.00!0.00!!!!!NOTCONNECT!!!NO!!!!
S!PLACE_BOUND_TOP!1605 4!U13!LM2576!!LM2576!15675.00!7800.00!90.000!NO!LINE!15511.00!7581.00!15511.00!7796.00!0.00!!!!!NOTCONNECT!!!NO!!!!
S!PLACE_BOUND_TOP!1605 5!U13!LM2576!!LM2576!15675.00!7800.00!90.000!NO!LINE!15511.00!7796.00!15839.00!7796.00!0.00!!!!!NOTCONNECT!!!NO!!!!
S!PLACE_BOUND_TOP!1605 6!U13!LM2576!!LM2576!15675.00!7800.00!90.000!NO!LINE!15839.00!7796.00!15839.00!7581.00!0.00!!!!!NOTCONNECT!!!NO!!!!
S!PLACE_BOUND_TOP!1605 7!U13!LM2576!!LM2576!15675.00!7800.00!90.000!NO!LINE!15839.00!7581.00!15888.00!7581.00!0.00!!!!!NOTCONNECT!!!NO!!!!
S!PLACE_BOUND_TOP!1605 8!U13!LM2576!!LM2576!15675.00!7800.00!90.000!NO!LINE!15888.00!7581.00!15888.00!7506.00!0.00!!!!!NOTCONNECT!!!NO!!!!
S!PLACE_BOUND_TOP!1605 9!U13!LM2576!!LM2576!15675.00!7800.00!90.000!NO!LINE!15888.00!7506.00!15675.00!7506.00!0.00!!!!!NOTCONNECT!!!NO!!!!
S!PLACE_BOUND_TOP!1606 1 0!U13!LM2576!!LM2576!15675.00!7800.00!90.000!NO!LINE!15887.00!7460.00!15887.00!8140.00!0.00!!!!!SHAPE!!!NO!!!!
S!PLACE_BOUND_TOP!1606 2 0!U13!LM2576!!LM2576!15675.00!7800.00!90.000!NO!LINE!15887.00!8140.00!15463.00!8140.00!0.00!!!!!SHAPE!!!NO!!!!
S!PLACE_BOUND_TOP!1606 3 0!U13!LM2576!!LM2576!15675.00!7800.00!90.000!NO!LINE!15463.00!8140.00!15463.00!7460.00!0.00!!!!!SHAPE!!!NO!!!!
S!PLACE_BOUND_TOP!1606 4 0!U13!LM2576!!LM2576!15675.00!7800.00!90.000!NO!LINE!15463.00!7460.00!15887.00!7460.00!0.00!!!!!SHAPE!!!NO!!!!
S!ASSEMBLY_BOTTOM!1610 1!U12!CC1310CONNECTOR!!CC1310CONNECTOR!16000.00!7400.00!0.000!YES!LINE!17000.00!6500.00!15000.00!6500.00!0.00!!!!!NOTCONNECT!!!NO!!!!
S!ASSEMBLY_BOTTOM!1610 2!U12!CC1310CONNECTOR!!CC1310CONNECTOR!16000.00!7400.00!0.000!YES!LINE!15000.00!6500.00!15000.00!8300.00!0.00!!!!!NOTCONNECT!!!NO!!!!
S!ASSEMBLY_BOTTOM!1610 3!U12!CC1310CONNECTOR!!CC1310CONNECTOR!16000.00!7400.00!0.000!YES!LINE!15000.00!8300.00!17000.00!8300.00!0.00!!!!!NOTCONNECT!!!NO!!!!
S!ASSEMBLY_BOTTOM!1610 4!U12!CC1310CONNECTOR!!CC1310CONNECTOR!16000.00!7400.00!0.000!YES!LINE!17000.00!8300.00!17000.00!6500.00!0.00!!!!!NOTCONNECT!!!NO!!!!
S!PLACE_BOUND_BOTTOM!1612 1 0!U12!CC1310CONNECTOR!!CC1310CONNECTOR!16000.00!7400.00!0.000!YES!LINE!17000.00!6500.00!17000.00!8300.00!0.00!!!!!SHAPE!!!NO!!!!
S!PLACE_BOUND_BOTTOM!1612 2 0!U12!CC1310CONNECTOR!!CC1310CONNECTOR!16000.00!7400.00!0.000!YES!LINE!17000.00!8300.00!15000.00!8300.00!0.00!!!!!SHAPE!!!NO!!!!
S!PLACE_BOUND_BOTTOM!1612 3 0!U12!CC1310CONNECTOR!!CC1310CONNECTOR!16000.00!7400.00!0.000!YES!LINE!15000.00!8300.00!15000.00!6500.00!0.00!!!!!SHAPE!!!NO!!!!
S!PLACE_BOUND_BOTTOM!1612 4 0!U12!CC1310CONNECTOR!!CC1310CONNECTOR!16000.00!7400.00!0.000!YES!LINE!15000.00!6500.00!17000.00!6500.00!0.00!!!!!SHAPE!!!NO!!!!
