A!FILM_NAME!CLASS!SUBCLASS!ROTATION!OFFSET_X!OFFSET_Y!UNDEFINED_LINE_WIDTH!SHAPE_BOUNDING_BOX!PLOT_MODE!FILM_MIRRORED!FULL_CONTACT_THERMAL_RELIEFS!SUPPRESS_UNCONNECTED_PADS!DRAW_MISSING_PAD_APERTURES!USE_APERTURE_ROTATION!SUPPRESS_SHAPE_FILL!VECTOR_BASED_PAD_BEHAVIOR!
J!F:/CP_SMARTGARDEN/ORCAD/ALLEGRO/ALLEGRO/CC1310LAUNCHPAD1.brd!Jul 28 16:07:45 2016!34000.00!0.00!22000.00!0.00!2!mils!!!2!out of date!
S!TOP!ETCH!TOP!0!0.00!0.00!0.00!100.00!positive!no!no!no!no!no!no!yes!
S!TOP!PIN!TOP!0!0.00!0.00!0.00!100.00!positive!no!no!no!no!no!no!yes!
S!TOP!VIA CLASS!TOP!0!0.00!0.00!0.00!100.00!positive!no!no!no!no!no!no!yes!
S!BOTTOM!ETCH!BOTTOM!0!0.00!0.00!0.00!100.00!positive!no!no!no!no!no!no!yes!
S!BOTTOM!PIN!BOTTOM!0!0.00!0.00!0.00!100.00!positive!no!no!no!no!no!no!yes!
S!BOTTOM!VIA CLASS!BOTTOM!0!0.00!0.00!0.00!100.00!positive!no!no!no!no!no!no!yes!
S!SDM_TOP!VIA CLASS!SOLDERMASK_TOP!0!0.00!0.00!0.00!100.00!positive!no!no!no!no!no!no!yes!
S!SDM_TOP!PIN!SOLDERMASK_TOP!0!0.00!0.00!0.00!100.00!positive!no!no!no!no!no!no!yes!
S!SDM_TOP!PACKAGE GEOMETRY!SOLDERMASK_TOP!0!0.00!0.00!0.00!100.00!positive!no!no!no!no!no!no!yes!
S!SDM_TOP!DRC ERROR CLASS!SOLDERMASK_TOP!0!0.00!0.00!0.00!100.00!positive!no!no!no!no!no!no!yes!
S!SDM_TOP!BOARD GEOMETRY!SOLDERMASK_TOP!0!0.00!0.00!0.00!100.00!positive!no!no!no!no!no!no!yes!
S!SDM_BOTTOM!VIA CLASS!SOLDERMASK_BOTTOM!0!0.00!0.00!0.00!100.00!positive!no!no!no!no!no!no!yes!
S!SDM_BOTTOM!PIN!SOLDERMASK_BOTTOM!0!0.00!0.00!0.00!100.00!positive!no!no!no!no!no!no!yes!
S!SDM_BOTTOM!PACKAGE GEOMETRY!SOLDERMASK_BOTTOM!0!0.00!0.00!0.00!100.00!positive!no!no!no!no!no!no!yes!
S!SDM_BOTTOM!DRC ERROR CLASS!SOLDERMASK_BOTTOM!0!0.00!0.00!0.00!100.00!positive!no!no!no!no!no!no!yes!
S!SDM_BOTTOM!BOARD GEOMETRY!SOLDERMASK_BOTTOM!0!0.00!0.00!0.00!100.00!positive!no!no!no!no!no!no!yes!
S!SILK_SCREEN_TOP!USER PART NUMBER!SILKSCREEN_TOP!0!0.00!0.00!0.00!100.00!positive!no!no!no!no!no!no!yes!
S!SILK_SCREEN_TOP!TOLERANCE!SILKSCREEN_TOP!0!0.00!0.00!0.00!100.00!positive!no!no!no!no!no!no!yes!
S!SILK_SCREEN_TOP!REF DES!SILKSCREEN_TOP!0!0.00!0.00!0.00!100.00!positive!no!no!no!no!no!no!yes!
S!SILK_SCREEN_TOP!PACKAGE GEOMETRY!SILKSCREEN_TOP!0!0.00!0.00!0.00!100.00!positive!no!no!no!no!no!no!yes!
S!SILK_SCREEN_TOP!DEVICE TYPE!SILKSCREEN_TOP!0!0.00!0.00!0.00!100.00!positive!no!no!no!no!no!no!yes!
S!SILK_SCREEN_TOP!COMPONENT VALUE!SILKSCREEN_TOP!0!0.00!0.00!0.00!100.00!positive!no!no!no!no!no!no!yes!
S!SILK_SCREEN_TOP!BOARD GEOMETRY!SILKSCREEN_TOP!0!0.00!0.00!0.00!100.00!positive!no!no!no!no!no!no!yes!
S!SILK_SCREEN_BOTTOM!USER PART NUMBER!SILKSCREEN_BOTTOM!0!0.00!0.00!0.00!100.00!positive!no!no!no!no!no!no!yes!
S!SILK_SCREEN_BOTTOM!TOLERANCE!SILKSCREEN_BOTTOM!0!0.00!0.00!0.00!100.00!positive!no!no!no!no!no!no!yes!
S!SILK_SCREEN_BOTTOM!REF DES!SILKSCREEN_BOTTOM!0!0.00!0.00!0.00!100.00!positive!no!no!no!no!no!no!yes!
S!SILK_SCREEN_BOTTOM!PACKAGE GEOMETRY!SILKSCREEN_BOTTOM!0!0.00!0.00!0.00!100.00!positive!no!no!no!no!no!no!yes!
S!SILK_SCREEN_BOTTOM!DEVICE TYPE!SILKSCREEN_BOTTOM!0!0.00!0.00!0.00!100.00!positive!no!no!no!no!no!no!yes!
S!SILK_SCREEN_BOTTOM!COMPONENT VALUE!SILKSCREEN_BOTTOM!0!0.00!0.00!0.00!100.00!positive!no!no!no!no!no!no!yes!
S!SILK_SCREEN_BOTTOM!BOARD GEOMETRY!SILKSCREEN_BOTTOM!0!0.00!0.00!0.00!100.00!positive!no!no!no!no!no!no!yes!
