(---------------------------------------------------------------------)
(                                                                     )
(    ARTWORK LOG                                                      )
(                                                                     )
(    Drawing          : CC1310LAUNCHPAD1.brd                          )
(    Software Version : 16.6P004                                      )
(    Date/Time        : Thu Jul 28 12:19:52 2016                      )
(                                                                     )
(---------------------------------------------------------------------)



 ******************************************
 WARNING: DRC OUT OF DATE on this layout.
 ******************************************

 ---- Photoplot outline rectangle not found ... using drawing extents



Results from parameter file ...
    DEVICE-TYPE           GERBER_RS274X
    OUTPUT-UNITS          INCHES
    FILM-SIZE             2400000 1600000
    FORMAT                2.5
    ABORT-ON-ERROR        NO
    SCALE                 1
    SUPPRESS-LEAD-ZEROES  YES
    SUPPRESS-TRAIL-ZEROES NO
    SUPPRESS-EQUAL        YES
    UNDEF-APT-CONT        NO


================================================================
     PROCESSING FILM < SDM_TOP >
     TO FILE < F:/CP_SMARTGARDEN/ORCAD/ALLEGRO/ALLEGRO/SDM_TOP.art > ...
================================================================

  FILM PARAMETERS :
  ---------------------------------------------------------
  Undefined line width                0.00
  Mirror code                         NONE
  Rotate angle                        NONE
  Offset x:                           0.00
  Offset y:                           0.00
  Plot negative                       NO
  Suppress unconnected internal pads  NO
  Draw holes only                     NO



  APERTURES USED:
  ---------------------------------------------------------
  TYPE       SIZE/NAME                   ROT   MIRROR MODE 
  ---------------------------------------------------------
  CIRCLE     0.00500                                  DARK 
  CIRCLE     0.00800                                  DARK 
  CIRCLE     0.02000                                  DARK 
  CIRCLE     0.06000                                  DARK 
  CIRCLE     0.08000                                  DARK 
  CIRCLE     0.10000                                  DARK 
  CIRCLE     0.11000                                  DARK 
  RECTANGLE  0.05000     x 0.06000       0.000 NO     DARK 
  RECTANGLE  0.05000     x 0.06000      90.000 NO     DARK 
  RECTANGLE  0.06000     x 0.02000       0.000 NO     DARK 
  RECTANGLE  0.06000     x 0.04000      90.000 NO     DARK 
  RECTANGLE  0.08500     x 0.04200      90.000 NO     DARK 
  RECTANGLE  0.12000     x 0.17000      90.000 NO     DARK 
  RECTANGLE  0.18000     x 0.13000      90.000 NO     DARK 
  RECTANGLE  0.20000     x 0.20000       0.000 NO     DARK 
  RECTANGLE  0.30000     x 0.25000       0.000 NO     DARK 

     SDM_TOP created with warnings


------------------------------------------------------
 SUMMARY:
        SDM_TOP created with warnings

 ARTWORK had warnings
