A!CLASS!REFDES!PIN_NUMBER!PAD_STACK_NAME!START_LAYER_NAME!END_LAYER_NAME!NET_NAME!PIN_X!PIN_Y!VIA_X!VIA_Y!DRILL_HOLE_TYPE!SLOT_SIZE_MAJOR!SLOT_SIZE_MINOR!SLOT_X!SLOT_Y!SLOT_ROTATION!SLOT_PLATING!DRILL_FIGURE_CHAR!DRILL_FIGURE_SHAPE!DRILL_FIGURE_WIDTH!DRILL_FIGURE_HEIGHT!DRILL_FIGURE_ROTATION!GRAPHIC_DATA_NAME!GRAPHIC_DATA_1!GRAPHIC_DATA_2!GRAPHIC_DATA_3!GRAPHIC_DATA_4!PIN_NUMBER_SORT!DRILL_ARRAY_LOCATIONS!COMP_PACKAGE!DRILL_HOLE_POSTOL!DRILL_HOLE_NEGTOL!BACKDRILL_TOP_LAYER!BACKDRILL_BOTTOM_LAYER!BACKDRILL_TOP_FROM!BACKDRILL_BOTTOM_FROM!
J!F:/CP_SMARTGARDEN/ORCAD/ALLEGRO/ALLEGRO/CC1310LAUNCHPAD2.brd!Fri Jul 29 09:52:39 2016!0.00!0.00!34000.00!22000.00!0.01!mils!CC1310LAUNCHPAD!10.400000 mil!2!OUT OF DATE!
S!PIN!U17!3!PAD100C60D!TOP!BOTTOM!GND!14902.00!8595.00!!!CIRCLE_DRILL!60.00!60.00!14902.00!8595.00!0.000!PLATED!n!CIRCLE!60.00!60.00!0.000!CIRCLE!14902.00!8595.00!130.00!130.00! 00000003!!DC002POWER!0.00!0.00!!!!!
S!PIN!U17!4!PAD100C60D!TOP!BOTTOM!N95463!15140.00!8595.00!!!CIRCLE_DRILL!60.00!60.00!15140.00!8595.00!0.000!PLATED!n!CIRCLE!60.00!60.00!0.000!CIRCLE!15140.00!8595.00!130.00!130.00! 00000004!!DC002POWER!0.00!0.00!!!!!
S!PIN!U17!5!PAD100C60D!TOP!BOTTOM!GND!15040.00!8435.00!!!CIRCLE_DRILL!60.00!60.00!15040.00!8435.00!0.000!PLATED!n!CIRCLE!60.00!60.00!0.000!CIRCLE!15040.00!8435.00!130.00!130.00! 00000005!!DC002POWER!0.00!0.00!!!!!
S!PIN!C9!1!SMD120REC170!TOP!TOP!5V!16510.00!8165.00!!!!!!!!!!!!!!!FIG_RECTANGLE!16510.00!8165.00!185.00!135.00! 00000001!!C2312!!!!!!!
S!PIN!C9!2!SMD120REC170!TOP!TOP!GND!16510.00!7865.00!!!!!!!!!!!!!!!FIG_RECTANGLE!16510.00!7865.00!185.00!135.00! 00000002!!C2312!!!!!!!
S!PIN!C8!1!SMD120REC170!TOP!TOP!N45592!15435.00!8525.00!!!!!!!!!!!!!!!FIG_RECTANGLE!15435.00!8525.00!185.00!135.00! 00000001!!C2312!!!!!!!
S!PIN!C8!2!SMD120REC170!TOP!TOP!GND!15435.00!8225.00!!!!!!!!!!!!!!!FIG_RECTANGLE!15435.00!8225.00!185.00!135.00! 00000002!!C2312!!!!!!!
S!PIN!U18!4!PAD60C40D!TOP!BOTTOM!GND!15675.00!8735.00!!!CIRCLE_DRILL!40.00!40.00!15675.00!8735.00!0.000!PLATED!n!CIRCLE!40.00!40.00!0.000!CIRCLE!15675.00!8735.00!80.00!80.00! 00000004!!USBFEMALE!0.00!0.00!!!!!
S!PIN!U18!3!PAD60C40D!TOP!BOTTOM!!15755.00!8735.00!!!CIRCLE_DRILL!40.00!40.00!15755.00!8735.00!0.000!PLATED!n!CIRCLE!40.00!40.00!0.000!CIRCLE!15755.00!8735.00!80.00!80.00! 00000003!!USBFEMALE!0.00!0.00!!!!!
S!PIN!U18!2!PAD60C40D!TOP!BOTTOM!!15835.00!8735.00!!!CIRCLE_DRILL!40.00!40.00!15835.00!8735.00!0.000!PLATED!n!CIRCLE!40.00!40.00!0.000!CIRCLE!15835.00!8735.00!80.00!80.00! 00000002!!USBFEMALE!0.00!0.00!!!!!
S!PIN!U18!1!PAD60C40D!TOP!BOTTOM!5V!15915.00!8735.00!!!CIRCLE_DRILL!40.00!40.00!15915.00!8735.00!0.000!PLATED!n!CIRCLE!40.00!40.00!0.000!CIRCLE!15915.00!8735.00!80.00!80.00! 00000001!!USBFEMALE!0.00!0.00!!!!!
S!PIN!U18!!PAD100C60D!TOP!BOTTOM!!15564.00!8842.00!!!CIRCLE_DRILL!60.00!60.00!15564.00!8842.00!0.000!PLATED!n!CIRCLE!60.00!60.00!0.000!CIRCLE!15564.00!8842.00!130.00!130.00!!!USBFEMALE!0.00!0.00!!!!!
S!PIN!U18!!PAD100C60D!TOP!BOTTOM!!16026.00!8842.00!!!CIRCLE_DRILL!60.00!60.00!16026.00!8842.00!0.000!PLATED!n!CIRCLE!60.00!60.00!0.000!CIRCLE!16026.00!8842.00!130.00!130.00!!!USBFEMALE!0.00!0.00!!!!!
S!PIN!LS6!4!PAD60C40D!TOP!BOTTOM!N47770!16420.00!6760.00!!!CIRCLE_DRILL!40.00!40.00!16420.00!6760.00!0.000!PLATED!n!CIRCLE!40.00!40.00!0.000!CIRCLE!16420.00!6760.00!80.00!80.00! 00000004!!HK33F!0.00!0.00!!!!!
S!PIN!LS6!1!PAD60C40D!TOP!BOTTOM!5V!16910.00!6760.00!!!CIRCLE_DRILL!40.00!40.00!16910.00!6760.00!0.000!PLATED!n!CIRCLE!40.00!40.00!0.000!CIRCLE!16910.00!6760.00!80.00!80.00! 00000001!!HK33F!0.00!0.00!!!!!
S!PIN!LS6!5!PAD60C40D!TOP!BOTTOM!N47740!16420.00!6280.00!!!CIRCLE_DRILL!40.00!40.00!16420.00!6280.00!0.000!PLATED!n!CIRCLE!40.00!40.00!0.000!CIRCLE!16420.00!6280.00!80.00!80.00! 00000005!!HK33F!0.00!0.00!!!!!
S!PIN!LS6!2!PAD60C40D!TOP!BOTTOM!N46052!16910.00!6280.00!!!CIRCLE_DRILL!40.00!40.00!16910.00!6280.00!0.000!PLATED!n!CIRCLE!40.00!40.00!0.000!CIRCLE!16910.00!6280.00!80.00!80.00! 00000002!!HK33F!0.00!0.00!!!!!
S!PIN!LS6!3!PAD60C40D!TOP!BOTTOM!N47728!16990.00!6520.00!!!CIRCLE_DRILL!40.00!40.00!16990.00!6520.00!0.000!PLATED!n!CIRCLE!40.00!40.00!0.000!CIRCLE!16990.00!6520.00!80.00!80.00! 00000003!!HK33F!0.00!0.00!!!!!
S!PIN!LS7!4!PAD60C40D!TOP!BOTTOM!N46098!18140.00!5965.00!!!CIRCLE_DRILL!40.00!40.00!18140.00!5965.00!0.000!PLATED!n!CIRCLE!40.00!40.00!0.000!CIRCLE!18140.00!5965.00!80.00!80.00! 00000004!!HK33F!0.00!0.00!!!!!
S!PIN!LS7!1!PAD60C40D!TOP!BOTTOM!5V!17650.00!5965.00!!!CIRCLE_DRILL!40.00!40.00!17650.00!5965.00!0.000!PLATED!n!CIRCLE!40.00!40.00!0.000!CIRCLE!17650.00!5965.00!80.00!80.00! 00000001!!HK33F!0.00!0.00!!!!!
S!PIN!LS7!5!PAD60C40D!TOP!BOTTOM!N46086!18140.00!6445.00!!!CIRCLE_DRILL!40.00!40.00!18140.00!6445.00!0.000!PLATED!n!CIRCLE!40.00!40.00!0.000!CIRCLE!18140.00!6445.00!80.00!80.00! 00000005!!HK33F!0.00!0.00!!!!!
S!PIN!LS7!2!PAD60C40D!TOP!BOTTOM!N46040!17650.00!6445.00!!!CIRCLE_DRILL!40.00!40.00!17650.00!6445.00!0.000!PLATED!n!CIRCLE!40.00!40.00!0.000!CIRCLE!17650.00!6445.00!80.00!80.00! 00000002!!HK33F!0.00!0.00!!!!!
S!PIN!LS7!3!PAD60C40D!TOP!BOTTOM!N46056!17570.00!6205.00!!!CIRCLE_DRILL!40.00!40.00!17570.00!6205.00!0.000!PLATED!n!CIRCLE!40.00!40.00!0.000!CIRCLE!17570.00!6205.00!80.00!80.00! 00000003!!HK33F!0.00!0.00!!!!!
S!PIN!LS4!4!PAD60C40D!TOP!BOTTOM!N47616!18140.00!6630.00!!!CIRCLE_DRILL!40.00!40.00!18140.00!6630.00!0.000!PLATED!n!CIRCLE!40.00!40.00!0.000!CIRCLE!18140.00!6630.00!80.00!80.00! 00000004!!HK33F!0.00!0.00!!!!!
S!PIN!LS4!1!PAD60C40D!TOP!BOTTOM!5V!17650.00!6630.00!!!CIRCLE_DRILL!40.00!40.00!17650.00!6630.00!0.000!PLATED!n!CIRCLE!40.00!40.00!0.000!CIRCLE!17650.00!6630.00!80.00!80.00! 00000001!!HK33F!0.00!0.00!!!!!
S!PIN!LS4!5!PAD60C40D!TOP!BOTTOM!N47604!18140.00!7110.00!!!CIRCLE_DRILL!40.00!40.00!18140.00!7110.00!0.000!PLATED!n!CIRCLE!40.00!40.00!0.000!CIRCLE!18140.00!7110.00!80.00!80.00! 00000005!!HK33F!0.00!0.00!!!!!
S!PIN!LS4!2!PAD60C40D!TOP!BOTTOM!N46172!17650.00!7110.00!!!CIRCLE_DRILL!40.00!40.00!17650.00!7110.00!0.000!PLATED!n!CIRCLE!40.00!40.00!0.000!CIRCLE!17650.00!7110.00!80.00!80.00! 00000002!!HK33F!0.00!0.00!!!!!
S!PIN!LS4!3!PAD60C40D!TOP!BOTTOM!N47574!17570.00!6870.00!!!CIRCLE_DRILL!40.00!40.00!17570.00!6870.00!0.000!PLATED!n!CIRCLE!40.00!40.00!0.000!CIRCLE!17570.00!6870.00!80.00!80.00! 00000003!!HK33F!0.00!0.00!!!!!
S!PIN!LS5!4!PAD60C40D!TOP!BOTTOM!N47550!18140.00!7290.00!!!CIRCLE_DRILL!40.00!40.00!18140.00!7290.00!0.000!PLATED!n!CIRCLE!40.00!40.00!0.000!CIRCLE!18140.00!7290.00!80.00!80.00! 00000004!!HK33F!0.00!0.00!!!!!
S!PIN!LS5!1!PAD60C40D!TOP!BOTTOM!5V!17650.00!7290.00!!!CIRCLE_DRILL!40.00!40.00!17650.00!7290.00!0.000!PLATED!n!CIRCLE!40.00!40.00!0.000!CIRCLE!17650.00!7290.00!80.00!80.00! 00000001!!HK33F!0.00!0.00!!!!!
S!PIN!LS5!5!PAD60C40D!TOP!BOTTOM!N47520!18140.00!7770.00!!!CIRCLE_DRILL!40.00!40.00!18140.00!7770.00!0.000!PLATED!n!CIRCLE!40.00!40.00!0.000!CIRCLE!18140.00!7770.00!80.00!80.00! 00000005!!HK33F!0.00!0.00!!!!!
S!PIN!LS5!2!PAD60C40D!TOP!BOTTOM!N46276!17650.00!7770.00!!!CIRCLE_DRILL!40.00!40.00!17650.00!7770.00!0.000!PLATED!n!CIRCLE!40.00!40.00!0.000!CIRCLE!17650.00!7770.00!80.00!80.00! 00000002!!HK33F!0.00!0.00!!!!!
S!PIN!LS5!3!PAD60C40D!TOP!BOTTOM!N47508!17570.00!7530.00!!!CIRCLE_DRILL!40.00!40.00!17570.00!7530.00!0.000!PLATED!n!CIRCLE!40.00!40.00!0.000!CIRCLE!17570.00!7530.00!80.00!80.00! 00000003!!HK33F!0.00!0.00!!!!!
S!PIN!LS1!4!PAD60C40D!TOP!BOTTOM!N47344!18140.00!7940.00!!!CIRCLE_DRILL!40.00!40.00!18140.00!7940.00!0.000!PLATED!n!CIRCLE!40.00!40.00!0.000!CIRCLE!18140.00!7940.00!80.00!80.00! 00000004!!HK33F!0.00!0.00!!!!!
S!PIN!LS1!1!PAD60C40D!TOP!BOTTOM!5V!17650.00!7940.00!!!CIRCLE_DRILL!40.00!40.00!17650.00!7940.00!0.000!PLATED!n!CIRCLE!40.00!40.00!0.000!CIRCLE!17650.00!7940.00!80.00!80.00! 00000001!!HK33F!0.00!0.00!!!!!
S!PIN!LS1!5!PAD60C40D!TOP!BOTTOM!N47328!18140.00!8420.00!!!CIRCLE_DRILL!40.00!40.00!18140.00!8420.00!0.000!PLATED!n!CIRCLE!40.00!40.00!0.000!CIRCLE!18140.00!8420.00!80.00!80.00! 00000005!!HK33F!0.00!0.00!!!!!
S!PIN!LS1!2!PAD60C40D!TOP!BOTTOM!N64930!17650.00!8420.00!!!CIRCLE_DRILL!40.00!40.00!17650.00!8420.00!0.000!PLATED!n!CIRCLE!40.00!40.00!0.000!CIRCLE!17650.00!8420.00!80.00!80.00! 00000002!!HK33F!0.00!0.00!!!!!
S!PIN!LS1!3!PAD60C40D!TOP!BOTTOM!N47294!17570.00!8180.00!!!CIRCLE_DRILL!40.00!40.00!17570.00!8180.00!0.000!PLATED!n!CIRCLE!40.00!40.00!0.000!CIRCLE!17570.00!8180.00!80.00!80.00! 00000003!!HK33F!0.00!0.00!!!!!
S!PIN!LS2!4!PAD60C40D!TOP!BOTTOM!N47410!18140.00!8595.00!!!CIRCLE_DRILL!40.00!40.00!18140.00!8595.00!0.000!PLATED!n!CIRCLE!40.00!40.00!0.000!CIRCLE!18140.00!8595.00!80.00!80.00! 00000004!!HK33F!0.00!0.00!!!!!
S!PIN!LS2!1!PAD60C40D!TOP!BOTTOM!5V!17650.00!8595.00!!!CIRCLE_DRILL!40.00!40.00!17650.00!8595.00!0.000!PLATED!n!CIRCLE!40.00!40.00!0.000!CIRCLE!17650.00!8595.00!80.00!80.00! 00000001!!HK33F!0.00!0.00!!!!!
S!PIN!LS2!5!PAD60C40D!TOP!BOTTOM!N47376!18140.00!9075.00!!!CIRCLE_DRILL!40.00!40.00!18140.00!9075.00!0.000!PLATED!n!CIRCLE!40.00!40.00!0.000!CIRCLE!18140.00!9075.00!80.00!80.00! 00000005!!HK33F!0.00!0.00!!!!!
S!PIN!LS2!2!PAD60C40D!TOP!BOTTOM!N45956!17650.00!9075.00!!!CIRCLE_DRILL!40.00!40.00!17650.00!9075.00!0.000!PLATED!n!CIRCLE!40.00!40.00!0.000!CIRCLE!17650.00!9075.00!80.00!80.00! 00000002!!HK33F!0.00!0.00!!!!!
S!PIN!LS2!3!PAD60C40D!TOP!BOTTOM!N47364!17570.00!8835.00!!!CIRCLE_DRILL!40.00!40.00!17570.00!8835.00!0.000!PLATED!n!CIRCLE!40.00!40.00!0.000!CIRCLE!17570.00!8835.00!80.00!80.00! 00000003!!HK33F!0.00!0.00!!!!!
S!PIN!LS3!4!PAD60C40D!TOP!BOTTOM!N47484!18140.00!9255.00!!!CIRCLE_DRILL!40.00!40.00!18140.00!9255.00!0.000!PLATED!n!CIRCLE!40.00!40.00!0.000!CIRCLE!18140.00!9255.00!80.00!80.00! 00000004!!HK33F!0.00!0.00!!!!!
S!PIN!LS3!1!PAD60C40D!TOP!BOTTOM!5V!17650.00!9255.00!!!CIRCLE_DRILL!40.00!40.00!17650.00!9255.00!0.000!PLATED!n!CIRCLE!40.00!40.00!0.000!CIRCLE!17650.00!9255.00!80.00!80.00! 00000001!!HK33F!0.00!0.00!!!!!
S!PIN!LS3!5!PAD60C40D!TOP!BOTTOM!N47472!18140.00!9735.00!!!CIRCLE_DRILL!40.00!40.00!18140.00!9735.00!0.000!PLATED!n!CIRCLE!40.00!40.00!0.000!CIRCLE!18140.00!9735.00!80.00!80.00! 00000005!!HK33F!0.00!0.00!!!!!
S!PIN!LS3!2!PAD60C40D!TOP!BOTTOM!N45960!17650.00!9735.00!!!CIRCLE_DRILL!40.00!40.00!17650.00!9735.00!0.000!PLATED!n!CIRCLE!40.00!40.00!0.000!CIRCLE!17650.00!9735.00!80.00!80.00! 00000002!!HK33F!0.00!0.00!!!!!
S!PIN!LS3!3!PAD60C40D!TOP!BOTTOM!N47434!17570.00!9495.00!!!CIRCLE_DRILL!40.00!40.00!17570.00!9495.00!0.000!PLATED!n!CIRCLE!40.00!40.00!0.000!CIRCLE!17570.00!9495.00!80.00!80.00! 00000003!!HK33F!0.00!0.00!!!!!
S!PIN!J10!1!PAD60C40D!TOP!BOTTOM!N47740!16909.00!6040.00!!!CIRCLE_DRILL!40.00!40.00!16909.00!6040.00!0.000!PLATED!n!CIRCLE!40.00!40.00!0.000!CIRCLE!16909.00!6040.00!80.00!80.00! 00000001!!KF3013P!0.00!0.00!!!!!
S!PIN!J10!2!PAD60C40D!TOP!BOTTOM!N47728!16710.00!6040.00!!!CIRCLE_DRILL!40.00!40.00!16710.00!6040.00!0.000!PLATED!n!CIRCLE!40.00!40.00!0.000!CIRCLE!16710.00!6040.00!80.00!80.00! 00000002!!KF3013P!0.00!0.00!!!!!
S!PIN!J10!3!PAD60C40D!TOP!BOTTOM!N47770!16511.00!6040.00!!!CIRCLE_DRILL!40.00!40.00!16511.00!6040.00!0.000!PLATED!n!CIRCLE!40.00!40.00!0.000!CIRCLE!16511.00!6040.00!80.00!80.00! 00000003!!KF3013P!0.00!0.00!!!!!
S!PIN!J11!1!PAD60C40D!TOP!BOTTOM!N46086!18505.00!6399.00!!!CIRCLE_DRILL!40.00!40.00!18505.00!6399.00!0.000!PLATED!n!CIRCLE!40.00!40.00!0.000!CIRCLE!18505.00!6399.00!80.00!80.00! 00000001!!KF3013P!0.00!0.00!!!!!
S!PIN!J11!2!PAD60C40D!TOP!BOTTOM!N46056!18505.00!6200.00!!!CIRCLE_DRILL!40.00!40.00!18505.00!6200.00!0.000!PLATED!n!CIRCLE!40.00!40.00!0.000!CIRCLE!18505.00!6200.00!80.00!80.00! 00000002!!KF3013P!0.00!0.00!!!!!
S!PIN!J11!3!PAD60C40D!TOP!BOTTOM!N46098!18505.00!6001.00!!!CIRCLE_DRILL!40.00!40.00!18505.00!6001.00!0.000!PLATED!n!CIRCLE!40.00!40.00!0.000!CIRCLE!18505.00!6001.00!80.00!80.00! 00000003!!KF3013P!0.00!0.00!!!!!
S!PIN!J8!1!PAD60C40D!TOP!BOTTOM!N47604!18500.00!7074.00!!!CIRCLE_DRILL!40.00!40.00!18500.00!7074.00!0.000!PLATED!n!CIRCLE!40.00!40.00!0.000!CIRCLE!18500.00!7074.00!80.00!80.00! 00000001!!KF3013P!0.00!0.00!!!!!
S!PIN!J8!2!PAD60C40D!TOP!BOTTOM!N47574!18500.00!6875.00!!!CIRCLE_DRILL!40.00!40.00!18500.00!6875.00!0.000!PLATED!n!CIRCLE!40.00!40.00!0.000!CIRCLE!18500.00!6875.00!80.00!80.00! 00000002!!KF3013P!0.00!0.00!!!!!
S!PIN!J8!3!PAD60C40D!TOP!BOTTOM!N47616!18500.00!6676.00!!!CIRCLE_DRILL!40.00!40.00!18500.00!6676.00!0.000!PLATED!n!CIRCLE!40.00!40.00!0.000!CIRCLE!18500.00!6676.00!80.00!80.00! 00000003!!KF3013P!0.00!0.00!!!!!
S!PIN!J7!1!PAD60C40D!TOP!BOTTOM!N47520!18495.00!7719.00!!!CIRCLE_DRILL!40.00!40.00!18495.00!7719.00!0.000!PLATED!n!CIRCLE!40.00!40.00!0.000!CIRCLE!18495.00!7719.00!80.00!80.00! 00000001!!KF3013P!0.00!0.00!!!!!
S!PIN!J7!2!PAD60C40D!TOP!BOTTOM!N47508!18495.00!7520.00!!!CIRCLE_DRILL!40.00!40.00!18495.00!7520.00!0.000!PLATED!n!CIRCLE!40.00!40.00!0.000!CIRCLE!18495.00!7520.00!80.00!80.00! 00000002!!KF3013P!0.00!0.00!!!!!
S!PIN!J7!3!PAD60C40D!TOP!BOTTOM!N47550!18495.00!7321.00!!!CIRCLE_DRILL!40.00!40.00!18495.00!7321.00!0.000!PLATED!n!CIRCLE!40.00!40.00!0.000!CIRCLE!18495.00!7321.00!80.00!80.00! 00000003!!KF3013P!0.00!0.00!!!!!
S!PIN!J4!1!PAD60C40D!TOP!BOTTOM!N47328!18505.00!8379.00!!!CIRCLE_DRILL!40.00!40.00!18505.00!8379.00!0.000!PLATED!n!CIRCLE!40.00!40.00!0.000!CIRCLE!18505.00!8379.00!80.00!80.00! 00000001!!KF3013P!0.00!0.00!!!!!
S!PIN!J4!2!PAD60C40D!TOP!BOTTOM!N47294!18505.00!8180.00!!!CIRCLE_DRILL!40.00!40.00!18505.00!8180.00!0.000!PLATED!n!CIRCLE!40.00!40.00!0.000!CIRCLE!18505.00!8180.00!80.00!80.00! 00000002!!KF3013P!0.00!0.00!!!!!
S!PIN!J4!3!PAD60C40D!TOP!BOTTOM!N47344!18505.00!7981.00!!!CIRCLE_DRILL!40.00!40.00!18505.00!7981.00!0.000!PLATED!n!CIRCLE!40.00!40.00!0.000!CIRCLE!18505.00!7981.00!80.00!80.00! 00000003!!KF3013P!0.00!0.00!!!!!
S!PIN!J5!1!PAD60C40D!TOP!BOTTOM!N47376!18500.00!9039.00!!!CIRCLE_DRILL!40.00!40.00!18500.00!9039.00!0.000!PLATED!n!CIRCLE!40.00!40.00!0.000!CIRCLE!18500.00!9039.00!80.00!80.00! 00000001!!KF3013P!0.00!0.00!!!!!
S!PIN!J5!2!PAD60C40D!TOP!BOTTOM!N47364!18500.00!8840.00!!!CIRCLE_DRILL!40.00!40.00!18500.00!8840.00!0.000!PLATED!n!CIRCLE!40.00!40.00!0.000!CIRCLE!18500.00!8840.00!80.00!80.00! 00000002!!KF3013P!0.00!0.00!!!!!
S!PIN!J5!3!PAD60C40D!TOP!BOTTOM!N47410!18500.00!8641.00!!!CIRCLE_DRILL!40.00!40.00!18500.00!8641.00!0.000!PLATED!n!CIRCLE!40.00!40.00!0.000!CIRCLE!18500.00!8641.00!80.00!80.00! 00000003!!KF3013P!0.00!0.00!!!!!
S!PIN!J6!1!PAD60C40D!TOP!BOTTOM!N47472!18500.00!9689.00!!!CIRCLE_DRILL!40.00!40.00!18500.00!9689.00!0.000!PLATED!n!CIRCLE!40.00!40.00!0.000!CIRCLE!18500.00!9689.00!80.00!80.00! 00000001!!KF3013P!0.00!0.00!!!!!
S!PIN!J6!2!PAD60C40D!TOP!BOTTOM!N47434!18500.00!9490.00!!!CIRCLE_DRILL!40.00!40.00!18500.00!9490.00!0.000!PLATED!n!CIRCLE!40.00!40.00!0.000!CIRCLE!18500.00!9490.00!80.00!80.00! 00000002!!KF3013P!0.00!0.00!!!!!
S!PIN!J6!3!PAD60C40D!TOP!BOTTOM!N47484!18500.00!9291.00!!!CIRCLE_DRILL!40.00!40.00!18500.00!9291.00!0.000!PLATED!n!CIRCLE!40.00!40.00!0.000!CIRCLE!18500.00!9291.00!80.00!80.00! 00000003!!KF3013P!0.00!0.00!!!!!
S!PIN!U25!1!SMD60REC40!TOP!TOP!N73669!16180.00!6783.00!!!!!!!!!!!!!!!FIG_RECTANGLE!16180.00!6783.00!60.00!80.00! 00000001!!PC817X2NIP0F!!!!!!!
S!PIN!U25!2!SMD60REC40!TOP!TOP!N74990!16080.00!6783.00!!!!!!!!!!!!!!!FIG_RECTANGLE!16080.00!6783.00!60.00!80.00! 00000002!!PC817X2NIP0F!!!!!!!
S!PIN!U25!3!SMD60REC40!TOP!TOP!N76655!16080.00!6387.00!!!!!!!!!!!!!!!FIG_RECTANGLE!16080.00!6387.00!60.00!80.00! 00000003!!PC817X2NIP0F!!!!!!!
S!PIN!U25!4!SMD60REC40!TOP!TOP!5V!16180.00!6387.00!!!!!!!!!!!!!!!FIG_RECTANGLE!16180.00!6387.00!60.00!80.00! 00000004!!PC817X2NIP0F!!!!!!!
S!PIN!U24!1!SMD60REC40!TOP!TOP!N73365!17400.00!6328.00!!!!!!!!!!!!!!!FIG_RECTANGLE!17400.00!6328.00!60.00!80.00! 00000001!!PC817X2NIP0F!!!!!!!
S!PIN!U24!2!SMD60REC40!TOP!TOP!N89401!17300.00!6328.00!!!!!!!!!!!!!!!FIG_RECTANGLE!17300.00!6328.00!60.00!80.00! 00000002!!PC817X2NIP0F!!!!!!!
S!PIN!U24!3!SMD60REC40!TOP!TOP!N76621!17300.00!5932.00!!!!!!!!!!!!!!!FIG_RECTANGLE!17300.00!5932.00!60.00!80.00! 00000003!!PC817X2NIP0F!!!!!!!
S!PIN!U24!4!SMD60REC40!TOP!TOP!5V!17400.00!5932.00!!!!!!!!!!!!!!!FIG_RECTANGLE!17400.00!5932.00!60.00!80.00! 00000004!!PC817X2NIP0F!!!!!!!
S!PIN!U23!1!SMD60REC40!TOP!TOP!N73065!17395.00!7003.00!!!!!!!!!!!!!!!FIG_RECTANGLE!17395.00!7003.00!60.00!80.00! 00000001!!PC817X2NIP0F!!!!!!!
S!PIN!U23!2!SMD60REC40!TOP!TOP!N89000!17295.00!7003.00!!!!!!!!!!!!!!!FIG_RECTANGLE!17295.00!7003.00!60.00!80.00! 00000002!!PC817X2NIP0F!!!!!!!
S!PIN!U23!3!SMD60REC40!TOP!TOP!N76587!17295.00!6607.00!!!!!!!!!!!!!!!FIG_RECTANGLE!17295.00!6607.00!60.00!80.00! 00000003!!PC817X2NIP0F!!!!!!!
S!PIN!U23!4!SMD60REC40!TOP!TOP!5V!17395.00!6607.00!!!!!!!!!!!!!!!FIG_RECTANGLE!17395.00!6607.00!60.00!80.00! 00000004!!PC817X2NIP0F!!!!!!!
S!PIN!U22!1!SMD60REC40!TOP!TOP!N72769!17405.00!7653.00!!!!!!!!!!!!!!!FIG_RECTANGLE!17405.00!7653.00!60.00!80.00! 00000001!!PC817X2NIP0F!!!!!!!
S!PIN!U22!2!SMD60REC40!TOP!TOP!N88579!17305.00!7653.00!!!!!!!!!!!!!!!FIG_RECTANGLE!17305.00!7653.00!60.00!80.00! 00000002!!PC817X2NIP0F!!!!!!!
S!PIN!U22!3!SMD60REC40!TOP!TOP!N76560!17305.00!7257.00!!!!!!!!!!!!!!!FIG_RECTANGLE!17305.00!7257.00!60.00!80.00! 00000003!!PC817X2NIP0F!!!!!!!
S!PIN!U22!4!SMD60REC40!TOP!TOP!5V!17405.00!7257.00!!!!!!!!!!!!!!!FIG_RECTANGLE!17405.00!7257.00!60.00!80.00! 00000004!!PC817X2NIP0F!!!!!!!
S!PIN!U21!1!SMD60REC40!TOP!TOP!N72485!17405.00!8303.00!!!!!!!!!!!!!!!FIG_RECTANGLE!17405.00!8303.00!60.00!80.00! 00000001!!PC817X2NIP0F!!!!!!!
S!PIN!U21!2!SMD60REC40!TOP!TOP!N87792!17305.00!8303.00!!!!!!!!!!!!!!!FIG_RECTANGLE!17305.00!8303.00!60.00!80.00! 00000002!!PC817X2NIP0F!!!!!!!
S!PIN!U21!3!SMD60REC40!TOP!TOP!N76545!17305.00!7907.00!!!!!!!!!!!!!!!FIG_RECTANGLE!17305.00!7907.00!60.00!80.00! 00000003!!PC817X2NIP0F!!!!!!!
S!PIN!U21!4!SMD60REC40!TOP!TOP!5V!17405.00!7907.00!!!!!!!!!!!!!!!FIG_RECTANGLE!17405.00!7907.00!60.00!80.00! 00000004!!PC817X2NIP0F!!!!!!!
S!PIN!U26!1!SMD60REC40!TOP!TOP!N90793!17400.00!8958.00!!!!!!!!!!!!!!!FIG_RECTANGLE!17400.00!8958.00!60.00!80.00! 00000001!!PC817X2NIP0F!!!!!!!
S!PIN!U26!2!SMD60REC40!TOP!TOP!N91085!17300.00!8958.00!!!!!!!!!!!!!!!FIG_RECTANGLE!17300.00!8958.00!60.00!80.00! 00000002!!PC817X2NIP0F!!!!!!!
S!PIN!U26!3!SMD60REC40!TOP!TOP!N91216!17300.00!8562.00!!!!!!!!!!!!!!!FIG_RECTANGLE!17300.00!8562.00!60.00!80.00! 00000003!!PC817X2NIP0F!!!!!!!
S!PIN!U26!4!SMD60REC40!TOP!TOP!5V!17400.00!8562.00!!!!!!!!!!!!!!!FIG_RECTANGLE!17400.00!8562.00!60.00!80.00! 00000004!!PC817X2NIP0F!!!!!!!
S!PIN!U27!1!SMD60REC40!TOP!TOP!N91679!17395.00!9623.00!!!!!!!!!!!!!!!FIG_RECTANGLE!17395.00!9623.00!60.00!80.00! 00000001!!PC817X2NIP0F!!!!!!!
S!PIN!U27!2!SMD60REC40!TOP!TOP!N91683!17295.00!9623.00!!!!!!!!!!!!!!!FIG_RECTANGLE!17295.00!9623.00!60.00!80.00! 00000002!!PC817X2NIP0F!!!!!!!
S!PIN!U27!3!SMD60REC40!TOP!TOP!N91836!17295.00!9227.00!!!!!!!!!!!!!!!FIG_RECTANGLE!17295.00!9227.00!60.00!80.00! 00000003!!PC817X2NIP0F!!!!!!!
S!PIN!U27!4!SMD60REC40!TOP!TOP!5V!17395.00!9227.00!!!!!!!!!!!!!!!FIG_RECTANGLE!17395.00!9227.00!60.00!80.00! 00000004!!PC817X2NIP0F!!!!!!!
S!PIN!U7!1!SMD60REC20!TOP!TOP!N91982!16317.00!7585.00!!!!!!!!!!!!!!!FIG_RECTANGLE!16317.00!7585.00!65.00!25.00! 00000001!!ULN2003A!!!!!!!
S!PIN!U7!2!SMD60REC20!TOP!TOP!N92057!16317.00!7535.00!!!!!!!!!!!!!!!FIG_RECTANGLE!16317.00!7535.00!65.00!25.00! 00000002!!ULN2003A!!!!!!!
S!PIN!U7!3!SMD60REC20!TOP!TOP!N91946!16317.00!7485.00!!!!!!!!!!!!!!!FIG_RECTANGLE!16317.00!7485.00!65.00!25.00! 00000003!!ULN2003A!!!!!!!
S!PIN!U7!4!SMD60REC20!TOP!TOP!N92026!16317.00!7435.00!!!!!!!!!!!!!!!FIG_RECTANGLE!16317.00!7435.00!65.00!25.00! 00000004!!ULN2003A!!!!!!!
S!PIN!U7!5!SMD60REC20!TOP!TOP!N101467!16317.00!7385.00!!!!!!!!!!!!!!!FIG_RECTANGLE!16317.00!7385.00!65.00!25.00! 00000005!!ULN2003A!!!!!!!
S!PIN!U7!6!SMD60REC20!TOP!TOP!N93563!16317.00!7335.00!!!!!!!!!!!!!!!FIG_RECTANGLE!16317.00!7335.00!65.00!25.00! 00000006!!ULN2003A!!!!!!!
S!PIN!U7!7!SMD60REC20!TOP!TOP!N93742!16317.00!7285.00!!!!!!!!!!!!!!!FIG_RECTANGLE!16317.00!7285.00!65.00!25.00! 00000007!!ULN2003A!!!!!!!
S!PIN!U7!8!SMD60REC20!TOP!TOP!GND!16317.00!7235.00!!!!!!!!!!!!!!!FIG_RECTANGLE!16317.00!7235.00!65.00!25.00! 00000008!!ULN2003A!!!!!!!
S!PIN!U7!9!SMD60REC20!TOP!TOP!5V!16533.00!7235.00!!!!!!!!!!!!!!!FIG_RECTANGLE!16533.00!7235.00!65.00!25.00! 00000009!!ULN2003A!!!!!!!
S!PIN!U7!10!SMD60REC20!TOP!TOP!N46052!16533.00!7285.00!!!!!!!!!!!!!!!FIG_RECTANGLE!16533.00!7285.00!65.00!25.00! 00000010!!ULN2003A!!!!!!!
S!PIN!U7!11!SMD60REC20!TOP!TOP!N46040!16533.00!7335.00!!!!!!!!!!!!!!!FIG_RECTANGLE!16533.00!7335.00!65.00!25.00! 00000011!!ULN2003A!!!!!!!
S!PIN!U7!12!SMD60REC20!TOP!TOP!N46172!16533.00!7385.00!!!!!!!!!!!!!!!FIG_RECTANGLE!16533.00!7385.00!65.00!25.00! 00000012!!ULN2003A!!!!!!!
S!PIN!U7!13!SMD60REC20!TOP!TOP!N46276!16533.00!7435.00!!!!!!!!!!!!!!!FIG_RECTANGLE!16533.00!7435.00!65.00!25.00! 00000013!!ULN2003A!!!!!!!
S!PIN!U7!14!SMD60REC20!TOP!TOP!N45960!16533.00!7485.00!!!!!!!!!!!!!!!FIG_RECTANGLE!16533.00!7485.00!65.00!25.00! 00000014!!ULN2003A!!!!!!!
S!PIN!U7!15!SMD60REC20!TOP!TOP!N45956!16533.00!7535.00!!!!!!!!!!!!!!!FIG_RECTANGLE!16533.00!7535.00!65.00!25.00! 00000015!!ULN2003A!!!!!!!
S!PIN!U7!16!SMD60REC20!TOP!TOP!N64930!16533.00!7585.00!!!!!!!!!!!!!!!FIG_RECTANGLE!16533.00!7585.00!65.00!25.00! 00000016!!ULN2003A!!!!!!!
S!PIN!U15!1!PAD60C40D!TOP!BOTTOM!5V!15535.00!7045.00!!!CIRCLE_DRILL!40.00!40.00!15535.00!7045.00!0.000!PLATED!n!CIRCLE!40.00!40.00!0.000!CIRCLE!15535.00!7045.00!80.00!80.00! 00000001!!LM35!0.00!0.00!!!!!
S!PIN!U15!2!PAD60C40D!TOP!BOTTOM!N47108!15535.00!6945.00!!!CIRCLE_DRILL!40.00!40.00!15535.00!6945.00!0.000!PLATED!n!CIRCLE!40.00!40.00!0.000!CIRCLE!15535.00!6945.00!80.00!80.00! 00000002!!LM35!0.00!0.00!!!!!
S!PIN!U15!3!PAD60C40D!TOP!BOTTOM!GND!15535.00!6845.00!!!CIRCLE_DRILL!40.00!40.00!15535.00!6845.00!0.000!PLATED!n!CIRCLE!40.00!40.00!0.000!CIRCLE!15535.00!6845.00!80.00!80.00! 00000003!!LM35!0.00!0.00!!!!!
S!PIN!U11!1!PAD60C40D!TOP!BOTTOM!GND!15700.00!6385.00!!!CIRCLE_DRILL!40.00!40.00!15700.00!6385.00!0.000!PLATED!n!CIRCLE!40.00!40.00!0.000!CIRCLE!15700.00!6385.00!80.00!80.00! 00000001!!PH!0.00!0.00!!!!!
S!PIN!U11!2!PAD60C40D!TOP!BOTTOM!5V!15800.00!6385.00!!!CIRCLE_DRILL!40.00!40.00!15800.00!6385.00!0.000!PLATED!n!CIRCLE!40.00!40.00!0.000!CIRCLE!15800.00!6385.00!80.00!80.00! 00000002!!PH!0.00!0.00!!!!!
S!PIN!U11!3!PAD60C40D!TOP!BOTTOM!N60071!15900.00!6385.00!!!CIRCLE_DRILL!40.00!40.00!15900.00!6385.00!0.000!PLATED!n!CIRCLE!40.00!40.00!0.000!CIRCLE!15900.00!6385.00!80.00!80.00! 00000003!!PH!0.00!0.00!!!!!
S!PIN!U16!1!PAD60C40D!TOP!BOTTOM!5V!15550.00!6385.00!!!CIRCLE_DRILL!40.00!40.00!15550.00!6385.00!0.000!PLATED!n!CIRCLE!40.00!40.00!0.000!CIRCLE!15550.00!6385.00!80.00!80.00! 00000001!!LM393!0.00!0.00!!!!!
S!PIN!U16!2!PAD60C40D!TOP!BOTTOM!GND!15450.00!6385.00!!!CIRCLE_DRILL!40.00!40.00!15450.00!6385.00!0.000!PLATED!n!CIRCLE!40.00!40.00!0.000!CIRCLE!15450.00!6385.00!80.00!80.00! 00000002!!LM393!0.00!0.00!!!!!
S!PIN!U16!3!PAD60C40D!TOP!BOTTOM!!15350.00!6385.00!!!CIRCLE_DRILL!40.00!40.00!15350.00!6385.00!0.000!PLATED!n!CIRCLE!40.00!40.00!0.000!CIRCLE!15350.00!6385.00!80.00!80.00! 00000003!!LM393!0.00!0.00!!!!!
S!PIN!U16!4!PAD60C40D!TOP!BOTTOM!N45888!15250.00!6385.00!!!CIRCLE_DRILL!40.00!40.00!15250.00!6385.00!0.000!PLATED!n!CIRCLE!40.00!40.00!0.000!CIRCLE!15250.00!6385.00!80.00!80.00! 00000004!!LM393!0.00!0.00!!!!!
S!PIN!U14!1!PAD60C40D!TOP!BOTTOM!5V!15095.00!6385.00!!!CIRCLE_DRILL!40.00!40.00!15095.00!6385.00!0.000!PLATED!n!CIRCLE!40.00!40.00!0.000!CIRCLE!15095.00!6385.00!80.00!80.00! 00000001!!LM393!0.00!0.00!!!!!
S!PIN!U14!2!PAD60C40D!TOP!BOTTOM!GND!14995.00!6385.00!!!CIRCLE_DRILL!40.00!40.00!14995.00!6385.00!0.000!PLATED!n!CIRCLE!40.00!40.00!0.000!CIRCLE!14995.00!6385.00!80.00!80.00! 00000002!!LM393!0.00!0.00!!!!!
S!PIN!U14!3!PAD60C40D!TOP!BOTTOM!!14895.00!6385.00!!!CIRCLE_DRILL!40.00!40.00!14895.00!6385.00!0.000!PLATED!n!CIRCLE!40.00!40.00!0.000!CIRCLE!14895.00!6385.00!80.00!80.00! 00000003!!LM393!0.00!0.00!!!!!
S!PIN!U14!4!PAD60C40D!TOP!BOTTOM!N59569!14795.00!6385.00!!!CIRCLE_DRILL!40.00!40.00!14795.00!6385.00!0.000!PLATED!n!CIRCLE!40.00!40.00!0.000!CIRCLE!14795.00!6385.00!80.00!80.00! 00000004!!LM393!0.00!0.00!!!!!
S!PIN!U10!1!PAD60C40D!TOP!BOTTOM!5V!14800.00!6555.00!!!CIRCLE_DRILL!40.00!40.00!14800.00!6555.00!0.000!PLATED!n!CIRCLE!40.00!40.00!0.000!CIRCLE!14800.00!6555.00!80.00!80.00! 00000001!!LM393!0.00!0.00!!!!!
S!PIN!U10!2!PAD60C40D!TOP!BOTTOM!GND!14800.00!6655.00!!!CIRCLE_DRILL!40.00!40.00!14800.00!6655.00!0.000!PLATED!n!CIRCLE!40.00!40.00!0.000!CIRCLE!14800.00!6655.00!80.00!80.00! 00000002!!LM393!0.00!0.00!!!!!
S!PIN!U10!3!PAD60C40D!TOP!BOTTOM!!14800.00!6755.00!!!CIRCLE_DRILL!40.00!40.00!14800.00!6755.00!0.000!PLATED!n!CIRCLE!40.00!40.00!0.000!CIRCLE!14800.00!6755.00!80.00!80.00! 00000003!!LM393!0.00!0.00!!!!!
S!PIN!U10!4!PAD60C40D!TOP!BOTTOM!N63732!14800.00!6855.00!!!CIRCLE_DRILL!40.00!40.00!14800.00!6855.00!0.000!PLATED!n!CIRCLE!40.00!40.00!0.000!CIRCLE!14800.00!6855.00!80.00!80.00! 00000004!!LM393!0.00!0.00!!!!!
S!PIN!U9!1!PAD60C40D!TOP!BOTTOM!3V3!14800.00!7390.00!!!CIRCLE_DRILL!40.00!40.00!14800.00!7390.00!0.000!PLATED!n!CIRCLE!40.00!40.00!0.000!CIRCLE!14800.00!7390.00!80.00!80.00! 00000001!!BH1750!0.00!0.00!!!!!
S!PIN!U9!2!PAD60C40D!TOP!BOTTOM!GND!14800.00!7290.00!!!CIRCLE_DRILL!40.00!40.00!14800.00!7290.00!0.000!PLATED!n!CIRCLE!40.00!40.00!0.000!CIRCLE!14800.00!7290.00!80.00!80.00! 00000002!!BH1750!0.00!0.00!!!!!
S!PIN!U9!3!PAD60C40D!TOP!BOTTOM!N45788!14800.00!7190.00!!!CIRCLE_DRILL!40.00!40.00!14800.00!7190.00!0.000!PLATED!n!CIRCLE!40.00!40.00!0.000!CIRCLE!14800.00!7190.00!80.00!80.00! 00000003!!BH1750!0.00!0.00!!!!!
S!PIN!U9!4!PAD60C40D!TOP!BOTTOM!N45822!14800.00!7090.00!!!CIRCLE_DRILL!40.00!40.00!14800.00!7090.00!0.000!PLATED!n!CIRCLE!40.00!40.00!0.000!CIRCLE!14800.00!7090.00!80.00!80.00! 00000004!!BH1750!0.00!0.00!!!!!
S!PIN!U9!5!PAD60C40D!TOP!BOTTOM!!14800.00!6990.00!!!CIRCLE_DRILL!40.00!40.00!14800.00!6990.00!0.000!PLATED!n!CIRCLE!40.00!40.00!0.000!CIRCLE!14800.00!6990.00!80.00!80.00! 00000005!!BH1750!0.00!0.00!!!!!
S!PIN!U29!7!PAD60C40D!TOP!BOTTOM!3V3!14800.00!8195.00!!!CIRCLE_DRILL!40.00!40.00!14800.00!8195.00!0.000!PLATED!n!CIRCLE!40.00!40.00!0.000!CIRCLE!14800.00!8195.00!80.00!80.00! 00000007!!HDC100X!0.00!0.00!!!!!
S!PIN!U29!6!PAD60C40D!TOP!BOTTOM!GND!14800.00!8095.00!!!CIRCLE_DRILL!40.00!40.00!14800.00!8095.00!0.000!PLATED!n!CIRCLE!40.00!40.00!0.000!CIRCLE!14800.00!8095.00!80.00!80.00! 00000006!!HDC100X!0.00!0.00!!!!!
S!PIN!U29!5!PAD60C40D!TOP!BOTTOM!N45788!14800.00!7995.00!!!CIRCLE_DRILL!40.00!40.00!14800.00!7995.00!0.000!PLATED!n!CIRCLE!40.00!40.00!0.000!CIRCLE!14800.00!7995.00!80.00!80.00! 00000005!!HDC100X!0.00!0.00!!!!!
S!PIN!U29!4!PAD60C40D!TOP!BOTTOM!N45822!14800.00!7895.00!!!CIRCLE_DRILL!40.00!40.00!14800.00!7895.00!0.000!PLATED!n!CIRCLE!40.00!40.00!0.000!CIRCLE!14800.00!7895.00!80.00!80.00! 00000004!!HDC100X!0.00!0.00!!!!!
S!PIN!U29!3!PAD60C40D!TOP!BOTTOM!!14800.00!7795.00!!!CIRCLE_DRILL!40.00!40.00!14800.00!7795.00!0.000!PLATED!n!CIRCLE!40.00!40.00!0.000!CIRCLE!14800.00!7795.00!80.00!80.00! 00000003!!HDC100X!0.00!0.00!!!!!
S!PIN!U29!2!PAD60C40D!TOP!BOTTOM!!14800.00!7695.00!!!CIRCLE_DRILL!40.00!40.00!14800.00!7695.00!0.000!PLATED!n!CIRCLE!40.00!40.00!0.000!CIRCLE!14800.00!7695.00!80.00!80.00! 00000002!!HDC100X!0.00!0.00!!!!!
S!PIN!U29!1!PAD60C40D!TOP!BOTTOM!!14800.00!7595.00!!!CIRCLE_DRILL!40.00!40.00!14800.00!7595.00!0.000!PLATED!n!CIRCLE!40.00!40.00!0.000!CIRCLE!14800.00!7595.00!80.00!80.00! 00000001!!HDC100X!0.00!0.00!!!!!
S!PIN!U28!1!PAD60C40D!TOP!BOTTOM!!14995.00!8896.00!!!CIRCLE_DRILL!40.00!40.00!14995.00!8896.00!0.000!PLATED!n!CIRCLE!40.00!40.00!0.000!CIRCLE!14995.00!8896.00!80.00!80.00! 00000001!!MSS-22D18!0.00!0.00!!!!!
S!PIN!U28!2!PAD60C40D!TOP!BOTTOM!N95463!15095.00!8896.00!!!CIRCLE_DRILL!40.00!40.00!15095.00!8896.00!0.000!PLATED!n!CIRCLE!40.00!40.00!0.000!CIRCLE!15095.00!8896.00!80.00!80.00! 00000002!!MSS-22D18!0.00!0.00!!!!!
S!PIN!U28!3!PAD60C40D!TOP!BOTTOM!N45592!15195.00!8896.00!!!CIRCLE_DRILL!40.00!40.00!15195.00!8896.00!0.000!PLATED!n!CIRCLE!40.00!40.00!0.000!CIRCLE!15195.00!8896.00!80.00!80.00! 00000003!!MSS-22D18!0.00!0.00!!!!!
S!PIN!U28!4!PAD60C40D!TOP!BOTTOM!N45592!15195.00!9034.00!!!CIRCLE_DRILL!40.00!40.00!15195.00!9034.00!0.000!PLATED!n!CIRCLE!40.00!40.00!0.000!CIRCLE!15195.00!9034.00!80.00!80.00! 00000004!!MSS-22D18!0.00!0.00!!!!!
S!PIN!U28!5!PAD60C40D!TOP!BOTTOM!N95463!15095.00!9034.00!!!CIRCLE_DRILL!40.00!40.00!15095.00!9034.00!0.000!PLATED!n!CIRCLE!40.00!40.00!0.000!CIRCLE!15095.00!9034.00!80.00!80.00! 00000005!!MSS-22D18!0.00!0.00!!!!!
S!PIN!U28!6!PAD60C40D!TOP!BOTTOM!!14995.00!9034.00!!!CIRCLE_DRILL!40.00!40.00!14995.00!9034.00!0.000!PLATED!n!CIRCLE!40.00!40.00!0.000!CIRCLE!14995.00!9034.00!80.00!80.00! 00000006!!MSS-22D18!0.00!0.00!!!!!
S!PIN!C2!2!R50X60!TOP!TOP!3V3!14910.00!8175.00!!!!!!!!!!!!!!!FIG_RECTANGLE!14910.00!8175.00!70.00!80.00! 00000002!!C0805!!!!!!!
S!PIN!C2!1!R50X60!TOP!TOP!GND!14910.00!8095.00!!!!!!!!!!!!!!!FIG_RECTANGLE!14910.00!8095.00!70.00!80.00! 00000001!!C0805!!!!!!!
S!PIN!C6!2!R50X60!TOP!TOP!5V!16130.00!7200.00!!!!!!!!!!!!!!!FIG_RECTANGLE!16130.00!7200.00!70.00!80.00! 00000002!!C0805!!!!!!!
S!PIN!C6!1!R50X60!TOP!TOP!GND!16130.00!7280.00!!!!!!!!!!!!!!!FIG_RECTANGLE!16130.00!7280.00!70.00!80.00! 00000001!!C0805!!!!!!!
S!PIN!C11!2!R50X60!TOP!TOP!GND!15480.00!7290.00!!!!!!!!!!!!!!!FIG_RECTANGLE!15480.00!7290.00!70.00!80.00! 00000002!!C0805!!!!!!!
S!PIN!C11!1!R50X60!TOP!TOP!5V!15480.00!7210.00!!!!!!!!!!!!!!!FIG_RECTANGLE!15480.00!7210.00!70.00!80.00! 00000001!!C0805!!!!!!!
S!PIN!C1!2!R50X60!TOP!TOP!5V!15390.00!6635.00!!!!!!!!!!!!!!!FIG_RECTANGLE!15390.00!6635.00!70.00!80.00! 00000002!!C0805!!!!!!!
S!PIN!C1!1!R50X60!TOP!TOP!GND!15390.00!6555.00!!!!!!!!!!!!!!!FIG_RECTANGLE!15390.00!6555.00!70.00!80.00! 00000001!!C0805!!!!!!!
S!PIN!C12!2!R50X60!TOP!TOP!GND!15215.00!6630.00!!!!!!!!!!!!!!!FIG_RECTANGLE!15215.00!6630.00!70.00!80.00! 00000002!!C0805!!!!!!!
S!PIN!C12!1!R50X60!TOP!TOP!5V!15215.00!6550.00!!!!!!!!!!!!!!!FIG_RECTANGLE!15215.00!6550.00!70.00!80.00! 00000001!!C0805!!!!!!!
S!PIN!C10!2!R50X60!TOP!TOP!GND!15065.00!6630.00!!!!!!!!!!!!!!!FIG_RECTANGLE!15065.00!6630.00!70.00!80.00! 00000002!!C0805!!!!!!!
S!PIN!C10!1!R50X60!TOP!TOP!5V!15065.00!6550.00!!!!!!!!!!!!!!!FIG_RECTANGLE!15065.00!6550.00!70.00!80.00! 00000001!!C0805!!!!!!!
S!PIN!C5!2!R50X60!TOP!TOP!GND!14935.00!6630.00!!!!!!!!!!!!!!!FIG_RECTANGLE!14935.00!6630.00!70.00!80.00! 00000002!!C0805!!!!!!!
S!PIN!C5!1!R50X60!TOP!TOP!5V!14935.00!6550.00!!!!!!!!!!!!!!!FIG_RECTANGLE!14935.00!6550.00!70.00!80.00! 00000001!!C0805!!!!!!!
S!PIN!C4!2!R50X60!TOP!TOP!GND!14935.00!7975.00!!!!!!!!!!!!!!!FIG_RECTANGLE!14935.00!7975.00!70.00!80.00! 00000002!!C0805!!!!!!!
S!PIN!C4!1!R50X60!TOP!TOP!3V3!14935.00!7895.00!!!!!!!!!!!!!!!FIG_RECTANGLE!14935.00!7895.00!70.00!80.00! 00000001!!C0805!!!!!!!
S!PIN!C3!2!R50X60!TOP!TOP!GND!16815.00!8220.00!!!!!!!!!!!!!!!FIG_RECTANGLE!16815.00!8220.00!70.00!80.00! 00000002!!C0805!!!!!!!
S!PIN!C3!1!R50X60!TOP!TOP!5V!16815.00!8300.00!!!!!!!!!!!!!!!FIG_RECTANGLE!16815.00!8300.00!70.00!80.00! 00000001!!C0805!!!!!!!
S!PIN!R16!2!R50X60!TOP!TOP!N73669!16335.00!6920.00!!!!!!!!!!!!!!!FIG_RECTANGLE!16335.00!6920.00!80.00!70.00! 00000002!!R0805!!!!!!!
S!PIN!R16!1!R50X60!TOP!TOP!5V!16415.00!6920.00!!!!!!!!!!!!!!!FIG_RECTANGLE!16415.00!6920.00!80.00!70.00! 00000001!!R0805!!!!!!!
S!PIN!R15!2!R50X60!TOP!TOP!N73365!17175.00!6230.00!!!!!!!!!!!!!!!FIG_RECTANGLE!17175.00!6230.00!70.00!80.00! 00000002!!R0805!!!!!!!
S!PIN!R15!1!R50X60!TOP!TOP!5V!17175.00!6150.00!!!!!!!!!!!!!!!FIG_RECTANGLE!17175.00!6150.00!70.00!80.00! 00000001!!R0805!!!!!!!
S!PIN!R23!2!R50X60!TOP!TOP!N93563!17175.00!5945.00!!!!!!!!!!!!!!!FIG_RECTANGLE!17175.00!5945.00!70.00!80.00! 00000002!!R0805!!!!!!!
S!PIN!R23!1!R50X60!TOP!TOP!N76621!17175.00!6025.00!!!!!!!!!!!!!!!FIG_RECTANGLE!17175.00!6025.00!70.00!80.00! 00000001!!R0805!!!!!!!
S!PIN!R24!2!R50X60!TOP!TOP!N93742!16175.00!6265.00!!!!!!!!!!!!!!!FIG_RECTANGLE!16175.00!6265.00!80.00!70.00! 00000002!!R0805!!!!!!!
S!PIN!R24!1!R50X60!TOP!TOP!N76655!16095.00!6265.00!!!!!!!!!!!!!!!FIG_RECTANGLE!16095.00!6265.00!80.00!70.00! 00000001!!R0805!!!!!!!
S!PIN!R14!2!R50X60!TOP!TOP!N73065!17180.00!6910.00!!!!!!!!!!!!!!!FIG_RECTANGLE!17180.00!6910.00!70.00!80.00! 00000002!!R0805!!!!!!!
S!PIN!R14!1!R50X60!TOP!TOP!5V!17180.00!6830.00!!!!!!!!!!!!!!!FIG_RECTANGLE!17180.00!6830.00!70.00!80.00! 00000001!!R0805!!!!!!!
S!PIN!R22!2!R50X60!TOP!TOP!N101467!17180.00!6635.00!!!!!!!!!!!!!!!FIG_RECTANGLE!17180.00!6635.00!70.00!80.00! 00000002!!R0805!!!!!!!
S!PIN!R22!1!R50X60!TOP!TOP!N76587!17180.00!6715.00!!!!!!!!!!!!!!!FIG_RECTANGLE!17180.00!6715.00!70.00!80.00! 00000001!!R0805!!!!!!!
S!PIN!R13!2!R50X60!TOP!TOP!N72769!17175.00!7540.00!!!!!!!!!!!!!!!FIG_RECTANGLE!17175.00!7540.00!70.00!80.00! 00000002!!R0805!!!!!!!
S!PIN!R13!1!R50X60!TOP!TOP!5V!17175.00!7460.00!!!!!!!!!!!!!!!FIG_RECTANGLE!17175.00!7460.00!70.00!80.00! 00000001!!R0805!!!!!!!
S!PIN!R21!2!R50X60!TOP!TOP!N92026!17175.00!7265.00!!!!!!!!!!!!!!!FIG_RECTANGLE!17175.00!7265.00!70.00!80.00! 00000002!!R0805!!!!!!!
S!PIN!R21!1!R50X60!TOP!TOP!N76560!17175.00!7345.00!!!!!!!!!!!!!!!FIG_RECTANGLE!17175.00!7345.00!70.00!80.00! 00000001!!R0805!!!!!!!
S!PIN!R12!2!R50X60!TOP!TOP!N72485!17175.00!8200.00!!!!!!!!!!!!!!!FIG_RECTANGLE!17175.00!8200.00!70.00!80.00! 00000002!!R0805!!!!!!!
S!PIN!R12!1!R50X60!TOP!TOP!5V!17175.00!8120.00!!!!!!!!!!!!!!!FIG_RECTANGLE!17175.00!8120.00!70.00!80.00! 00000001!!R0805!!!!!!!
S!PIN!R20!2!R50X60!TOP!TOP!N91982!17175.00!7920.00!!!!!!!!!!!!!!!FIG_RECTANGLE!17175.00!7920.00!70.00!80.00! 00000002!!R0805!!!!!!!
S!PIN!R20!1!R50X60!TOP!TOP!N76545!17175.00!8000.00!!!!!!!!!!!!!!!FIG_RECTANGLE!17175.00!8000.00!70.00!80.00! 00000001!!R0805!!!!!!!
S!PIN!R25!2!R50X60!TOP!TOP!N92057!17175.00!8575.00!!!!!!!!!!!!!!!FIG_RECTANGLE!17175.00!8575.00!70.00!80.00! 00000002!!R0805!!!!!!!
S!PIN!R25!1!R50X60!TOP!TOP!N91216!17175.00!8655.00!!!!!!!!!!!!!!!FIG_RECTANGLE!17175.00!8655.00!70.00!80.00! 00000001!!R0805!!!!!!!
S!PIN!R17!2!R50X60!TOP!TOP!N90793!17175.00!8855.00!!!!!!!!!!!!!!!FIG_RECTANGLE!17175.00!8855.00!70.00!80.00! 00000002!!R0805!!!!!!!
S!PIN!R17!1!R50X60!TOP!TOP!5V!17175.00!8775.00!!!!!!!!!!!!!!!FIG_RECTANGLE!17175.00!8775.00!70.00!80.00! 00000001!!R0805!!!!!!!
S!PIN!R26!2!R50X60!TOP!TOP!N91946!17175.00!9240.00!!!!!!!!!!!!!!!FIG_RECTANGLE!17175.00!9240.00!70.00!80.00! 00000002!!R0805!!!!!!!
S!PIN!R26!1!R50X60!TOP!TOP!N91836!17175.00!9320.00!!!!!!!!!!!!!!!FIG_RECTANGLE!17175.00!9320.00!70.00!80.00! 00000001!!R0805!!!!!!!
S!PIN!R18!2!R50X60!TOP!TOP!N91679!17175.00!9520.00!!!!!!!!!!!!!!!FIG_RECTANGLE!17175.00!9520.00!70.00!80.00! 00000002!!R0805!!!!!!!
S!PIN!R18!1!R50X60!TOP!TOP!5V!17175.00!9440.00!!!!!!!!!!!!!!!FIG_RECTANGLE!17175.00!9440.00!70.00!80.00! 00000001!!R0805!!!!!!!
S!PIN!R5!2!R50X60!TOP!TOP!N478560!15225.00!8230.00!!!!!!!!!!!!!!!FIG_RECTANGLE!15225.00!8230.00!70.00!80.00! 00000002!!R0805!!!!!!!
S!PIN!R5!1!R50X60!TOP!TOP!5V!15225.00!8150.00!!!!!!!!!!!!!!!FIG_RECTANGLE!15225.00!8150.00!70.00!80.00! 00000001!!R0805!!!!!!!
S!PIN!D14!2!R50X60!TOP!TOP!N74990!16175.00!7045.00!!!!!!!!!!!!!!!FIG_RECTANGLE!16175.00!7045.00!80.00!70.00! 00000002!!D0805!!!!!!!
S!PIN!D14!1!R50X60!TOP!TOP!N74994!16255.00!7045.00!!!!!!!!!!!!!!!FIG_RECTANGLE!16255.00!7045.00!80.00!70.00! 00000001!!D0805!!!!!!!
S!PIN!D13!2!R50X60!TOP!TOP!N89401!17175.00!6360.00!!!!!!!!!!!!!!!FIG_RECTANGLE!17175.00!6360.00!70.00!80.00! 00000002!!D0805!!!!!!!
S!PIN!D13!1!R50X60!TOP!TOP!N74952!17175.00!6440.00!!!!!!!!!!!!!!!FIG_RECTANGLE!17175.00!6440.00!70.00!80.00! 00000001!!D0805!!!!!!!
S!PIN!D12!2!R50X60!TOP!TOP!N89000!17175.00!7035.00!!!!!!!!!!!!!!!FIG_RECTANGLE!17175.00!7035.00!70.00!80.00! 00000002!!D0805!!!!!!!
S!PIN!D12!1!R50X60!TOP!TOP!N74907!17175.00!7115.00!!!!!!!!!!!!!!!FIG_RECTANGLE!17175.00!7115.00!70.00!80.00! 00000001!!D0805!!!!!!!
S!PIN!D11!2!R50X60!TOP!TOP!N88579!17175.00!7670.00!!!!!!!!!!!!!!!FIG_RECTANGLE!17175.00!7670.00!70.00!80.00! 00000002!!D0805!!!!!!!
S!PIN!D11!1!R50X60!TOP!TOP!N74854!17175.00!7750.00!!!!!!!!!!!!!!!FIG_RECTANGLE!17175.00!7750.00!70.00!80.00! 00000001!!D0805!!!!!!!
S!PIN!D1!2!R50X60!TOP!TOP!N87792!17175.00!8325.00!!!!!!!!!!!!!!!FIG_RECTANGLE!17175.00!8325.00!70.00!80.00! 00000002!!D0805!!!!!!!
S!PIN!D1!1!R50X60!TOP!TOP!N74807!17175.00!8405.00!!!!!!!!!!!!!!!FIG_RECTANGLE!17175.00!8405.00!70.00!80.00! 00000001!!D0805!!!!!!!
S!PIN!D15!2!R50X60!TOP!TOP!N91085!17175.00!8980.00!!!!!!!!!!!!!!!FIG_RECTANGLE!17175.00!8980.00!70.00!80.00! 00000002!!D0805!!!!!!!
S!PIN!D15!1!R50X60!TOP!TOP!N75036!17175.00!9060.00!!!!!!!!!!!!!!!FIG_RECTANGLE!17175.00!9060.00!70.00!80.00! 00000001!!D0805!!!!!!!
S!PIN!D16!2!R50X60!TOP!TOP!N91683!17175.00!9645.00!!!!!!!!!!!!!!!FIG_RECTANGLE!17175.00!9645.00!70.00!80.00! 00000002!!D0805!!!!!!!
S!PIN!D16!1!R50X60!TOP!TOP!N75078!17175.00!9725.00!!!!!!!!!!!!!!!FIG_RECTANGLE!17175.00!9725.00!70.00!80.00! 00000001!!D0805!!!!!!!
S!PIN!D5!2!R50X60!TOP!TOP!N478560!15090.00!8230.00!!!!!!!!!!!!!!!FIG_RECTANGLE!15090.00!8230.00!70.00!80.00! 00000002!!D0805!!!!!!!
S!PIN!D5!1!R50X60!TOP!TOP!GND!15090.00!8150.00!!!!!!!!!!!!!!!FIG_RECTANGLE!15090.00!8150.00!70.00!80.00! 00000001!!D0805!!!!!!!
S!PIN!L1!1!SMD200REC200!TOP!TOP!N45672!16360.00!8630.00!!!!!!!!!!!!!!!FIG_RECTANGLE!16360.00!8630.00!200.00!200.00! 00000001!!RH127!!!!!!!
S!PIN!L1!2!SMD200REC200!TOP!TOP!5V!16850.00!8630.00!!!!!!!!!!!!!!!FIG_RECTANGLE!16850.00!8630.00!200.00!200.00! 00000002!!RH127!!!!!!!
S!PIN!D6!1!SMD180REC130!TOP!TOP!GND!16110.00!7880.00!!!!!!!!!!!!!!!FIG_RECTANGLE!16110.00!7880.00!130.00!180.00! 00000001!!SS34!!!!!!!
S!PIN!D6!2!SMD180REC130!TOP!TOP!N45672!16110.00!8200.00!!!!!!!!!!!!!!!FIG_RECTANGLE!16110.00!8200.00!130.00!180.00! 00000002!!SS34!!!!!!!
S!PIN!U13!1!SMD85REC42!TOP!TOP!N45592!15809.00!8100.00!!!!!!!!!!!!!!!FIG_RECTANGLE!15809.00!8100.00!42.00!85.00! 00000001!!LM2576!!!!!!!
S!PIN!U13!2!SMD85REC42!TOP!TOP!N45672!15742.00!8100.00!!!!!!!!!!!!!!!FIG_RECTANGLE!15742.00!8100.00!42.00!85.00! 00000002!!LM2576!!!!!!!
S!PIN!U13!3!SMD85REC42!TOP!TOP!GND!15675.00!8100.00!!!!!!!!!!!!!!!FIG_RECTANGLE!15675.00!8100.00!42.00!85.00! 00000003!!LM2576!!!!!!!
S!PIN!U13!4!SMD85REC42!TOP!TOP!5V!15608.00!8100.00!!!!!!!!!!!!!!!FIG_RECTANGLE!15608.00!8100.00!42.00!85.00! 00000004!!LM2576!!!!!!!
S!PIN!U13!5!SMD85REC42!TOP!TOP!GND!15541.00!8100.00!!!!!!!!!!!!!!!FIG_RECTANGLE!15541.00!8100.00!42.00!85.00! 00000005!!LM2576!!!!!!!
S!PIN!U13!!SMD300REC250!TOP!TOP!!15675.00!7660.00!!!!!!!!!!!!!!!FIG_RECTANGLE!15675.00!7660.00!320.00!270.00!!!LM2576!!!!!!!
S!PIN!U12!20!PAD60C40D!TOP!BOTTOM!!16900.00!7850.00!!!CIRCLE_DRILL!40.00!40.00!16900.00!7850.00!0.000!PLATED!n!CIRCLE!40.00!40.00!0.000!CIRCLE!16900.00!7850.00!80.00!80.00! 00000020!!CC1310CONNECTOR!0.00!0.00!!!!!
S!PIN!U12!19!PAD60C40D!TOP!BOTTOM!!16900.00!7750.00!!!CIRCLE_DRILL!40.00!40.00!16900.00!7750.00!0.000!PLATED!n!CIRCLE!40.00!40.00!0.000!CIRCLE!16900.00!7750.00!80.00!80.00! 00000019!!CC1310CONNECTOR!0.00!0.00!!!!!
S!PIN!U12!18!PAD60C40D!TOP!BOTTOM!!16900.00!7650.00!!!CIRCLE_DRILL!40.00!40.00!16900.00!7650.00!0.000!PLATED!n!CIRCLE!40.00!40.00!0.000!CIRCLE!16900.00!7650.00!80.00!80.00! 00000018!!CC1310CONNECTOR!0.00!0.00!!!!!
S!PIN!U12!17!PAD60C40D!TOP!BOTTOM!!16900.00!7550.00!!!CIRCLE_DRILL!40.00!40.00!16900.00!7550.00!0.000!PLATED!n!CIRCLE!40.00!40.00!0.000!CIRCLE!16900.00!7550.00!80.00!80.00! 00000017!!CC1310CONNECTOR!0.00!0.00!!!!!
S!PIN!U12!16!PAD60C40D!TOP!BOTTOM!!16900.00!7450.00!!!CIRCLE_DRILL!40.00!40.00!16900.00!7450.00!0.000!PLATED!n!CIRCLE!40.00!40.00!0.000!CIRCLE!16900.00!7450.00!80.00!80.00! 00000016!!CC1310CONNECTOR!0.00!0.00!!!!!
S!PIN!U12!15!PAD60C40D!TOP!BOTTOM!N74807!16900.00!7350.00!!!CIRCLE_DRILL!40.00!40.00!16900.00!7350.00!0.000!PLATED!n!CIRCLE!40.00!40.00!0.000!CIRCLE!16900.00!7350.00!80.00!80.00! 00000015!!CC1310CONNECTOR!0.00!0.00!!!!!
S!PIN!U12!14!PAD60C40D!TOP!BOTTOM!N74854!16900.00!7250.00!!!CIRCLE_DRILL!40.00!40.00!16900.00!7250.00!0.000!PLATED!n!CIRCLE!40.00!40.00!0.000!CIRCLE!16900.00!7250.00!80.00!80.00! 00000014!!CC1310CONNECTOR!0.00!0.00!!!!!
S!PIN!U12!13!PAD60C40D!TOP!BOTTOM!N74907!16900.00!7150.00!!!CIRCLE_DRILL!40.00!40.00!16900.00!7150.00!0.000!PLATED!n!CIRCLE!40.00!40.00!0.000!CIRCLE!16900.00!7150.00!80.00!80.00! 00000013!!CC1310CONNECTOR!0.00!0.00!!!!!
S!PIN!U12!12!PAD60C40D!TOP!BOTTOM!N74952!16900.00!7050.00!!!CIRCLE_DRILL!40.00!40.00!16900.00!7050.00!0.000!PLATED!n!CIRCLE!40.00!40.00!0.000!CIRCLE!16900.00!7050.00!80.00!80.00! 00000012!!CC1310CONNECTOR!0.00!0.00!!!!!
S!PIN!U12!11!PAD60C40D!TOP!BOTTOM!N74994!16900.00!6950.00!!!CIRCLE_DRILL!40.00!40.00!16900.00!6950.00!0.000!PLATED!n!CIRCLE!40.00!40.00!0.000!CIRCLE!16900.00!6950.00!80.00!80.00! 00000011!!CC1310CONNECTOR!0.00!0.00!!!!!
S!PIN!U12!10!PAD60C40D!TOP!BOTTOM!N45822!15100.00!6950.00!!!CIRCLE_DRILL!40.00!40.00!15100.00!6950.00!0.000!PLATED!n!CIRCLE!40.00!40.00!0.000!CIRCLE!15100.00!6950.00!80.00!80.00! 00000010!!CC1310CONNECTOR!0.00!0.00!!!!!
S!PIN!U12!9!PAD60C40D!TOP!BOTTOM!N45788!15100.00!7050.00!!!CIRCLE_DRILL!40.00!40.00!15100.00!7050.00!0.000!PLATED!n!CIRCLE!40.00!40.00!0.000!CIRCLE!15100.00!7050.00!80.00!80.00! 00000009!!CC1310CONNECTOR!0.00!0.00!!!!!
S!PIN!U12!8!PAD60C40D!TOP!BOTTOM!!15100.00!7150.00!!!CIRCLE_DRILL!40.00!40.00!15100.00!7150.00!0.000!PLATED!n!CIRCLE!40.00!40.00!0.000!CIRCLE!15100.00!7150.00!80.00!80.00! 00000008!!CC1310CONNECTOR!0.00!0.00!!!!!
S!PIN!U12!7!PAD60C40D!TOP!BOTTOM!!15100.00!7250.00!!!CIRCLE_DRILL!40.00!40.00!15100.00!7250.00!0.000!PLATED!n!CIRCLE!40.00!40.00!0.000!CIRCLE!15100.00!7250.00!80.00!80.00! 00000007!!CC1310CONNECTOR!0.00!0.00!!!!!
S!PIN!U12!6!PAD60C40D!TOP!BOTTOM!!15100.00!7350.00!!!CIRCLE_DRILL!40.00!40.00!15100.00!7350.00!0.000!PLATED!n!CIRCLE!40.00!40.00!0.000!CIRCLE!15100.00!7350.00!80.00!80.00! 00000006!!CC1310CONNECTOR!0.00!0.00!!!!!
S!PIN!U12!5!PAD60C40D!TOP!BOTTOM!!15100.00!7450.00!!!CIRCLE_DRILL!40.00!40.00!15100.00!7450.00!0.000!PLATED!n!CIRCLE!40.00!40.00!0.000!CIRCLE!15100.00!7450.00!80.00!80.00! 00000005!!CC1310CONNECTOR!0.00!0.00!!!!!
S!PIN!U12!4!PAD60C40D!TOP!BOTTOM!!15100.00!7550.00!!!CIRCLE_DRILL!40.00!40.00!15100.00!7550.00!0.000!PLATED!n!CIRCLE!40.00!40.00!0.000!CIRCLE!15100.00!7550.00!80.00!80.00! 00000004!!CC1310CONNECTOR!0.00!0.00!!!!!
S!PIN!U12!3!PAD60C40D!TOP!BOTTOM!!15100.00!7650.00!!!CIRCLE_DRILL!40.00!40.00!15100.00!7650.00!0.000!PLATED!n!CIRCLE!40.00!40.00!0.000!CIRCLE!15100.00!7650.00!80.00!80.00! 00000003!!CC1310CONNECTOR!0.00!0.00!!!!!
S!PIN!U12!2!PAD60C40D!TOP!BOTTOM!!15100.00!7750.00!!!CIRCLE_DRILL!40.00!40.00!15100.00!7750.00!0.000!PLATED!n!CIRCLE!40.00!40.00!0.000!CIRCLE!15100.00!7750.00!80.00!80.00! 00000002!!CC1310CONNECTOR!0.00!0.00!!!!!
S!PIN!U12!1!PAD60C40D!TOP!BOTTOM!3V3!15100.00!7850.00!!!CIRCLE_DRILL!40.00!40.00!15100.00!7850.00!0.000!PLATED!n!CIRCLE!40.00!40.00!0.000!CIRCLE!15100.00!7850.00!80.00!80.00! 00000001!!CC1310CONNECTOR!0.00!0.00!!!!!
S!PIN!U12!31!PAD60C40D!TOP!BOTTOM!!16800.00!6950.00!!!CIRCLE_DRILL!40.00!40.00!16800.00!6950.00!0.000!PLATED!n!CIRCLE!40.00!40.00!0.000!CIRCLE!16800.00!6950.00!80.00!80.00! 00000031!!CC1310CONNECTOR!0.00!0.00!!!!!
S!PIN!U12!33!PAD60C40D!TOP!BOTTOM!!16800.00!7150.00!!!CIRCLE_DRILL!40.00!40.00!16800.00!7150.00!0.000!PLATED!n!CIRCLE!40.00!40.00!0.000!CIRCLE!16800.00!7150.00!80.00!80.00! 00000033!!CC1310CONNECTOR!0.00!0.00!!!!!
S!PIN!U12!32!PAD60C40D!TOP!BOTTOM!!16800.00!7050.00!!!CIRCLE_DRILL!40.00!40.00!16800.00!7050.00!0.000!PLATED!n!CIRCLE!40.00!40.00!0.000!CIRCLE!16800.00!7050.00!80.00!80.00! 00000032!!CC1310CONNECTOR!0.00!0.00!!!!!
S!PIN!U12!34!PAD60C40D!TOP!BOTTOM!!16800.00!7250.00!!!CIRCLE_DRILL!40.00!40.00!16800.00!7250.00!0.000!PLATED!n!CIRCLE!40.00!40.00!0.000!CIRCLE!16800.00!7250.00!80.00!80.00! 00000034!!CC1310CONNECTOR!0.00!0.00!!!!!
S!PIN!U12!35!PAD60C40D!TOP!BOTTOM!!16800.00!7350.00!!!CIRCLE_DRILL!40.00!40.00!16800.00!7350.00!0.000!PLATED!n!CIRCLE!40.00!40.00!0.000!CIRCLE!16800.00!7350.00!80.00!80.00! 00000035!!CC1310CONNECTOR!0.00!0.00!!!!!
S!PIN!U12!36!PAD60C40D!TOP!BOTTOM!!16800.00!7450.00!!!CIRCLE_DRILL!40.00!40.00!16800.00!7450.00!0.000!PLATED!n!CIRCLE!40.00!40.00!0.000!CIRCLE!16800.00!7450.00!80.00!80.00! 00000036!!CC1310CONNECTOR!0.00!0.00!!!!!
S!PIN!U12!37!PAD60C40D!TOP!BOTTOM!!16800.00!7550.00!!!CIRCLE_DRILL!40.00!40.00!16800.00!7550.00!0.000!PLATED!n!CIRCLE!40.00!40.00!0.000!CIRCLE!16800.00!7550.00!80.00!80.00! 00000037!!CC1310CONNECTOR!0.00!0.00!!!!!
S!PIN!U12!39!PAD60C40D!TOP!BOTTOM!N75078!16800.00!7750.00!!!CIRCLE_DRILL!40.00!40.00!16800.00!7750.00!0.000!PLATED!n!CIRCLE!40.00!40.00!0.000!CIRCLE!16800.00!7750.00!80.00!80.00! 00000039!!CC1310CONNECTOR!0.00!0.00!!!!!
S!PIN!U12!38!PAD60C40D!TOP!BOTTOM!!16800.00!7650.00!!!CIRCLE_DRILL!40.00!40.00!16800.00!7650.00!0.000!PLATED!n!CIRCLE!40.00!40.00!0.000!CIRCLE!16800.00!7650.00!80.00!80.00! 00000038!!CC1310CONNECTOR!0.00!0.00!!!!!
S!PIN!U12!40!PAD60C40D!TOP!BOTTOM!N75036!16800.00!7850.00!!!CIRCLE_DRILL!40.00!40.00!16800.00!7850.00!0.000!PLATED!n!CIRCLE!40.00!40.00!0.000!CIRCLE!16800.00!7850.00!80.00!80.00! 00000040!!CC1310CONNECTOR!0.00!0.00!!!!!
S!PIN!U12!30!PAD60C40D!TOP!BOTTOM!!15200.00!6950.00!!!CIRCLE_DRILL!40.00!40.00!15200.00!6950.00!0.000!PLATED!n!CIRCLE!40.00!40.00!0.000!CIRCLE!15200.00!6950.00!80.00!80.00! 00000030!!CC1310CONNECTOR!0.00!0.00!!!!!
S!PIN!U12!29!PAD60C40D!TOP!BOTTOM!!15200.00!7050.00!!!CIRCLE_DRILL!40.00!40.00!15200.00!7050.00!0.000!PLATED!n!CIRCLE!40.00!40.00!0.000!CIRCLE!15200.00!7050.00!80.00!80.00! 00000029!!CC1310CONNECTOR!0.00!0.00!!!!!
S!PIN!U12!28!PAD60C40D!TOP!BOTTOM!!15200.00!7150.00!!!CIRCLE_DRILL!40.00!40.00!15200.00!7150.00!0.000!PLATED!n!CIRCLE!40.00!40.00!0.000!CIRCLE!15200.00!7150.00!80.00!80.00! 00000028!!CC1310CONNECTOR!0.00!0.00!!!!!
S!PIN!U12!27!PAD60C40D!TOP!BOTTOM!N63732!15200.00!7250.00!!!CIRCLE_DRILL!40.00!40.00!15200.00!7250.00!0.000!PLATED!n!CIRCLE!40.00!40.00!0.000!CIRCLE!15200.00!7250.00!80.00!80.00! 00000027!!CC1310CONNECTOR!0.00!0.00!!!!!
S!PIN!U12!26!PAD60C40D!TOP!BOTTOM!N59569!15200.00!7350.00!!!CIRCLE_DRILL!40.00!40.00!15200.00!7350.00!0.000!PLATED!n!CIRCLE!40.00!40.00!0.000!CIRCLE!15200.00!7350.00!80.00!80.00! 00000026!!CC1310CONNECTOR!0.00!0.00!!!!!
S!PIN!U12!25!PAD60C40D!TOP!BOTTOM!N45888!15200.00!7450.00!!!CIRCLE_DRILL!40.00!40.00!15200.00!7450.00!0.000!PLATED!n!CIRCLE!40.00!40.00!0.000!CIRCLE!15200.00!7450.00!80.00!80.00! 00000025!!CC1310CONNECTOR!0.00!0.00!!!!!
S!PIN!U12!24!PAD60C40D!TOP!BOTTOM!N60071!15200.00!7550.00!!!CIRCLE_DRILL!40.00!40.00!15200.00!7550.00!0.000!PLATED!n!CIRCLE!40.00!40.00!0.000!CIRCLE!15200.00!7550.00!80.00!80.00! 00000024!!CC1310CONNECTOR!0.00!0.00!!!!!
S!PIN!U12!23!PAD60C40D!TOP!BOTTOM!N47108!15200.00!7650.00!!!CIRCLE_DRILL!40.00!40.00!15200.00!7650.00!0.000!PLATED!n!CIRCLE!40.00!40.00!0.000!CIRCLE!15200.00!7650.00!80.00!80.00! 00000023!!CC1310CONNECTOR!0.00!0.00!!!!!
S!PIN!U12!22!PAD60C40D!TOP!BOTTOM!!15200.00!7750.00!!!CIRCLE_DRILL!40.00!40.00!15200.00!7750.00!0.000!PLATED!n!CIRCLE!40.00!40.00!0.000!CIRCLE!15200.00!7750.00!80.00!80.00! 00000022!!CC1310CONNECTOR!0.00!0.00!!!!!
S!PIN!U12!21!PAD60C40D!TOP!BOTTOM!A!15200.00!7850.00!!!CIRCLE_DRILL!40.00!40.00!15200.00!7850.00!0.000!PLATED!n!CIRCLE!40.00!40.00!0.000!CIRCLE!15200.00!7850.00!80.00!80.00! 00000021!!CC1310CONNECTOR!0.00!0.00!!!!!
S!VIA CLASS!!!VIA26X40!TOP!BOTTOM!N101467!!!17090.00!6700.00!CIRCLE_DRILL!24.00!24.00!17090.00!6700.00!0.000!PLATED!k!TRIANGLE_1!60.00!60.00!0.000!CIRCLE!17090.00!6700.00!40.00!40.00!!!!0.00!0.00!!!!!
S!VIA CLASS!!!VIA26X40!TOP!BOTTOM!N101467!!!16395.00!7380.00!CIRCLE_DRILL!24.00!24.00!16395.00!7380.00!0.000!PLATED!k!TRIANGLE_1!60.00!60.00!0.000!CIRCLE!16395.00!7380.00!40.00!40.00!!!!0.00!0.00!!!!!
S!VIA CLASS!!!VIA26X40!TOP!BOTTOM!N93742!!!16245.00!6290.00!CIRCLE_DRILL!24.00!24.00!16245.00!6290.00!0.000!PLATED!k!TRIANGLE_1!60.00!60.00!0.000!CIRCLE!16245.00!6290.00!40.00!40.00!!!!0.00!0.00!!!!!
S!VIA CLASS!!!VIA26X40!TOP!BOTTOM!N93742!!!16245.00!7285.00!CIRCLE_DRILL!24.00!24.00!16245.00!7285.00!0.000!PLATED!k!TRIANGLE_1!60.00!60.00!0.000!CIRCLE!16245.00!7285.00!40.00!40.00!!!!0.00!0.00!!!!!
S!VIA CLASS!!!VIA26X40!TOP!BOTTOM!N64930!!!16533.00!7717.00!CIRCLE_DRILL!24.00!24.00!16533.00!7717.00!0.000!PLATED!k!TRIANGLE_1!60.00!60.00!0.000!CIRCLE!16533.00!7717.00!40.00!40.00!!!!0.00!0.00!!!!!
S!VIA CLASS!!!VIA26X40!TOP!BOTTOM!N64930!!!17575.00!8345.00!CIRCLE_DRILL!24.00!24.00!17575.00!8345.00!0.000!PLATED!k!TRIANGLE_1!60.00!60.00!0.000!CIRCLE!17575.00!8345.00!40.00!40.00!!!!0.00!0.00!!!!!
S!VIA CLASS!!!VIA26X40!TOP!BOTTOM!N46040!!!16690.00!7335.00!CIRCLE_DRILL!24.00!24.00!16690.00!7335.00!0.000!PLATED!k!TRIANGLE_1!60.00!60.00!0.000!CIRCLE!16690.00!7335.00!40.00!40.00!!!!0.00!0.00!!!!!
S!VIA CLASS!!!VIA26X40!TOP!BOTTOM!N46040!!!17790.00!6515.00!CIRCLE_DRILL!24.00!24.00!17790.00!6515.00!0.000!PLATED!k!TRIANGLE_1!60.00!60.00!0.000!CIRCLE!17790.00!6515.00!40.00!40.00!!!!0.00!0.00!!!!!
S!VIA CLASS!!!VIA26X40!TOP!BOTTOM!N46172!!!17650.00!7110.00!CIRCLE_DRILL!24.00!24.00!17650.00!7110.00!0.000!PLATED!k!TRIANGLE_1!60.00!60.00!0.000!CIRCLE!17650.00!7110.00!40.00!40.00!!!!0.00!0.00!!!!!
S!VIA CLASS!!!VIA26X40!TOP!BOTTOM!N46172!!!16650.00!7385.00!CIRCLE_DRILL!24.00!24.00!16650.00!7385.00!0.000!PLATED!k!TRIANGLE_1!60.00!60.00!0.000!CIRCLE!16650.00!7385.00!40.00!40.00!!!!0.00!0.00!!!!!
S!VIA CLASS!!!VIA26X40!TOP!BOTTOM!N46172!!!17725.00!7165.00!CIRCLE_DRILL!24.00!24.00!17725.00!7165.00!0.000!PLATED!k!TRIANGLE_1!60.00!60.00!0.000!CIRCLE!17725.00!7165.00!40.00!40.00!!!!0.00!0.00!!!!!
S!VIA CLASS!!!VIA26X40!TOP!BOTTOM!N45956!!!16615.00!7550.00!CIRCLE_DRILL!24.00!24.00!16615.00!7550.00!0.000!PLATED!k!TRIANGLE_1!60.00!60.00!0.000!CIRCLE!16615.00!7550.00!40.00!40.00!!!!0.00!0.00!!!!!
S!VIA CLASS!!!VIA26X40!TOP!BOTTOM!N45956!!!17765.00!9065.00!CIRCLE_DRILL!24.00!24.00!17765.00!9065.00!0.000!PLATED!k!TRIANGLE_1!60.00!60.00!0.000!CIRCLE!17765.00!9065.00!40.00!40.00!!!!0.00!0.00!!!!!
S!VIA CLASS!!!VIA26X40!TOP!BOTTOM!GND!!!15700.00!8010.00!CIRCLE_DRILL!24.00!24.00!15700.00!8010.00!0.000!PLATED!k!TRIANGLE_1!60.00!60.00!0.000!CIRCLE!15700.00!8010.00!40.00!40.00!!!!0.00!0.00!!!!!
S!VIA CLASS!!!VIA26X40!TOP!BOTTOM!GND!!!16000.00!7910.00!CIRCLE_DRILL!24.00!24.00!16000.00!7910.00!0.000!PLATED!k!TRIANGLE_1!60.00!60.00!0.000!CIRCLE!16000.00!7910.00!40.00!40.00!!!!0.00!0.00!!!!!
S!VIA CLASS!!!VIA26X40!TOP!BOTTOM!N74994!!!16900.00!6950.00!CIRCLE_DRILL!24.00!24.00!16900.00!6950.00!0.000!PLATED!k!TRIANGLE_1!60.00!60.00!0.000!CIRCLE!16900.00!6950.00!40.00!40.00!!!!0.00!0.00!!!!!
S!VIA CLASS!!!VIA26X40!TOP!BOTTOM!N46276!!!16640.00!7435.00!CIRCLE_DRILL!24.00!24.00!16640.00!7435.00!0.000!PLATED!k!TRIANGLE_1!60.00!60.00!0.000!CIRCLE!16640.00!7435.00!40.00!40.00!!!!0.00!0.00!!!!!
S!VIA CLASS!!!VIA26X40!TOP!BOTTOM!N46276!!!17695.00!7675.00!CIRCLE_DRILL!24.00!24.00!17695.00!7675.00!0.000!PLATED!k!TRIANGLE_1!60.00!60.00!0.000!CIRCLE!17695.00!7675.00!40.00!40.00!!!!0.00!0.00!!!!!
S!VIA CLASS!!!VIA26X40!TOP!BOTTOM!N45960!!!16625.00!7485.00!CIRCLE_DRILL!24.00!24.00!16625.00!7485.00!0.000!PLATED!k!TRIANGLE_1!60.00!60.00!0.000!CIRCLE!16625.00!7485.00!40.00!40.00!!!!0.00!0.00!!!!!
S!VIA CLASS!!!VIA26X40!TOP!BOTTOM!N45960!!!17810.00!9735.00!CIRCLE_DRILL!24.00!24.00!17810.00!9735.00!0.000!PLATED!k!TRIANGLE_1!60.00!60.00!0.000!CIRCLE!17810.00!9735.00!40.00!40.00!!!!0.00!0.00!!!!!
S!VIA CLASS!!!VIA26X40!TOP!BOTTOM!N93563!!!17095.00!5985.00!CIRCLE_DRILL!24.00!24.00!17095.00!5985.00!0.000!PLATED!k!TRIANGLE_1!60.00!60.00!0.000!CIRCLE!17095.00!5985.00!40.00!40.00!!!!0.00!0.00!!!!!
S!VIA CLASS!!!VIA26X40!TOP!BOTTOM!N93563!!!16395.00!7320.00!CIRCLE_DRILL!24.00!24.00!16395.00!7320.00!0.000!PLATED!k!TRIANGLE_1!60.00!60.00!0.000!CIRCLE!16395.00!7320.00!40.00!40.00!!!!0.00!0.00!!!!!
S!VIA CLASS!!!VIA26X40!TOP!BOTTOM!N92057!!!17095.00!8575.00!CIRCLE_DRILL!24.00!24.00!17095.00!8575.00!0.000!PLATED!k!TRIANGLE_1!60.00!60.00!0.000!CIRCLE!17095.00!8575.00!40.00!40.00!!!!0.00!0.00!!!!!
S!VIA CLASS!!!VIA26X40!TOP!BOTTOM!N92057!!!16210.00!7535.00!CIRCLE_DRILL!24.00!24.00!16210.00!7535.00!0.000!PLATED!k!TRIANGLE_1!60.00!60.00!0.000!CIRCLE!16210.00!7535.00!40.00!40.00!!!!0.00!0.00!!!!!
S!VIA CLASS!!!VIA26X40!TOP!BOTTOM!N92026!!!17085.00!7260.00!CIRCLE_DRILL!24.00!24.00!17085.00!7260.00!0.000!PLATED!k!TRIANGLE_1!60.00!60.00!0.000!CIRCLE!17085.00!7260.00!40.00!40.00!!!!0.00!0.00!!!!!
S!VIA CLASS!!!VIA26X40!TOP!BOTTOM!N92026!!!16395.00!7435.00!CIRCLE_DRILL!24.00!24.00!16395.00!7435.00!0.000!PLATED!k!TRIANGLE_1!60.00!60.00!0.000!CIRCLE!16395.00!7435.00!40.00!40.00!!!!0.00!0.00!!!!!
S!VIA CLASS!!!VIA26X40!TOP!BOTTOM!N91982!!!17080.00!8020.00!CIRCLE_DRILL!24.00!24.00!17080.00!8020.00!0.000!PLATED!k!TRIANGLE_1!60.00!60.00!0.000!CIRCLE!17080.00!8020.00!40.00!40.00!!!!0.00!0.00!!!!!
S!VIA CLASS!!!VIA26X40!TOP!BOTTOM!N91982!!!16230.00!7585.00!CIRCLE_DRILL!24.00!24.00!16230.00!7585.00!0.000!PLATED!k!TRIANGLE_1!60.00!60.00!0.000!CIRCLE!16230.00!7585.00!40.00!40.00!!!!0.00!0.00!!!!!
S!VIA CLASS!!!VIA26X40!TOP!BOTTOM!N91946!!!17060.00!9235.00!CIRCLE_DRILL!24.00!24.00!17060.00!9235.00!0.000!PLATED!k!TRIANGLE_1!60.00!60.00!0.000!CIRCLE!17060.00!9235.00!40.00!40.00!!!!0.00!0.00!!!!!
S!VIA CLASS!!!VIA26X40!TOP!BOTTOM!N91946!!!16204.47!7485.30!CIRCLE_DRILL!24.00!24.00!16204.47!7485.30!0.000!PLATED!k!TRIANGLE_1!60.00!60.00!0.000!CIRCLE!16204.47!7485.30!40.00!40.00!!!!0.00!0.00!!!!!
