(---------------------------------------------------------------------)
(                                                                     )
(    NC DRILL Log                                                     )
(                                                                     )
(    Drawing          : #Taaaaal57656.tmp                             )
(    Software Version : 16.6S019                                      )
(    Date/Time        : Thu Jan 21 09:47:29 2016                      )
(                                                                     )
(---------------------------------------------------------------------)



 Processing NC Parameters file 'nc_param.txt' ...

 NC PARAMETERS
 -------------

 FORMAT   		4.4
 MACHINE-OFFSET		x:0.000000	y:0.000000
 FEEDRATE		1
 COORDINATES		ABSOLUTE
 OUTPUT-UNITS		METRIC
 TOOL-ORDER		INCREASING
 REPEAT-CODES		YES
 SUPPRESS-LEAD-ZEROES	NO
 SUPPRESS-TRAIL-ZEROES	NO
 SUPPRESS-EQUAL		NO
 TOOL-SELECT		NO
 HEADER			none
 LEADER			12
 CODE			ASCII
 SEPARATE		YES
 SEPARATE-ROUTING	NO
 OPTIMIZE_DRILLING	NO
 ENHANCED_EXCELLON	NO
 SCALE			1.000000

 WARNING(SPMHMF-365): This design contains 2 slot holes that can NOT be drilled.
 WARNING(SPMHMF-366): They can be processed by NC routing instead.


 Drill files being output to directory 'C:/kht/work/CC1310_launchpad/LAUNCHPAD_CC1310_1_3_0/Cadence/Allegro/art' ...



     'LAUNCHXL-CC1310-1-4.drl' created for holes connecting TOP and BOTTOM ; Plating = PLATED
     ----------------------------------------------------------------------------------------

           Num     Size      +/- Tolerance     Plating   Quantity

            1.   0.2000    0.0000/  0.0000      PLATED        494
            2.   0.2010    0.0000/  0.0000      PLATED         28
            3.   1.0500    0.0000/  0.0000      PLATED         75
            4.   1.1000    0.0000/  0.0000      PLATED          1
            5.   3.2000    0.0000/  0.0000      PLATED          2

     ---- Total holes:                                        600

     ---- Total head travel:              17.79 feet (5.42 meters)




     'LAUNCHXL-CC1310-1-4-np.drl' created for holes connecting TOP and BOTTOM ; Plating = NON_PLATED
     -----------------------------------------------------------------------------------------------

           Num     Size      +/- Tolerance     Plating   Quantity

            1.   0.8990    0.0000/  0.0000  NON_PLATED          6
            2.   1.0010    0.0000/  0.0000  NON_PLATED          3
            3.   3.2000    0.0000/  0.0000  NON_PLATED          4

     ---- Total holes:                                         13

     ---- Total head travel:              1.11 feet (0.34 meters)

