{ Using PSTWRITER 16.6.0 d001Jul-22-2016 at 09:56:19 }

#1 ERROR(ORCAP-36002): Property "PCB Footprint" missing from instance J9: SCHEMATIC1, PAGE1 (14.40, 1.40).
#2 ERROR(ORCAP-36002): Property "PCB Footprint" missing from instance C12: SCHEMATIC1, PAGE1 (7.00, 10.60).
#3 ERROR(ORCAP-36002): Property "PCB Footprint" missing from instance D3: SCHEMATIC1, PAGE1 (18.40, 10.20).
#4 ERROR(ORCAP-36002): Property "PCB Footprint" missing from instance U11: SCHEMATIC1, PAGE1 (5.60, 8.90).
#5 ERROR(ORCAP-36002): Property "PCB Footprint" missing from instance C2: SCHEMATIC1, PAGE1 (7.00, 4.80).
#6 ERROR(ORCAP-36002): Property "PCB Footprint" missing from instance U12: SCHEMATIC1, PAGE1 (11.80, 5.80).
#7 ERROR(ORCAP-36002): Property "PCB Footprint" missing from instance R1: SCHEMATIC1, PAGE1 (18.30, 5.60).
#8 ERROR(ORCAP-36002): Property "PCB Footprint" missing from instance C3: SCHEMATIC1, PAGE1 (24.30, 0.90).
#9 ERROR(ORCAP-36002): Property "PCB Footprint" missing from instance U13: SCHEMATIC1, PAGE1 (16.20, 1.60).
#10 ERROR(ORCAP-36002): Property "PCB Footprint" missing from instance D5: SCHEMATIC1, PAGE1 (24.60, 2.70).
#11 ERROR(ORCAP-36002): Property "PCB Footprint" missing from instance R2: SCHEMATIC1, PAGE1 (18.30, 7.60).
#12 ERROR(ORCAP-36002): Property "PCB Footprint" missing from instance C4: SCHEMATIC1, PAGE1 (7.00, 6.40).
#13 ERROR(ORCAP-36002): Property "PCB Footprint" missing from instance U14: SCHEMATIC1, PAGE1 (5.50, 1.30).
#14 ERROR(ORCAP-36002): Property "PCB Footprint" missing from instance D6: SCHEMATIC1, PAGE1 (19.30, 2.20).
#15 ERROR(ORCAP-36002): Property "PCB Footprint" missing from instance R3: SCHEMATIC1, PAGE1 (18.40, 9.70).
#16 ERROR(ORCAP-36002): Property "PCB Footprint" missing from instance C5: SCHEMATIC1, PAGE1 (7.00, 7.60).
#17 ERROR(ORCAP-36002): Property "PCB Footprint" missing from instance U15: SCHEMATIC1, PAGE1 (5.60, 3.10).
#18 ERROR(ORCAP-36002): Property "PCB Footprint" missing from instance D7: SCHEMATIC1, PAGE1 (18.40, 14.40).
#19 ERROR(ORCAP-36002): Property "PCB Footprint" missing from instance U7: SCHEMATIC1, PAGE1 (16.00, 6.50).
#20 ERROR(ORCAP-36002): Property "PCB Footprint" missing from instance C6: SCHEMATIC1, PAGE1 (15.90, 8.20).
#21 ERROR(ORCAP-36002): Property "PCB Footprint" missing from instance J10: SCHEMATIC1, PAGE1 (20.10, 16.10).
#22 ERROR(ORCAP-36002): Property "PCB Footprint" missing from instance U16: SCHEMATIC1, PAGE1 (5.60, 10.60).
#23 ERROR(ORCAP-36002): Property "PCB Footprint" missing from instance D8: SCHEMATIC1, PAGE1 (18.60, 12.40).
#24 ERROR(ORCAP-36002): Property "PCB Footprint" missing from instance R5: SCHEMATIC1, PAGE1 (24.60, 2.20).
#25 ERROR(ORCAP-36002): Property "PCB Footprint" missing from instance C7: SCHEMATIC1, PAGE1 (24.50, 0.50).
#26 ERROR(ORCAP-36002): Property "PCB Footprint" missing from instance U8: SCHEMATIC1, PAGE1 (5.60, 5.00).
#27 ERROR(ORCAP-36002): Property "PCB Footprint" missing from instance J11: SCHEMATIC1, PAGE1 (20.00, 17.70).
#28 ERROR(ORCAP-36002): Property "PCB Footprint" missing from instance D9: SCHEMATIC1, PAGE1 (18.10, 16.20).
#29 ERROR(ORCAP-36002): Property "PCB Footprint" missing from instance R6: SCHEMATIC1, PAGE1 (21.50, 1.60).
#30 ERROR(ORCAP-36002): Property "PCB Footprint" missing from instance C8: SCHEMATIC1, PAGE1 (16.10, 1.30).
#31 ERROR(ORCAP-36002): Property "PCB Footprint" missing from instance U9: SCHEMATIC1, PAGE1 (5.60, 6.40).
#32 ERROR(ORCAP-36002): Property "PCB Footprint" missing from instance R7: SCHEMATIC1, PAGE1 (18.40, 13.90).
#33 ERROR(ORCAP-36002): Property "PCB Footprint" missing from instance C9: SCHEMATIC1, PAGE1 (20.40, 2.20).
#34 ERROR(ORCAP-36002): Property "PCB Footprint" missing from instance L1: SCHEMATIC1, PAGE1 (19.80, 1.90).
#35 ERROR(ORCAP-36002): Property "PCB Footprint" missing from instance R8: SCHEMATIC1, PAGE1 (18.60, 11.90).
#36 ERROR(ORCAP-36002): Property "PCB Footprint" missing from instance LS1: SCHEMATIC1, PAGE1 (19.30, 6.10).
#37 ERROR(ORCAP-36002): Property "PCB Footprint" missing from instance R9: SCHEMATIC1, PAGE1 (21.50, 2.20).
#38 ERROR(ORCAP-36002): Property "PCB Footprint" missing from instance LS2: SCHEMATIC1, PAGE1 (19.10, 8.10).
#39 ERROR(ORCAP-36002): Property "PCB Footprint" missing from instance LS3: SCHEMATIC1, PAGE1 (19.20, 10.20).
#40 ERROR(ORCAP-36002): Property "PCB Footprint" missing from instance LS4: SCHEMATIC1, PAGE1 (19.20, 14.40).
#41 ERROR(ORCAP-36002): Property "PCB Footprint" missing from instance J4: SCHEMATIC1, PAGE1 (20.50, 6.00).
#42 ERROR(ORCAP-36002): Property "PCB Footprint" missing from instance LS5: SCHEMATIC1, PAGE1 (19.40, 12.40).
#43 ERROR(ORCAP-36002): Property "PCB Footprint" missing from instance R10: SCHEMATIC1, PAGE1 (18.10, 15.70).
#44 ERROR(ORCAP-36002): Property "PCB Footprint" missing from instance LS6: SCHEMATIC1, PAGE1 (18.90, 16.20).
#45 ERROR(ORCAP-36002): Property "PCB Footprint" missing from instance J5: SCHEMATIC1, PAGE1 (20.70, 8.00).
#46 ERROR(ORCAP-36002): Property "PCB Footprint" missing from instance R11: SCHEMATIC1, PAGE1 (18.00, 17.30).
#47 ERROR(ORCAP-36002): Property "PCB Footprint" missing from instance LS7: SCHEMATIC1, PAGE1 (18.80, 17.80).
#48 ERROR(ORCAP-36002): Property "PCB Footprint" missing from instance J6: SCHEMATIC1, PAGE1 (20.40, 10.10).
#49 ERROR(ORCAP-36002): Property "PCB Footprint" missing from instance J7: SCHEMATIC1, PAGE1 (20.60, 12.30).
#50 ERROR(ORCAP-36002): Property "PCB Footprint" missing from instance C10: SCHEMATIC1, PAGE1 (6.90, 1.30).
#51 ERROR(ORCAP-36002): Property "PCB Footprint" missing from instance D1: SCHEMATIC1, PAGE1 (18.30, 6.10).
#52 ERROR(ORCAP-36002): Property "PCB Footprint" missing from instance D10: SCHEMATIC1, PAGE1 (18.00, 17.80).
#53 ERROR(ORCAP-36002): Property "PCB Footprint" missing from instance J8: SCHEMATIC1, PAGE1 (20.40, 14.30).
#54 ERROR(ORCAP-36002): Property "PCB Footprint" missing from instance C11: SCHEMATIC1, PAGE1 (7.70, 3.10).
#55 ERROR(ORCAP-36002): Property "PCB Footprint" missing from instance D2: SCHEMATIC1, PAGE1 (18.30, 8.10).
#56 ERROR(ORCAP-36002): Property "PCB Footprint" missing from instance U10: SCHEMATIC1, PAGE1 (5.60, 7.60).
#57 ERROR(ORCAP-36002): Property "PCB Footprint" missing from instance C1: SCHEMATIC1, PAGE1 (7.00, 8.80).
#58 ERROR(ORCAP-36018): Aborting Netlisting... Please correct the above errors and retry.
